Starting job 9602668 on c5-60 on saga at Mon Oct 9 09:32:22 CEST 2023


Currently Loaded Modules:
  1) StdEnv                              (S)
  2) GCCcore/11.3.0
  3) zlib/1.2.12-GCCcore-11.3.0          (H)
  4) binutils/2.38-GCCcore-11.3.0        (H)
  5) GCC/11.3.0
  6) numactl/2.0.14-GCCcore-11.3.0       (H)
  7) XZ/5.2.5-GCCcore-11.3.0             (H)
  8) libxml2/2.9.13-GCCcore-11.3.0       (H)
  9) libpciaccess/0.16-GCCcore-11.3.0    (H)
 10) hwloc/2.7.1-GCCcore-11.3.0          (H)
 11) hpcx/2.14
 12) OpenMPI/4.1.4-GCC-11.3.0
 13) OpenBLAS/0.3.20-GCC-11.3.0
 14) FlexiBLAS/3.2.0-GCC-11.3.0
 15) FFTW/3.3.10-GCC-11.3.0
 16) gompi/2022a
 17) FFTW.MPI/3.3.10-gompi-2022a
 18) ScaLAPACK/2.2.0-gompi-2022a-fb
 19) foss/2022a
 20) bzip2/1.0.8-GCCcore-11.3.0          (H)
 21) expat/2.4.8-GCCcore-11.3.0          (H)
 22) libpng/1.6.37-GCCcore-11.3.0        (H)
 23) Brotli/1.0.9-GCCcore-11.3.0         (H)
 24) freetype/2.12.1-GCCcore-11.3.0      (H)
 25) ncurses/6.3-GCCcore-11.3.0          (H)
 26) util-linux/2.38-GCCcore-11.3.0      (H)
 27) fontconfig/2.14.0-GCCcore-11.3.0    (H)
 28) xorg-macros/1.19.3-GCCcore-11.3.0   (H)
 29) X11/20220504-GCCcore-11.3.0         (H)
 30) gzip/1.12-GCCcore-11.3.0            (H)
 31) lz4/1.9.3-GCCcore-11.3.0            (H)
 32) zstd/1.5.2-GCCcore-11.3.0           (H)
 33) libdrm/2.4.110-GCCcore-11.3.0       (H)
 34) libglvnd/1.4.0-GCCcore-11.3.0       (H)
 35) libunwind/1.6.2-GCCcore-11.3.0      (H)
 36) LLVM/14.0.3-GCCcore-11.3.0          (H)
 37) Mesa/22.0.3-GCCcore-11.3.0          (H)
 38) libGLU/9.0.2-GCCcore-11.3.0         (H)
 39) pixman/0.40.0-GCCcore-11.3.0        (H)
 40) libffi/3.4.2-GCCcore-11.3.0         (H)
 41) gettext/0.21-GCCcore-11.3.0         (H)
 42) PCRE/8.45-GCCcore-11.3.0            (H)
 43) GLib/2.72.1-GCCcore-11.3.0          (H)
 44) cairo/1.17.4-GCCcore-11.3.0         (H)
 45) libreadline/8.1.2-GCCcore-11.3.0    (H)
 46) Tcl/8.6.12-GCCcore-11.3.0           (H)
 47) SQLite/3.38.3-GCCcore-11.3.0        (H)
 48) PCRE2/10.40-GCCcore-11.3.0          (H)
 49) NASM/2.15.05-GCCcore-11.3.0         (H)
 50) libjpeg-turbo/2.1.3-GCCcore-11.3.0  (H)
 51) jbigkit/2.1-GCCcore-11.3.0          (H)
 52) libdeflate/1.10-GCCcore-11.3.0      (H)
 53) LibTIFF/4.3.0-GCCcore-11.3.0        (H)
 54) Java/11.0.16
 55) Tk/8.6.12-GCCcore-11.3.0            (H)
 56) OpenSSL/1.1                         (H)
 57) cURL/7.83.0-GCCcore-11.3.0          (H)
 58) GMP/6.2.1-GCCcore-11.3.0            (H)
 59) NLopt/2.7.1-GCCcore-11.3.0          (H)
 60) libogg/1.3.5-GCCcore-11.3.0         (H)
 61) FLAC/1.3.4-GCCcore-11.3.0           (H)
 62) libvorbis/1.3.7-GCCcore-11.3.0      (H)
 63) libopus/1.3.1-GCCcore-11.3.0        (H)
 64) LAME/3.100-GCCcore-11.3.0           (H)
 65) libsndfile/1.1.0-GCCcore-11.3.0     (H)
 66) ICU/71.1-GCCcore-11.3.0             (H)
 67) Szip/2.1.1-GCCcore-11.3.0           (H)
 68) HDF5/1.12.2-gompi-2022a
 69) UDUNITS/2.2.28-GCCcore-11.3.0
 70) GSL/2.7-GCC-11.3.0
 71) ATK/2.38.0-GCCcore-11.3.0           (H)
 72) Gdk-Pixbuf/2.42.8-GCCcore-11.3.0    (H)
 73) HarfBuzz/4.2.1-GCCcore-11.3.0       (H)
 74) FriBidi/1.0.12-GCCcore-11.3.0       (H)
 75) Pango/1.50.7-GCCcore-11.3.0         (H)
 76) GTK2/2.24.33-GCCcore-11.3.0         (H)
 77) Ghostscript/9.56.1-GCCcore-11.3.0   (H)
 78) JasPer/2.0.33-GCCcore-11.3.0        (H)
 79) LittleCMS/2.13.1-GCCcore-11.3.0     (H)
 80) ImageMagick/7.1.0-37-GCCcore-11.3.0 (H)
 81) GLPK/5.0-GCCcore-11.3.0             (H)
 82) nodejs/16.15.1-GCCcore-11.3.0       (H)
 83) Python/3.10.4-GCCcore-11.3.0
 84) netCDF/4.9.0-gompi-2022a
 85) GEOS/3.10.3-GCC-11.3.0
 86) nlohmann_json/3.10.5-GCCcore-11.3.0 (H)
 87) PROJ/9.0.0-GCCcore-11.3.0
 88) libgeotiff/1.7.1-GCCcore-11.3.0     (H)
 89) pybind11/2.9.2-GCCcore-11.3.0       (H)
 90) SciPy-bundle/2022.05-foss-2022a
 91) libtirpc/1.3.2-GCCcore-11.3.0       (H)
 92) HDF/4.2.15-GCCcore-11.3.0           (H)
 93) GDAL/3.5.0-foss-2022a
 94) MPFR/4.1.0-GCCcore-11.3.0           (H)
 95) libgit2/1.4.3-GCCcore-11.3.0        (H)
 96) R/4.2.1-foss-2022a

  Where:
   H:  Hidden Module
   S:  Module is Sticky, requires --force to unload or purge

 


R version 4.2.1 (2022-06-23) -- "Funny-Looking Kid"
Copyright (C) 2022 The R Foundation for Statistical Computing
Platform: x86_64-pc-linux-gnu (64-bit)

R is free software and comes with ABSOLUTELY NO WARRANTY.
You are welcome to redistribute it under certain conditions.
Type 'license()' or 'licence()' for distribution details.

  Natural language support but running in an English locale

R is a collaborative project with many contributors.
Type 'contributors()' for more information and
'citation()' on how to cite R or R packages in publications.

Type 'demo()' for some demos, 'help()' for on-line help, or
'help.start()' for an HTML browser interface to help.
Type 'q()' to quit R.

> ###### PACKAGES AND FILE DIRECTORY ######
> 
> .libPaths("/cluster/home/marionth/R")
> library(evoTS)
Warning message:
package ‘evoTS’ was built under R version 4.2.2 
> library(paleoTS)
Warning message:
package ‘paleoTS’ was built under R version 4.2.2 
> library(stats)
> library(dplyr)

Attaching package: ‘dplyr’

The following objects are masked from ‘package:stats’:

    filter, lag

The following objects are masked from ‘package:base’:

    intersect, setdiff, setequal, union

> 
> 
> setwd("/cluster/home/marionth/Hodell")
> getwd()
[1] "/cluster/home/marionth/Hodell"
> 
> 
> 
> 
> ###### LENGTH WITH d18O PROXY ITERATIONS ######
> 
> 
> 
> 
> data1=read.table("Hodell_and_Vayavananda_1993_Fohsella_length.txt",header=T)
> data18O <- read.csv("/cluster/home/marionth/Hodell/table_d18O.csv")
> datalength18O = cbind(data1,data18O)
> data18Obis = datalength18O %>% filter(!is.na(Mean_isotopsd18O)) #enlever toutes les lignes contenant NA dans la colonne "Mean" pour data13C et datalength
> 
> sample_sized18O=data18Obis[[1]]
> length_meansd18O=data18Obis[[2]]
> length_varianced18O=data18Obis[[3]]
> time_vectord18O=data18Obis[[4]]
> d18O_means=data18Obis[[5]]
> d18O_variance=data18Obis[[6]]
> d18O_samplesize=data18Obis[[7]]
> d18O_timevector=data18Obis[[8]]
> 
> ln.lengthd18O=paleoTS::as.paleoTS(mm=length_meansd18O, vv=length_varianced18O, nn=sample_sized18O, tt=time_vectord18O) 
> ln.lengthd18O$tt=ln.lengthd18O$tt/(max(ln.lengthd18O$tt))
> datad18Oi=paleoTS::as.paleoTS(mm=d18O_means, vv=d18O_variance, nn=d18O_samplesize, tt=d18O_timevector) #create two paleoTS object
> datad18Oi$tt=datad18Oi$tt/(max(datad18Oi$tt))  #rescale du temps   
> 
> 
> multid18Oi=make.multivar.evoTS(ln.lengthd18O, datad18Oi) 
> plotevoTS.multivariate(multid18Oi, y_min=-3, y_max=3, x.label="relative time", y.label="Trait and proxy d13C means", pch=c(20,20))
> 
> 
> 
> 
> 
> 
> ##FIT D UNE UNBIASED RANDOM WALK
> modelURWd18Odiag=fit.multivariate.URW(multid18Oi, R="diag", r="fixed",iterations=100,trace=TRUE)
iter   10 value 606.469166
iter   20 value -249.588271
final  value -250.287167 
converged
iter   10 value -243.068852
final  value -250.287167 
converged
iter   10 value -250.271792
final  value -250.287167 
converged
iter   10 value -249.937975
final  value -250.287167 
converged
iter   10 value -164.298395
iter   20 value -250.286578
final  value -250.287167 
converged
iter   10 value -151.022857
iter   20 value -250.276568
final  value -250.287167 
converged
iter   10 value 250.455786
iter   20 value -250.253289
final  value -250.287167 
converged
iter   10 value -218.990965
iter   20 value -250.286446
final  value -250.287167 
converged
iter   10 value -247.797874
final  value -250.287167 
converged
iter   10 value 9755.278138
iter   20 value -247.370242
final  value -250.287167 
converged
iter   10 value -235.962848
iter   20 value -250.285522
final  value -250.287167 
converged
iter   10 value -250.193155
final  value -250.287167 
converged
iter   10 value -174.167974
iter   20 value -250.212939
final  value -250.287167 
converged
iter   10 value -230.773647
iter   20 value -250.287167
final  value -250.287167 
converged
iter   10 value -242.084575
iter   20 value -250.287167
final  value -250.287167 
converged
iter   10 value -198.329012
iter   20 value -250.287167
final  value -250.287167 
converged
iter   10 value -249.790057
final  value -250.287167 
converged
iter   10 value -250.236920
final  value -250.287167 
converged
iter   10 value -246.061997
iter   20 value -250.287162
final  value -250.287167 
converged
iter   10 value -201.272845
iter   20 value -250.257787
final  value -250.287167 
converged
iter   10 value -224.266133
iter   20 value -250.287166
final  value -250.287167 
converged
iter   10 value -237.000187
iter   20 value -250.284773
final  value -250.287167 
converged
iter   10 value 8026.477451
iter   20 value -239.493348
iter   30 value -250.287167
final  value -250.287167 
converged
iter   10 value 18988.865814
iter   20 value -228.135438
iter   30 value -250.287165
final  value -250.287167 
converged
iter   10 value -246.881908
final  value -250.287167 
converged
iter   10 value -240.714220
iter   20 value -250.287167
final  value -250.287167 
converged
iter   10 value -248.988744
final  value -250.287167 
converged
iter   10 value -250.176460
final  value -250.287167 
converged
iter   10 value -250.235571
final  value -250.287167 
converged
iter   10 value -250.025250
final  value -250.287167 
converged
iter   10 value -250.160002
final  value -250.287167 
converged
iter   10 value -242.610078
iter   20 value -250.287167
final  value -250.287167 
converged
iter   10 value -249.153375
final  value -250.287167 
converged
iter   10 value -218.264327
iter   20 value -250.287149
final  value -250.287167 
converged
iter   10 value -216.494250
iter   20 value -250.287044
final  value -250.287167 
converged
iter   10 value -242.982416
iter   20 value -250.287139
final  value -250.287167 
converged
iter   10 value -250.091972
final  value -250.287167 
converged
iter   10 value 2537.077680
iter   20 value -249.632865
final  value -250.287167 
converged
iter   10 value 454.126326
iter   20 value -248.203887
final  value -250.287167 
converged
iter   10 value 17213.029182
iter   20 value -246.503672
final  value -250.287167 
converged
iter   10 value 24567.872806
iter   20 value -228.660105
iter   30 value -250.287167
final  value -250.287167 
converged
iter   10 value 8818.721657
iter   20 value -246.000111
final  value -250.287167 
converged
iter   10 value 8.936196
iter   20 value -249.649132
final  value -250.287167 
converged
iter   10 value -219.215078
iter   20 value -250.287077
final  value -250.287167 
converged
iter   10 value -229.227875
iter   20 value -250.287165
final  value -250.287167 
converged
iter   10 value -244.776403
final  value -250.287167 
converged
iter   10 value -245.903706
final  value -250.287167 
converged
iter   10 value -239.157571
final  value -250.287167 
converged
iter   10 value -228.437066
iter   20 value -250.287167
final  value -250.287167 
converged
iter   10 value -231.688707
iter   20 value -250.287140
final  value -250.287167 
converged
iter   10 value -213.318582
iter   20 value -250.287083
final  value -250.287167 
converged
iter   10 value -213.654103
iter   20 value -250.287167
final  value -250.287167 
converged
iter   10 value -248.635354
final  value -250.287167 
converged
iter   10 value -248.805041
final  value -250.287167 
converged
iter   10 value -250.239483
final  value -250.287167 
converged
iter   10 value -249.976965
final  value -250.287167 
converged
iter   10 value -249.089069
final  value -250.287167 
converged
iter   10 value -245.892059
final  value -250.287167 
converged
iter   10 value -134.488013
iter   20 value -250.282673
final  value -250.287167 
converged
iter   10 value -224.669428
iter   20 value -250.287124
final  value -250.287167 
converged
iter   10 value -236.707019
iter   20 value -250.287167
final  value -250.287167 
converged
iter   10 value -237.426737
iter   20 value -250.287167
final  value -250.287167 
converged
iter   10 value -232.003278
iter   20 value -250.287167
final  value -250.287167 
converged
iter   10 value -212.240352
iter   20 value -250.250453
final  value -250.287167 
converged
iter   10 value -226.843341
iter   20 value -250.287166
final  value -250.287167 
converged
iter   10 value -218.392787
iter   20 value -250.287167
final  value -250.287167 
converged
iter   10 value 24.910557
iter   20 value -242.064746
final  value -250.287167 
converged
iter   10 value -190.422934
iter   20 value -250.272437
final  value -250.287167 
converged
iter   10 value -233.384821
iter   20 value -250.287108
final  value -250.287167 
converged
iter   10 value -191.360044
iter   20 value -250.286988
final  value -250.287167 
converged
iter   10 value 18390.239854
iter   20 value -216.420865
iter   30 value -250.286553
final  value -250.287167 
converged
iter   10 value 50.421298
iter   20 value -250.139161
final  value -250.287167 
converged
iter   10 value -212.288746
iter   20 value -250.287160
final  value -250.287167 
converged
iter   10 value 9.413549
iter   20 value -249.613516
final  value -250.287167 
converged
iter   10 value -166.739461
iter   20 value -250.007042
final  value -250.287167 
converged
iter   10 value 26961.652506
iter   20 value -241.723238
final  value -250.287167 
converged
iter   10 value 27244.921527
iter   20 value -218.890135
iter   30 value -250.287116
final  value -250.287167 
converged
iter   10 value 16573.148100
iter   20 value -234.704369
iter   30 value -250.287167
final  value -250.287167 
converged
iter   10 value 19457.317749
iter   20 value -233.470650
iter   30 value -250.287167
final  value -250.287167 
converged
iter   10 value 24538.002764
iter   20 value -220.845860
iter   30 value -250.287166
final  value -250.287167 
converged
iter   10 value 30323.643134
iter   20 value -204.781110
iter   30 value -250.282643
final  value -250.287167 
converged
iter   10 value 29924.389558
iter   20 value -204.077909
iter   30 value -250.286969
final  value -250.287167 
converged
iter   10 value 16780.382805
iter   20 value -183.633052
iter   30 value -250.286912
final  value -250.287167 
converged
iter   10 value 6776.872115
iter   20 value -197.919972
iter   30 value -250.286777
final  value -250.287167 
converged
iter   10 value 7952.960060
iter   20 value -187.968515
iter   30 value -250.287142
final  value -250.287167 
converged
iter   10 value 9213.548957
iter   20 value -185.345565
iter   30 value -250.147474
final  value -250.287167 
converged
iter   10 value -17.768320
iter   20 value -249.046263
final  value -250.287167 
converged
iter   10 value -17.808144
iter   20 value -246.270928
final  value -250.287167 
converged
iter   10 value 3227.812200
iter   20 value -227.229228
iter   30 value -250.287126
final  value -250.287167 
converged
iter   10 value 75.390589
iter   20 value -250.204135
final  value -250.287167 
converged
iter   10 value 1636.564790
iter   20 value -228.941553
final  value -250.287167 
converged
iter   10 value 2252.194704
iter   20 value -209.588521
iter   30 value -250.287167
final  value -250.287167 
converged
iter   10 value -200.449031
iter   20 value -250.284086
final  value -250.287167 
converged
iter   10 value -211.002925
iter   20 value -250.287167
final  value -250.287167 
converged
iter   10 value 1828.938941
iter   20 value -239.365775
final  value -250.287167 
converged
iter   10 value 2662.120761
iter   20 value -241.091863
final  value -250.287167 
converged
iter   10 value 4964.926143
iter   20 value -230.832041
iter   30 value -250.287165
final  value -250.287167 
converged
iter   10 value 9862.174871
iter   20 value -238.439482
iter   30 value -250.287166
final  value -250.287167 
converged
iter   10 value -235.775718
iter   20 value -250.287167
final  value -250.287167 
converged
iter   10 value 20347.233303
iter   20 value -233.458156
iter   30 value -250.287038
final  value -250.287167 
converged
> 
> 
> 
> 
> 
> 
> 
> ##ACCELERATED AND DECELERATED MODELS
> modelacceld18Odiag=fit.multivariate.URW(multid18Oi, R="diag", r="accel",iterations=100,trace=TRUE)
iter   10 value -247.065520
iter   20 value -252.144022
final  value -252.144499 
converged
iter   10 value -251.801315
iter   20 value -252.144133
final  value -252.144499 
converged
iter   10 value -247.207426
iter   20 value -251.798074
final  value -252.144499 
converged
iter   10 value -249.059470
iter   20 value -251.960305
iter   30 value -252.144498
final  value -252.144498 
converged
iter   10 value -232.486087
iter   20 value -251.168206
iter   30 value -252.144498
final  value -252.144499 
converged
iter   10 value -229.167922
iter   20 value -250.413928
iter   30 value -252.144498
final  value -252.144499 
converged
iter   10 value 1006.836170
iter   20 value -205.788149
iter   30 value -251.186019
final  value -252.144498 
converged
iter   10 value 22093.530935
iter   20 value -164.349353
iter   30 value -251.921510
iter   40 value -252.142522
final  value -252.144499 
converged
iter   10 value 1265.630515
iter   20 value -137.399395
iter   30 value -252.031043
iter   40 value -252.144467
final  value -252.144499 
converged
iter   10 value 15923.102021
iter   20 value -107.446441
iter   30 value -251.066667
iter   40 value -252.142810
final  value -252.144499 
converged
iter   10 value 31961.574390
iter   20 value -73.642873
iter   30 value -249.051811
iter   40 value -252.141800
final  value -252.144499 
converged
iter   10 value 69589.497309
iter   20 value 601.127654
iter   30 value -114.278255
iter   40 value -246.302891
iter   50 value -252.067871
final  value -252.144499 
converged
iter   10 value 61348.050616
iter   20 value 353.144471
iter   30 value -228.764141
iter   40 value -248.337162
iter   50 value -252.144499
final  value -252.144499 
converged
iter   10 value 63003.294781
iter   20 value 206.111687
iter   30 value -238.011335
iter   40 value -242.407694
iter   50 value -252.144495
final  value -252.144499 
converged
iter   10 value 1624.456456
iter   20 value -210.753745
iter   30 value -247.256655
iter   40 value -252.144482
final  value -252.144499 
converged
iter   10 value 53785.375179
iter   20 value -1.850114
iter   30 value -210.773323
iter   40 value -242.566550
iter   50 value -252.134847
final  value -252.144499 
converged
iter   10 value 47181.572992
iter   20 value 26.837241
iter   30 value -230.777410
iter   40 value -246.855846
iter   50 value -252.144470
final  value -252.144499 
converged
iter   10 value 26454.339131
iter   20 value -16.000738
iter   30 value -205.328390
iter   40 value -232.433770
iter   50 value -251.865466
final  value -252.144499 
converged
iter   10 value 23313.361725
iter   20 value -8.293042
iter   30 value -220.197760
iter   40 value -230.693096
iter   50 value -252.142904
final  value -252.144498 
converged
iter   10 value 53517.776018
iter   20 value 28.523043
iter   30 value -225.285090
iter   40 value -239.185018
iter   50 value -252.143765
final  value -252.144499 
converged
iter   10 value 33868.170514
iter   20 value 22.882191
iter   30 value -223.631588
iter   40 value -241.202654
iter   50 value -252.143912
final  value -252.144499 
converged
iter   10 value 89921.801832
iter   20 value 374.871198
iter   30 value -141.759011
iter   40 value -246.385434
iter   50 value -252.144494
final  value -252.144498 
converged
iter   10 value 87251.895560
iter   20 value 115.599800
iter   30 value -99.406446
iter   40 value -244.419525
iter   50 value -252.144378
final  value -252.144499 
converged
iter   10 value 110089.359721
iter   20 value 950.475028
iter   30 value -34.313114
iter   40 value -250.564969
iter   50 value -252.144008
final  value -252.144498 
converged
iter   10 value 113059.381622
iter   20 value 574.762489
iter   30 value -212.443080
iter   40 value -251.477852
iter   50 value -252.144499
final  value -252.144499 
converged
iter   10 value 82718.508479
iter   20 value -22.749969
iter   30 value -230.965963
iter   40 value -250.341893
iter   50 value -252.144498
final  value -252.144498 
converged
iter   10 value 63582.860585
iter   20 value 192.850431
iter   30 value -237.660139
iter   40 value -245.990459
iter   50 value -252.143591
final  value -252.144499 
converged
iter   10 value 68188.436433
iter   20 value 194.132660
iter   30 value -102.830273
iter   40 value -237.345928
iter   50 value -252.025679
final  value -252.144499 
converged
iter   10 value 70964.466910
iter   20 value 102.008847
iter   30 value -139.864679
iter   40 value -238.358261
iter   50 value -251.267897
iter   60 value -252.144499
final  value -252.144499 
converged
iter   10 value 58988.154919
iter   20 value 109.931720
iter   30 value -172.188817
iter   40 value -229.907590
iter   50 value -246.029285
iter   60 value -252.144499
final  value -252.144499 
converged
iter   10 value 36871.313035
iter   20 value 36.283805
iter   30 value -199.999725
iter   40 value -224.570213
iter   50 value -252.031533
final  value -252.144499 
converged
iter   10 value 42806.223037
iter   20 value 79.940641
iter   30 value -176.847101
iter   40 value -218.734237
iter   50 value -251.278936
final  value -252.144499 
converged
iter   10 value 40697.344015
iter   20 value 88.020588
iter   30 value -205.981983
iter   40 value -218.897384
iter   50 value -251.679793
final  value -252.144499 
converged
iter   10 value 2982.565804
iter   20 value 62.024163
iter   30 value -51.935679
iter   40 value -209.512849
iter   50 value -224.469950
iter   60 value -252.139189
final  value -252.144499 
converged
iter   10 value 1080.690799
iter   20 value 119.798730
iter   30 value -7.217052
iter   40 value -194.604386
iter   50 value -195.125171
iter   60 value -235.715725
iter   70 value -252.115459
final  value -252.144499 
converged
iter   10 value 2448.427829
iter   20 value 102.460032
iter   30 value -83.366633
iter   40 value -197.456811
iter   50 value -215.108056
iter   60 value -251.735755
final  value -252.144498 
converged
iter   10 value 1891.842464
iter   20 value 167.094792
iter   30 value -159.038021
iter   40 value -194.855858
iter   50 value -219.765139
iter   60 value -252.117806
final  value -252.144499 
converged
iter   10 value 1910.579900
iter   20 value 173.799740
iter   30 value 20.629535
iter   40 value -202.795629
iter   50 value -203.208748
iter   60 value -221.758997
iter   70 value -252.071644
final  value -252.144499 
converged
iter   10 value 152.738771
iter   20 value -217.303428
iter   30 value -240.872265
iter   40 value -252.144495
final  value -252.144499 
converged
iter   10 value 125.360361
iter   20 value -208.058408
iter   30 value -214.330744
iter   40 value -250.823910
final  value -252.144499 
converged
iter   10 value 170.120224
iter   20 value -191.731047
iter   30 value -193.604143
iter   40 value -227.206368
iter   50 value -252.079158
final  value -252.144499 
converged
iter   10 value 1831.672947
iter   20 value 171.731246
iter   30 value -193.438511
iter   40 value -208.410846
iter   50 value -244.986668
iter   60 value -252.144302
final  value -252.144499 
converged
iter   10 value 128.326163
iter   20 value -43.350296
iter   30 value -192.526389
iter   40 value -212.825419
iter   50 value -251.924141
final  value -252.144499 
converged
iter   10 value 144.271770
iter   20 value -240.479625
iter   30 value -252.143467
final  value -252.144499 
converged
iter   10 value 179.378454
iter   20 value -46.676817
iter   30 value -182.135719
iter   40 value -182.951291
iter   50 value -234.683033
iter   60 value -252.142382
final  value -252.144499 
converged
iter   10 value 293.585429
iter   20 value -164.623828
final  value -178.944534 
stopped after 28 iterations
iter   10 value 178.855629
iter   20 value -52.651035
iter   30 value -174.682291
final  value -175.724893 
converged
iter   10 value 205.014690
iter   20 value 117.835497
iter   30 value -165.577906
final  value -170.740010 
stopped after 36 iterations
iter   10 value 1733.399882
iter   20 value 246.279882
iter   30 value -179.623905
iter   40 value -181.121801
final  value -181.121801 
stopped after 40 iterations
final  value 320.137479 
stopped after 9 iterations
iter   10 value 289.172442
iter   20 value 131.671205
iter   30 value -174.848083
iter   40 value -174.861248
final  value -174.861248 
converged
iter   10 value 301.073643
iter   20 value 261.731941
iter   30 value -154.919474
iter   40 value -162.885956
final  value -162.885956 
stopped after 40 iterations
iter   10 value 324.305430
final  value 319.625459 
converged
iter   10 value 298.384556
iter   20 value 290.924623
iter   30 value 179.027729
iter   40 value -112.846478
final  value -147.964889 
stopped after 43 iterations
iter   10 value 321.959439
ERROR : L-BFGS-B needs finite values of 'fn' 
iter   10 value 655.162521
iter   20 value 288.526740
iter   30 value 216.771203
iter   40 value -138.694820
final  value -140.738067 
stopped after 41 iterations
iter   10 value 19470.872761
iter   20 value 273.153394
iter   30 value 220.373681
iter   40 value 110.202803
iter   50 value -149.147851
final  value -156.058237 
stopped after 56 iterations
iter   10 value 791.650681
iter   20 value 209.380658
iter   30 value 175.945277
iter   40 value 158.413688
iter   50 value -33.831307
iter   60 value -152.431591
final  value -152.431591 
stopped after 60 iterations
iter   10 value 753.189735
iter   20 value 206.788149
iter   30 value 170.417104
iter   40 value -6.115350
iter   50 value -161.348452
final  value -161.461427 
stopped after 52 iterations
iter   10 value 23833.151662
iter   20 value 242.744949
iter   30 value 87.051293
iter   40 value -81.772455
final  value -162.817480 
converged
iter   10 value 30158.336454
iter   20 value 191.374944
iter   30 value 122.370660
iter   40 value 61.668871
iter   50 value -179.936091
final  value -180.008311 
converged
iter   10 value 31753.528618
iter   20 value 185.867221
iter   30 value 117.130982
iter   40 value -171.003045
final  value -182.187544 
stopped after 49 iterations
iter   10 value 25299.051638
iter   20 value 102.467104
iter   30 value 58.773155
iter   40 value -200.227626
iter   50 value -202.725828
iter   60 value -249.625826
iter   70 value -252.144499
final  value -252.144499 
converged
iter   10 value 11108.357089
iter   20 value 175.125759
iter   30 value -8.450938
iter   40 value -196.465997
iter   50 value -197.127145
iter   60 value -244.533646
iter   70 value -252.144441
final  value -252.144499 
converged
iter   10 value 24181.078861
iter   20 value 112.011768
iter   30 value -57.381896
iter   40 value -200.604081
iter   50 value -201.819674
iter   60 value -248.409451
iter   70 value -252.144498
final  value -252.144499 
converged
iter   10 value 18125.372468
iter   20 value 93.564313
iter   30 value -41.610277
iter   40 value -212.483108
iter   50 value -234.192750
iter   60 value -252.143640
final  value -252.144499 
converged
iter   10 value 10943.585711
iter   20 value 166.289288
iter   30 value -184.219041
iter   40 value -203.360344
iter   50 value -231.063670
iter   60 value -252.116157
final  value -252.144499 
converged
iter   10 value 853.007019
iter   20 value 80.729281
iter   30 value -182.260852
iter   40 value -203.166888
iter   50 value -241.825706
iter   60 value -252.144128
final  value -252.144499 
converged
iter   10 value 19915.831923
iter   20 value 40.458797
iter   30 value -194.615433
iter   40 value -209.861982
iter   50 value -240.196302
iter   60 value -252.144423
final  value -252.144499 
converged
iter   10 value 26071.169241
iter   20 value 71.968953
iter   30 value 8.061190
iter   40 value -205.384149
iter   50 value -215.222259
iter   60 value -251.458054
final  value -252.144499 
converged
iter   10 value 28191.240956
iter   20 value 5.305432
iter   30 value -178.162287
iter   40 value -225.231863
iter   50 value -250.483066
iter   60 value -252.144499
final  value -252.144499 
converged
iter   10 value 7690.316834
iter   20 value 50.549867
iter   30 value -199.309166
iter   40 value -215.388309
iter   50 value -242.195472
iter   60 value -252.144264
final  value -252.144499 
converged
iter   10 value 2263.320765
iter   20 value 102.352575
iter   30 value -45.396134
iter   40 value -217.364073
iter   50 value -249.412038
iter   60 value -252.144499
final  value -252.144499 
converged
iter   10 value 46105.446985
iter   20 value 37.620978
iter   30 value -205.685174
iter   40 value -232.286186
iter   50 value -252.122164
final  value -252.144498 
converged
iter   10 value 55199.100589
iter   20 value 186.949851
iter   30 value -164.003790
iter   40 value -220.344484
iter   50 value -250.778423
iter   60 value -252.144498
final  value -252.144499 
converged
iter   10 value 81751.568196
iter   20 value 285.807765
iter   30 value 71.988088
iter   40 value -227.546001
iter   50 value -241.813340
iter   60 value -252.144499
final  value -252.144499 
converged
iter   10 value 102785.848095
iter   20 value 292.961394
iter   30 value 134.181310
iter   40 value -206.093131
iter   50 value -219.784213
iter   60 value -249.535120
iter   70 value -252.144497
final  value -252.144499 
converged
iter   10 value 161292.712103
iter   20 value 368.471054
iter   30 value -198.099041
iter   40 value -224.957127
iter   50 value -251.551907
final  value -252.144499 
converged
iter   10 value 133807.886824
iter   20 value 508.342044
iter   30 value 161.440117
iter   40 value -218.390000
iter   50 value -231.890699
iter   60 value -252.144148
final  value -252.144498 
converged
iter   10 value 107193.420593
iter   20 value 184.554594
iter   30 value 34.547262
iter   40 value -222.661296
iter   50 value -230.959670
iter   60 value -252.095436
final  value -252.144499 
converged
iter   10 value 1067.934282
iter   20 value -191.253018
iter   30 value -224.883602
iter   40 value -251.386272
final  value -252.144499 
converged
iter   10 value 145.141067
iter   20 value -129.944358
iter   30 value -197.494581
iter   40 value -198.038573
iter   50 value -240.886078
iter   60 value -252.144479
final  value -252.144499 
converged
iter   10 value 795.289577
iter   20 value 38.958438
iter   30 value -219.866697
iter   40 value -221.393754
iter   50 value -251.967055
final  value -252.144499 
converged
iter   10 value 262.279969
iter   20 value -200.106082
iter   30 value -209.981033
iter   40 value -250.807359
iter   50 value -252.144499
final  value -252.144499 
converged
iter   10 value 81950.425528
iter   20 value 171.624161
iter   30 value 84.217730
iter   40 value -221.902593
iter   50 value -229.541338
iter   60 value -252.144229
final  value -252.144499 
converged
iter   10 value 92189.674455
iter   20 value 234.388522
iter   30 value -117.510376
iter   40 value -219.236250
iter   50 value -246.671587
iter   60 value -252.144488
final  value -252.144498 
converged
iter   10 value 85407.910121
iter   20 value 352.195999
iter   30 value 170.267412
iter   40 value -209.412940
iter   50 value -213.019587
iter   60 value -249.113099
iter   70 value -252.144499
final  value -252.144499 
converged
iter   10 value 108874.037282
iter   20 value 192.116929
iter   30 value 111.977818
iter   40 value -210.919636
iter   50 value -229.292736
iter   60 value -252.144354
final  value -252.144499 
converged
iter   10 value 129773.373289
iter   20 value 383.408820
iter   30 value 193.568666
iter   40 value -219.697450
iter   50 value -224.034397
iter   60 value -252.031936
final  value -252.144499 
converged
iter   10 value 135911.321602
iter   20 value 819.281417
iter   30 value -199.060608
iter   40 value -218.175447
iter   50 value -250.926927
final  value -252.144499 
converged
iter   10 value 134661.208689
iter   20 value 328.287161
iter   30 value 104.718007
iter   40 value -227.226270
iter   50 value -240.545608
iter   60 value -252.143297
final  value -252.144499 
converged
iter   10 value 99544.425683
iter   20 value 143.624335
iter   30 value -162.611440
iter   40 value -225.686497
iter   50 value -252.127573
final  value -252.144499 
converged
iter   10 value 113673.782990
iter   20 value 390.222112
iter   30 value 165.633922
iter   40 value -135.140217
iter   50 value -224.150396
iter   60 value -251.227849
final  value -252.144498 
converged
iter   10 value 83814.700690
iter   20 value 184.602867
iter   30 value -117.338588
iter   40 value -216.365997
iter   50 value -241.384848
iter   60 value -252.144406
final  value -252.144499 
converged
iter   10 value 134310.889549
iter   20 value 653.848131
iter   30 value 130.350101
iter   40 value -227.137070
iter   50 value -252.040010
iter   60 value -252.144499
final  value -252.144499 
converged
iter   10 value 152776.667567
iter   20 value 209.914051
iter   30 value -92.418946
iter   40 value -237.130530
iter   50 value -252.127817
final  value -252.144499 
converged
iter   10 value 125361.302700
iter   20 value 206.985371
iter   30 value 148.281570
iter   40 value -218.120222
iter   50 value -249.703098
iter   60 value -252.144498
final  value -252.144498 
converged
iter   10 value 112039.739201
iter   20 value 359.814861
iter   30 value 155.044718
iter   40 value -183.246527
iter   50 value -223.792360
iter   60 value -251.901223
final  value -252.144499 
converged
iter   10 value 98967.170818
iter   20 value 413.331585
iter   30 value -6.851279
iter   40 value -216.574330
iter   50 value -223.589306
iter   60 value -252.090559
final  value -252.144499 
converged
iter   10 value 107439.010094
iter   20 value 355.126703
iter   30 value 148.184247
iter   40 value -213.659657
iter   50 value -224.157174
iter   60 value -251.897848
final  value -252.144499 
converged
iter   10 value 92033.161458
iter   20 value 287.967333
iter   30 value 49.047889
iter   40 value -205.688007
iter   50 value -234.972383
iter   60 value -252.126105
final  value -252.144499 
converged
> 
> 
> 
> 
> modeldeceld18Odiag=fit.multivariate.URW(multid18Oi, R="diag", r="decel",iterations=100,trace=TRUE)
iter   10 value -234.746011
iter   20 value -246.602765
iter   30 value -250.284647
final  value -250.284647 
converged
iter   10 value -214.455820
iter   20 value -238.571350
iter   30 value -250.255318
final  value -250.285053 
converged
iter   10 value -234.119962
iter   20 value -243.656119
iter   30 value -250.264725
final  value -250.285003 
stopped after 33 iterations
iter   10 value -222.451886
iter   20 value -239.799057
iter   30 value -250.240242
final  value -250.281531 
converged
iter   10 value -211.430454
iter   20 value -235.898396
iter   30 value -249.966426
final  value -250.284891 
converged
iter   10 value -203.744705
iter   20 value -230.652245
iter   30 value -249.807501
iter   40 value -250.285046
final  value -250.285133 
converged
iter   10 value -202.784059
iter   20 value -228.521991
iter   30 value -249.599488
iter   40 value -250.282496
final  value -250.285094 
converged
iter   10 value -192.696130
iter   20 value -221.606605
iter   30 value -249.203655
iter   40 value -250.285012
final  value -250.285012 
converged
iter   10 value -207.143279
iter   20 value -228.661497
iter   30 value -250.055773
final  value -250.284963 
converged
iter   10 value -196.963337
iter   20 value -224.244489
iter   30 value -250.210137
final  value -250.285441 
converged
iter   10 value -181.310638
iter   20 value -212.588043
iter   30 value -246.280178
iter   40 value -250.282382
final  value -250.285083 
converged
iter   10 value -198.959910
iter   20 value -221.737808
iter   30 value -246.022194
iter   40 value -250.259730
final  value -250.285379 
converged
iter   10 value -198.608707
iter   20 value -222.007891
iter   30 value -249.793976
final  value -250.284400 
converged
iter   10 value -195.274525
iter   20 value -220.594457
iter   30 value -249.216901
iter   40 value -250.282800
final  value -250.282800 
converged
iter   10 value -198.834856
iter   20 value -220.118756
iter   30 value -249.999110
final  value -250.284803 
converged
iter   10 value -207.422071
iter   20 value -230.901360
iter   30 value -250.182399
final  value -250.285436 
converged
iter   10 value -204.728509
iter   20 value -227.902869
iter   30 value -250.041294
final  value -250.286123 
converged
iter   10 value -221.717322
iter   20 value -237.832640
iter   30 value -250.221324
final  value -250.284774 
stopped after 35 iterations
iter   10 value -221.482827
iter   20 value -239.161722
iter   30 value -250.269192
final  value -250.285310 
converged
iter   10 value -227.587275
iter   20 value -246.462429
iter   30 value -250.281713
final  value -250.285133 
stopped after 31 iterations
iter   10 value -215.923595
iter   20 value -227.381716
iter   30 value -249.869545
final  value -250.281356 
stopped after 38 iterations
iter   10 value 18211.210972
iter   20 value -225.016554
iter   30 value -245.611968
iter   40 value -250.285047
final  value -250.285383 
stopped after 41 iterations
iter   10 value -234.724776
iter   20 value -240.906150
iter   30 value -250.205956
final  value -250.285088 
stopped after 36 iterations
iter   10 value 34092.935463
iter   20 value -228.134137
iter   30 value -245.057423
iter   40 value -250.271871
final  value -250.284957 
stopped after 42 iterations
iter   10 value 46.941850
iter   20 value -249.328853
iter   30 value -250.285097
final  value -250.285097 
converged
iter   10 value 18070.124393
iter   20 value -232.959761
iter   30 value -245.332252
iter   40 value -250.258683
final  value -250.285258 
stopped after 44 iterations
iter   10 value 23239.478137
iter   20 value -238.959342
iter   30 value -249.919307
final  value -250.285014 
stopped after 39 iterations
iter   10 value 39474.129532
iter   20 value -230.969792
iter   30 value -243.333069
iter   40 value -250.278826
final  value -250.284312 
converged
iter   10 value 26909.135517
iter   20 value -228.864472
iter   30 value -244.461443
iter   40 value -250.261175
final  value -250.285108 
converged
iter   10 value 28364.301618
iter   20 value -217.601424
iter   30 value -231.895226
iter   40 value -250.252659
final  value -250.285467 
converged
iter   10 value 23689.363512
iter   20 value -212.407589
iter   30 value -232.403120
iter   40 value -250.166426
final  value -250.285358 
converged
iter   10 value -188.622677
iter   20 value -227.175508
iter   30 value -250.220554
final  value -250.284054 
converged
iter   10 value 221.289761
iter   20 value -211.385476
iter   30 value -249.187973
iter   40 value -250.284390
final  value -250.284390 
converged
iter   10 value 16165.598734
iter   20 value -196.389681
iter   30 value -223.927372
iter   40 value -249.818708
final  value -250.285040 
stopped after 47 iterations
iter   10 value 1046.413601
iter   20 value -213.100280
iter   30 value -228.717382
iter   40 value -250.103272
iter   50 value -250.283962
final  value -250.285154 
stopped after 55 iterations
iter   10 value 15669.725135
iter   20 value -189.167816
iter   30 value -217.977035
iter   40 value -248.622932
iter   50 value -250.277676
final  value -250.284191 
converged
iter   10 value 23962.602464
iter   20 value -178.484444
iter   30 value -237.912128
iter   40 value -250.189194
final  value -250.285870 
converged
iter   10 value 669.117461
iter   20 value -193.275853
iter   30 value -236.747289
iter   40 value -250.259416
final  value -250.284831 
converged
iter   10 value 926.773911
iter   20 value -190.890904
iter   30 value -224.346969
iter   40 value -249.998387
final  value -250.284583 
converged
iter   10 value 166.289157
iter   20 value -208.925354
iter   30 value -239.864118
iter   40 value -250.229062
final  value -250.285528 
stopped after 43 iterations
iter   10 value 46.609805
iter   20 value -222.621257
iter   30 value -249.802784
iter   40 value -250.283488
final  value -250.283488 
converged
iter   10 value 456.041335
iter   20 value -211.515529
iter   30 value -233.534788
iter   40 value -250.254165
final  value -250.284778 
converged
iter   10 value 905.015513
iter   20 value -203.354898
iter   30 value -241.075038
iter   40 value -250.263938
final  value -250.285726 
converged
iter   10 value 29685.944738
iter   20 value -202.797045
iter   30 value -223.919982
iter   40 value -250.086699
final  value -250.284737 
converged
iter   10 value 559.540309
iter   20 value -214.197363
iter   30 value -232.987196
iter   40 value -250.232334
final  value -250.285027 
converged
iter   10 value 9444.057278
iter   20 value -191.559612
iter   30 value -230.435271
iter   40 value -249.864194
iter   50 value -250.285182
final  value -250.285182 
converged
iter   10 value 756.596014
iter   20 value -206.262052
iter   30 value -234.121020
iter   40 value -249.780877
final  value -250.285247 
converged
iter   10 value 6370.599207
iter   20 value -202.011576
iter   30 value -230.832426
iter   40 value -249.376614
iter   50 value -250.283215
final  value -250.285050 
converged
iter   10 value 0.979362
iter   20 value -223.170618
iter   30 value -250.172282
final  value -250.284990 
stopped after 36 iterations
iter   10 value 231.070916
iter   20 value -221.862625
iter   30 value -246.383134
iter   40 value -250.231170
final  value -250.282996 
converged
iter   10 value 275.908238
iter   20 value -226.344657
iter   30 value -247.814082
iter   40 value -250.251869
final  value -250.283476 
converged
iter   10 value 30.761506
iter   20 value -234.630335
iter   30 value -249.766297
final  value -250.284901 
converged
iter   10 value 10427.783386
iter   20 value -236.650300
iter   30 value -248.139588
iter   40 value -250.280871
final  value -250.280871 
converged
iter   10 value 3415.151625
iter   20 value -235.701576
iter   30 value -249.353876
final  value -250.284528 
converged
iter   10 value 62.571125
iter   20 value -227.528954
iter   30 value -247.774816
iter   40 value -250.283501
final  value -250.285703 
converged
iter   10 value 20863.159857
iter   20 value -224.570352
iter   30 value -237.732535
iter   40 value -250.242744
final  value -250.285738 
converged
iter   10 value 3406.907036
iter   20 value -224.217608
iter   30 value -244.174424
iter   40 value -250.283929
final  value -250.285898 
converged
iter   10 value 17787.467950
iter   20 value -229.377934
iter   30 value -245.206930
iter   40 value -250.271030
final  value -250.285124 
converged
iter   10 value 3975.373301
iter   20 value -229.243658
iter   30 value -249.366776
final  value -250.284769 
stopped after 39 iterations
iter   10 value 535.109630
iter   20 value -235.432822
iter   30 value -247.393273
iter   40 value -250.281322
final  value -250.284930 
converged
iter   10 value 120.878869
iter   20 value -236.668029
iter   30 value -248.362609
iter   40 value -250.280880
final  value -250.285616 
converged
iter   10 value 28981.853291
iter   20 value -227.066123
iter   30 value -242.494620
iter   40 value -250.260909
final  value -250.285259 
converged
iter   10 value 24758.996810
iter   20 value -230.652358
iter   30 value -247.744376
iter   40 value -250.281415
final  value -250.284931 
converged
iter   10 value 23376.891163
iter   20 value -228.202659
iter   30 value -242.280728
iter   40 value -250.250343
final  value -250.284960 
converged
iter   10 value 30564.572554
iter   20 value -227.333283
iter   30 value -244.946397
iter   40 value -250.267715
final  value -250.284919 
converged
iter   10 value 31595.210251
iter   20 value -223.642386
iter   30 value -240.812019
iter   40 value -250.212162
final  value -250.284789 
converged
iter   10 value 27471.662973
iter   20 value -224.100187
iter   30 value -239.273928
iter   40 value -250.237578
final  value -250.282256 
stopped after 44 iterations
iter   10 value 6386.096176
iter   20 value -231.023588
iter   30 value -247.353535
iter   40 value -250.282215
final  value -250.284886 
converged
iter   10 value -222.216453
iter   20 value -247.759375
iter   30 value -250.284682
final  value -250.284682 
converged
iter   10 value -234.422473
iter   20 value -249.771822
iter   30 value -250.285068
final  value -250.285068 
converged
iter   10 value 320.113751
iter   20 value -243.094749
iter   30 value -250.259664
final  value -250.284932 
converged
iter   10 value 35280.916355
iter   20 value -237.487591
iter   30 value -249.458930
iter   40 value -250.284354
final  value -250.284354 
converged
iter   10 value 15030.134132
iter   20 value -235.537620
iter   30 value -250.038204
final  value -250.284983 
converged
iter   10 value 10693.855450
iter   20 value -228.584263
iter   30 value -245.958640
iter   40 value -250.258782
final  value -250.281864 
converged
iter   10 value 33519.849078
iter   20 value -226.274798
iter   30 value -243.797284
iter   40 value -250.226165
final  value -250.284568 
stopped after 44 iterations
iter   10 value 24502.649079
iter   20 value -241.731646
iter   30 value -250.091732
final  value -250.284933 
converged
iter   10 value 42171.431883
iter   20 value -218.380793
iter   30 value -247.538893
iter   40 value -250.281497
final  value -250.284920 
stopped after 41 iterations
iter   10 value 24284.075192
iter   20 value -237.953186
iter   30 value -248.292554
iter   40 value -250.285046
final  value -250.285046 
converged
iter   10 value 44247.731407
iter   20 value -217.130529
iter   30 value -248.064083
iter   40 value -250.281550
final  value -250.284968 
converged
iter   10 value 191.074343
iter   20 value -235.570434
iter   30 value -249.927233
final  value -250.283578 
converged
iter   10 value 200.491493
iter   20 value -234.175745
iter   30 value -249.377277
iter   40 value -250.277442
final  value -250.280025 
converged
iter   10 value -203.282568
iter   20 value -241.912398
iter   30 value -250.247720
final  value -250.284921 
converged
iter   10 value -175.887235
iter   20 value -236.440127
iter   30 value -250.172566
final  value -250.285743 
converged
iter   10 value -170.862390
iter   20 value -239.866277
iter   30 value -249.448988
iter   40 value -250.285102
final  value -250.285102 
converged
iter   10 value -183.108921
iter   20 value -245.260203
iter   30 value -250.265657
final  value -250.284951 
stopped after 33 iterations
iter   10 value -181.362920
iter   20 value -225.302560
iter   30 value -248.947845
iter   40 value -250.280265
final  value -250.280265 
converged
iter   10 value -178.853629
iter   20 value -232.148713
iter   30 value -250.224581
final  value -250.284908 
stopped after 35 iterations
iter   10 value -180.859685
iter   20 value -238.182861
iter   30 value -250.262449
final  value -250.284623 
converged
iter   10 value -196.792494
iter   20 value -242.215191
iter   30 value -250.247254
final  value -250.285125 
stopped after 35 iterations
iter   10 value -188.094403
iter   20 value -239.680185
iter   30 value -250.186049
final  value -250.285407 
converged
iter   10 value -197.461688
iter   20 value -239.622962
iter   30 value -250.204699
final  value -250.284171 
converged
iter   10 value -198.501591
iter   20 value -244.435450
iter   30 value -250.261924
final  value -250.281312 
converged
iter   10 value -186.931807
iter   20 value -236.716090
iter   30 value -250.067603
final  value -250.284925 
stopped after 36 iterations
iter   10 value -183.724238
iter   20 value -239.726617
iter   30 value -250.279135
final  value -250.284297 
converged
iter   10 value -212.922873
iter   20 value -237.712776
iter   30 value -250.246360
final  value -250.285503 
converged
iter   10 value 341.936547
iter   20 value -204.116744
iter   30 value -229.502011
iter   40 value -250.260268
final  value -250.285623 
converged
iter   10 value 212.498341
iter   20 value -211.193824
iter   30 value -246.261937
final  value -250.282899 
converged
iter   10 value -221.392724
iter   20 value -248.795023
iter   30 value -250.285605
final  value -250.285605 
converged
iter   10 value 275.620806
iter   20 value -220.338039
iter   30 value -245.009300
iter   40 value -250.285086
final  value -250.285086 
converged
iter   10 value 516.444036
iter   20 value -121.955484
iter   30 value -169.510027
iter   40 value -245.462547
iter   50 value -250.242021
final  value -250.280663 
converged
> 
> 
> 
> 
> 
> 
> 
> save.image(file='Hodell_Length_d18O_1.RData')
> 
> 
> 
> 
> 
> modelURWd18Odiag
$converge
[1] "Model converged successfully"

$modelName
[1] "Multivariate Random walk (R matrix with zero off-diagonal elements)"

$logL
[1] 250.2872

$AICc
[1] -492.1934

$ancestral.values
[1] -1.491505 -1.083264

$SE.anc
[1] NA

$R
          [,1]      [,2]
[1,] 0.3432624 0.0000000
[2,] 0.0000000 0.2331517

$SE.R
[1] NA

$method
[1] "Joint"

$K
[1] 4

$n
[1] 110

$iter
[1] 100

attr(,"class")
[1] "paleoTSfit"
> 
> modelacceld18Odiag
$converge
[1] "Model converged successfully"

$modelName
[1] "Multivariate Random walk with accelerating rate of evoluton (diagonal R matrix: no trait correlations)"

$logL
[1] 252.1445

$AICc
[1] -493.7121

$ancestral.values
[1] -1.486811 -1.084326

$SE.anc
[1] NA

$r
[1] 1.471768

$SE.r
[1] NA

$R
          [,1]      [,2]
[1,] 0.1469086 0.0000000
[2,] 0.0000000 0.1043045

$SE.R
[1] NA

$method
[1] "Joint"

$K
[1] 5

$n
[1] 110

$iter
[1] 100

attr(,"class")
[1] "paleoTSfit"
> modeldeceld18Odiag
$converge
[1] "Model converged successfully"

$modelName
[1] "Multivariate Random walk with decelerating rate of evoluton (diagonal R matrix: no trait correlations)"

$logL
[1] 250.2861

$AICc
[1] -489.9953

$ancestral.values
[1] -1.491444 -1.082869

$SE.anc
[1] NA

$r
[1] -0.0003897939

$SE.r
[1] NA

$R
          [,1]      [,2]
[1,] 0.3429676 0.0000000
[2,] 0.0000000 0.2326644

$SE.R
[1] NA

$method
[1] "Joint"

$K
[1] 5

$n
[1] 110

$iter
[1] 100

attr(,"class")
[1] "paleoTSfit"
> 

Job 9602668 consumed 0.3 billing hours from project nn8105k.

Submitted 2023-10-09T09:32:21; waited 1.0 seconds in the queue after becoming eligible to run.

Requested wallclock time: 24.0 hours
Elapsed wallclock time:   20.9 minutes

Task and CPU statistics:
ID             CPUs  Tasks  CPU util                Start   Elapsed  Exit status
9602668           1            0.0 %  2023-10-09T09:32:22  1256.0 s  0
9602668.batch     1      1    96.5 %  2023-10-09T09:32:22  1256.0 s  0

Used CPU time:   20.2 CPU minutes
Unused CPU time: 44.3 CPU seconds

Memory statistics, in GiB:
ID              Alloc   Usage
9602668           7.0        
9602668.batch     7.0     0.3

Job 9602668 completed at Mon Oct 9 09:53:18 CEST 2023
