Starting job 8883813 on c2-41 on saga at Tue Jul 4 15:18:37 CEST 2023


Currently Loaded Modules:
  1) StdEnv                              (S)
  2) GCCcore/11.3.0
  3) zlib/1.2.12-GCCcore-11.3.0          (H)
  4) binutils/2.38-GCCcore-11.3.0        (H)
  5) GCC/11.3.0
  6) numactl/2.0.14-GCCcore-11.3.0       (H)
  7) XZ/5.2.5-GCCcore-11.3.0             (H)
  8) libxml2/2.9.13-GCCcore-11.3.0       (H)
  9) libpciaccess/0.16-GCCcore-11.3.0    (H)
 10) hwloc/2.7.1-GCCcore-11.3.0          (H)
 11) hpcx/2.14
 12) OpenMPI/4.1.4-GCC-11.3.0
 13) OpenBLAS/0.3.20-GCC-11.3.0
 14) FlexiBLAS/3.2.0-GCC-11.3.0
 15) FFTW/3.3.10-GCC-11.3.0
 16) gompi/2022a
 17) FFTW.MPI/3.3.10-gompi-2022a
 18) ScaLAPACK/2.2.0-gompi-2022a-fb
 19) foss/2022a
 20) bzip2/1.0.8-GCCcore-11.3.0          (H)
 21) expat/2.4.8-GCCcore-11.3.0          (H)
 22) libpng/1.6.37-GCCcore-11.3.0        (H)
 23) Brotli/1.0.9-GCCcore-11.3.0         (H)
 24) freetype/2.12.1-GCCcore-11.3.0      (H)
 25) ncurses/6.3-GCCcore-11.3.0          (H)
 26) util-linux/2.38-GCCcore-11.3.0      (H)
 27) fontconfig/2.14.0-GCCcore-11.3.0    (H)
 28) xorg-macros/1.19.3-GCCcore-11.3.0   (H)
 29) X11/20220504-GCCcore-11.3.0         (H)
 30) gzip/1.12-GCCcore-11.3.0            (H)
 31) lz4/1.9.3-GCCcore-11.3.0            (H)
 32) zstd/1.5.2-GCCcore-11.3.0           (H)
 33) libdrm/2.4.110-GCCcore-11.3.0       (H)
 34) libglvnd/1.4.0-GCCcore-11.3.0       (H)
 35) libunwind/1.6.2-GCCcore-11.3.0      (H)
 36) LLVM/14.0.3-GCCcore-11.3.0          (H)
 37) Mesa/22.0.3-GCCcore-11.3.0          (H)
 38) libGLU/9.0.2-GCCcore-11.3.0         (H)
 39) pixman/0.40.0-GCCcore-11.3.0        (H)
 40) libffi/3.4.2-GCCcore-11.3.0         (H)
 41) gettext/0.21-GCCcore-11.3.0         (H)
 42) PCRE/8.45-GCCcore-11.3.0            (H)
 43) GLib/2.72.1-GCCcore-11.3.0          (H)
 44) cairo/1.17.4-GCCcore-11.3.0         (H)
 45) libreadline/8.1.2-GCCcore-11.3.0    (H)
 46) Tcl/8.6.12-GCCcore-11.3.0           (H)
 47) SQLite/3.38.3-GCCcore-11.3.0        (H)
 48) PCRE2/10.40-GCCcore-11.3.0          (H)
 49) NASM/2.15.05-GCCcore-11.3.0         (H)
 50) libjpeg-turbo/2.1.3-GCCcore-11.3.0  (H)
 51) jbigkit/2.1-GCCcore-11.3.0          (H)
 52) libdeflate/1.10-GCCcore-11.3.0      (H)
 53) LibTIFF/4.3.0-GCCcore-11.3.0        (H)
 54) Java/11.0.16
 55) Tk/8.6.12-GCCcore-11.3.0            (H)
 56) OpenSSL/1.1                         (H)
 57) cURL/7.83.0-GCCcore-11.3.0          (H)
 58) GMP/6.2.1-GCCcore-11.3.0            (H)
 59) NLopt/2.7.1-GCCcore-11.3.0          (H)
 60) libogg/1.3.5-GCCcore-11.3.0         (H)
 61) FLAC/1.3.4-GCCcore-11.3.0           (H)
 62) libvorbis/1.3.7-GCCcore-11.3.0      (H)
 63) libopus/1.3.1-GCCcore-11.3.0        (H)
 64) LAME/3.100-GCCcore-11.3.0           (H)
 65) libsndfile/1.1.0-GCCcore-11.3.0     (H)
 66) ICU/71.1-GCCcore-11.3.0             (H)
 67) Szip/2.1.1-GCCcore-11.3.0           (H)
 68) HDF5/1.12.2-gompi-2022a
 69) UDUNITS/2.2.28-GCCcore-11.3.0
 70) GSL/2.7-GCC-11.3.0
 71) ATK/2.38.0-GCCcore-11.3.0           (H)
 72) Gdk-Pixbuf/2.42.8-GCCcore-11.3.0    (H)
 73) HarfBuzz/4.2.1-GCCcore-11.3.0       (H)
 74) FriBidi/1.0.12-GCCcore-11.3.0       (H)
 75) Pango/1.50.7-GCCcore-11.3.0         (H)
 76) GTK2/2.24.33-GCCcore-11.3.0         (H)
 77) Ghostscript/9.56.1-GCCcore-11.3.0   (H)
 78) JasPer/2.0.33-GCCcore-11.3.0        (H)
 79) LittleCMS/2.13.1-GCCcore-11.3.0     (H)
 80) ImageMagick/7.1.0-37-GCCcore-11.3.0 (H)
 81) GLPK/5.0-GCCcore-11.3.0             (H)
 82) nodejs/16.15.1-GCCcore-11.3.0       (H)
 83) Python/3.10.4-GCCcore-11.3.0
 84) netCDF/4.9.0-gompi-2022a
 85) GEOS/3.10.3-GCC-11.3.0
 86) nlohmann_json/3.10.5-GCCcore-11.3.0 (H)
 87) PROJ/9.0.0-GCCcore-11.3.0
 88) libgeotiff/1.7.1-GCCcore-11.3.0     (H)
 89) pybind11/2.9.2-GCCcore-11.3.0       (H)
 90) SciPy-bundle/2022.05-foss-2022a
 91) libtirpc/1.3.2-GCCcore-11.3.0       (H)
 92) HDF/4.2.15-GCCcore-11.3.0           (H)
 93) GDAL/3.5.0-foss-2022a
 94) MPFR/4.1.0-GCCcore-11.3.0           (H)
 95) libgit2/1.4.3-GCCcore-11.3.0        (H)
 96) R/4.2.1-foss-2022a

  Where:
   H:  Hidden Module
   S:  Module is Sticky, requires --force to unload or purge

 


R version 4.2.1 (2022-06-23) -- "Funny-Looking Kid"
Copyright (C) 2022 The R Foundation for Statistical Computing
Platform: x86_64-pc-linux-gnu (64-bit)

R is free software and comes with ABSOLUTELY NO WARRANTY.
You are welcome to redistribute it under certain conditions.
Type 'license()' or 'licence()' for distribution details.

  Natural language support but running in an English locale

R is a collaborative project with many contributors.
Type 'contributors()' for more information and
'citation()' on how to cite R or R packages in publications.

Type 'demo()' for some demos, 'help()' for on-line help, or
'help.start()' for an HTML browser interface to help.
Type 'q()' to quit R.

> .libPaths("/cluster/home/marionth/R")
> library(evoTS)
Warning message:
package ‘evoTS’ was built under R version 4.2.2 
> library(paleoTS)
> library(stats)
> library(dplyr)

Attaching package: ‘dplyr’

The following objects are masked from ‘package:stats’:

    filter, lag

The following objects are masked from ‘package:base’:

    intersect, setdiff, setequal, union

> library(parallel)
> library(foreach)
> library(doParallel)
Loading required package: iterators
> library(MCSPCD)
> 
> 
> setwd("/cluster/home/marionth/Jensen")
> 
> 
> 
> ###### LOAD MORPHOLOGICAL DATA ######
> 
> 
> 
> data1=read.delim("/cluster/home/marionth/Jensen/Atlantic_salmon_size.txt")
> data1 = data1 %>% filter(!is.na(Year.of.catch))
> 
> year=unique(data1$Year.of.catch)  #garder qu un exemplaire de chaque date
> data2=matrix(nrow=length(year), ncol=4)
> colnames(data2)<-c("nn"," mm", "vv", "tt")
> 
> for (i in 1:length(year)){
+   subdat=subset(data1, data1$Year.of.catch == year[i])  # un subset par annee
+   
+   data2[i,1] = nrow(subdat)
+   data2[i,2] = mean(subdat$Mass)
+   data2[i,3] = var(subdat$Mass)
+   data2[i,4] = year[i]
+ }
> 
> data2=data2[order(year),]
> 
> 
> 
> ###### FOR FROM JUN TO SEPT WATER FLOW VALUES ######
> ###### LOAD ENVIRONMENTAL DATA AND RESIZE ######
> 
> 
> 
> Discharge <- read.delim("/cluster/home/marionth/Jensen/Discharge.txt")
> Envi = Discharge[-c(1:9,28:35,87:88),]
> Morpho = data2[-c(1:2),]  # garder que les lignes ou on a les donnees pour l environment et le morpho
> 
> 
> 
> ###### CREATING PALEOTS AND EVOTS OBJECTS ######
> 
> 
> 
> dataEnvi=paleoTS::as.paleoTS(mm=Envi[,3], vv=c(rep(0.000001,length(Envi[,1]))), nn=c(rep(1000,length(Envi[,1]))), tt=Envi[,1], oldest = "first")
> ln.dataEnvi=paleoTS::ln.paleoTS(dataEnvi)
> dataEnvi$tt=dataEnvi$tt/(max(dataEnvi$tt))
> ln.dataEnvi$tt=ln.dataEnvi$tt/(max(ln.dataEnvi$tt))
> 
> dataMorpho=paleoTS::as.paleoTS(mm=Morpho[,2], vv=Morpho[,3], nn=Morpho[,1], tt=Morpho[,4], oldest = "first")
> ln.dataMorpho=paleoTS::ln.paleoTS(dataMorpho)
> dataMorpho$tt=dataMorpho$tt/(max(dataMorpho$tt))
> ln.dataMorpho$tt=ln.dataMorpho$tt/(max(ln.dataMorpho$tt))
> 
> 
> 
> 
> 
> multilnmorpholnenvi=make.multivar.evoTS(ln.dataMorpho, ln.dataEnvi) 
> plotevoTS.multivariate(multilnmorpholnenvi, y_min=0, y_max=20, x.label="relative time", y.label="Salmon mass and water flow", pch=c(20,20))
> 
> 
> 
> 
> 
> ###### MULTIVARIATE MODELS ######
> 
> 
> 
> ##FIT D UNE UNBIASED RANDOM WALK
> modelURWlndiag=fit.multivariate.URW(multilnmorpholnenvi, R="diag", r="fixed",trace=TRUE, iterations=100, iter.sd=0.000001)
iter   10 value 429.852948
iter   20 value 33.010670
iter   30 value 32.472400
iter   40 value 32.345088
final  value 32.345083 
converged
iter   10 value 471.095414
iter   20 value 34.020072
iter   30 value 32.445408
final  value 32.345084 
converged
iter   10 value 400.829336
iter   20 value 37.544401
final  value 32.479293 
converged
iter   10 value 511.055283
final  value 33.480822 
converged
iter   10 value 453.473347
iter   20 value 32.802242
final  value 32.666486 
converged
iter   10 value 431.992117
iter   20 value 32.705316
final  value 32.663286 
converged
iter   10 value 457.456681
iter   20 value 32.761698
final  value 32.666485 
converged
iter   10 value 460.508355
iter   20 value 32.873208
final  value 32.666549 
converged
iter   10 value 476.097937
iter   20 value 32.757659
final  value 32.431061 
converged
iter   10 value 470.586925
iter   20 value 33.768914
final  value 32.666875 
converged
iter   10 value 440.937838
iter   20 value 32.955107
final  value 32.667717 
converged
iter   10 value 440.046367
iter   20 value 35.203034
final  value 32.422691 
converged
iter   10 value 459.356627
iter   20 value 32.760383
final  value 32.666638 
converged
iter   10 value 472.537704
iter   20 value 33.431205
iter   30 value 32.666714
iter   40 value 32.633815
iter   50 value 32.348332
final  value 32.345083 
converged
iter   10 value 385.866571
iter   20 value 51.493915
iter   30 value 32.668215
final  value 32.668215 
converged
iter   10 value 474.510076
iter   20 value 34.648859
iter   30 value 32.663387
iter   40 value 32.416825
iter   50 value 32.345083
final  value 32.345083 
converged
iter   10 value 369.626781
iter   20 value 47.456095
iter   30 value 32.706241
final  value 32.654735 
converged
iter   10 value 440.576905
iter   20 value 35.118700
final  value 32.392362 
converged
iter   10 value 473.380350
iter   20 value 36.048325
iter   30 value 32.666766
final  value 32.666766 
converged
iter   10 value 370.035594
iter   20 value 33.211785
final  value 32.666681 
converged
iter   10 value 403.742598
iter   20 value 43.720884
iter   30 value 32.665817
iter   40 value 32.600084
iter   50 value 32.355684
iter   60 value 32.345121
final  value 32.345084 
converged
iter   10 value 404.071059
iter   20 value 32.874166
final  value 32.666510 
converged
iter   10 value 474.627808
iter   20 value 34.082578
iter   30 value 32.471626
iter   40 value 32.345084
final  value 32.345083 
converged
iter   10 value 474.736238
iter   20 value 33.835588
iter   30 value 32.663802
iter   40 value 32.575836
final  value 32.345083 
converged
iter   10 value 430.318053
iter   20 value 36.853807
final  value 32.666608 
converged
iter   10 value 412.545398
iter   20 value 32.902198
iter   30 value 32.486072
final  value 32.345083 
converged
iter   10 value 475.014737
iter   20 value 33.936289
final  value 32.666635 
converged
iter   10 value 440.527207
iter   20 value 53.811621
iter   30 value 32.669305
final  value 32.666617 
converged
iter   10 value 356.327092
iter   20 value 33.816421
final  value 32.667168 
converged
iter   10 value 474.494422
iter   20 value 34.669243
iter   30 value 32.663543
iter   40 value 32.618022
iter   50 value 32.345202
final  value 32.345083 
converged
iter   10 value 350.564674
iter   20 value 43.216954
iter   30 value 32.667878
final  value 32.667318 
converged
iter   10 value 474.213158
iter   20 value 34.266803
iter   30 value 32.666218
iter   40 value 32.486984
iter   50 value 32.388085
iter   60 value 32.354149
final  value 32.345083 
converged
iter   10 value 474.331187
iter   20 value 34.698544
final  value 32.666654 
converged
iter   10 value 407.068067
iter   20 value 53.105506
iter   30 value 32.670439
final  value 32.666483 
converged
iter   10 value 383.658142
iter   20 value 35.958614
iter   30 value 32.666381
iter   40 value 32.500472
final  value 32.490619 
converged
iter   10 value 375.450210
iter   20 value 33.531828
final  value 32.671122 
converged
iter   10 value 474.244683
iter   20 value 34.231583
iter   30 value 32.627245
iter   40 value 32.345188
final  value 32.345083 
converged
iter   10 value 375.590529
iter   20 value 51.499863
iter   30 value 32.682360
iter   40 value 32.663823
final  value 32.663823 
converged
iter   10 value 473.903056
iter   20 value 34.327037
iter   30 value 32.666642
iter   40 value 32.625939
final  value 32.624368 
converged
iter   10 value 472.975452
iter   20 value 36.566069
iter   30 value 32.666722
iter   40 value 32.497262
final  value 32.345083 
converged
iter   10 value 424.849436
iter   20 value 35.312196
final  value 32.601575 
converged
iter   10 value 376.970182
iter   20 value 51.494732
iter   30 value 32.672277
iter   40 value 32.664076
iter   50 value 32.374593
final  value 32.345083 
converged
iter   10 value 473.823876
iter   20 value 34.321361
iter   30 value 32.666723
iter   40 value 32.569852
iter   50 value 32.398695
iter   60 value 32.345083
final  value 32.345083 
converged
iter   10 value 398.538295
iter   20 value 34.697181
final  value 32.667959 
converged
iter   10 value 317.382777
iter   20 value 51.479837
iter   30 value 35.691573
final  value 32.666122 
converged
iter   10 value 474.132017
iter   20 value 34.320731
iter   30 value 32.665827
iter   40 value 32.618666
iter   50 value 32.591936
iter   60 value 32.345108
final  value 32.345083 
converged
iter   10 value 474.031139
iter   20 value 34.348766
final  value 32.666716 
converged
iter   10 value 423.397835
iter   20 value 54.174091
iter   30 value 32.666626
final  value 32.666280 
converged
iter   10 value 398.282469
iter   20 value 48.741165
iter   30 value 32.666595
final  value 32.666595 
converged
iter   10 value 365.092140
iter   20 value 33.653555
iter   30 value 32.666450
iter   40 value 32.620777
iter   50 value 32.616858
iter   60 value 32.594720
final  value 32.562804 
converged
iter   10 value 336.397953
iter   20 value 34.150741
final  value 32.667411 
converged
iter   10 value 472.957090
iter   20 value 36.367493
final  value 32.666773 
converged
iter   10 value 471.448260
iter   20 value 34.086511
final  value 32.667118 
converged
iter   10 value 319.417972
iter   20 value 52.995533
iter   30 value 32.667665
final  value 32.667381 
converged
iter   10 value 420.107582
iter   20 value 35.264547
final  value 32.606301 
converged
iter   10 value 422.867387
iter   20 value 32.896523
final  value 32.666900 
converged
iter   10 value 473.459541
iter   20 value 36.794972
iter   30 value 32.666834
final  value 32.666834 
converged
iter   10 value 426.466026
iter   20 value 35.328754
final  value 32.597277 
converged
iter   10 value 467.780368
iter   20 value 34.213681
final  value 32.663502 
converged
iter   10 value 475.483778
iter   20 value 35.340971
final  value 32.655431 
converged
iter   10 value 436.759183
iter   20 value 32.976509
final  value 32.666360 
converged
iter   10 value 412.863172
iter   20 value 32.897319
final  value 32.666506 
converged
iter   10 value 470.437713
iter   20 value 33.569862
iter   30 value 32.666844
final  value 32.666844 
converged
iter   10 value 464.204688
iter   20 value 32.908384
final  value 32.666768 
converged
iter   10 value 433.516340
iter   20 value 35.378855
final  value 32.563831 
converged
iter   10 value 455.490911
iter   20 value 32.758425
final  value 32.666705 
converged
iter   10 value 473.809051
iter   20 value 34.857448
final  value 32.669976 
converged
iter   10 value 442.145391
iter   20 value 54.087826
iter   30 value 32.668450
final  value 32.668450 
converged
iter   10 value 474.914983
iter   20 value 34.059456
final  value 32.854292 
converged
iter   10 value 451.487860
iter   20 value 32.857677
final  value 32.667160 
converged
iter   10 value 474.224601
iter   20 value 34.255688
iter   30 value 32.666971
iter   40 value 32.666704
iter   50 value 32.621568
iter   60 value 32.354422
iter   70 value 32.345108
final  value 32.345106 
converged
iter   10 value 350.835565
iter   20 value 42.533906
iter   30 value 32.667903
iter   40 value 32.667545
iter   50 value 32.594559
iter   60 value 32.589708
iter   70 value 32.348743
iter   80 value 32.345083
final  value 32.345083 
converged
iter   10 value 473.070032
iter   20 value 37.114666
iter   30 value 32.651604
iter   40 value 32.345159
final  value 32.345083 
converged
iter   10 value 439.830272
iter   20 value 51.021300
iter   30 value 32.666979
final  value 32.666714 
converged
iter   10 value 419.446721
iter   20 value 35.256656
iter   30 value 32.606125
iter   40 value 32.602439
iter   50 value 32.601984
iter   60 value 32.558583
iter   70 value 32.345083
final  value 32.345083 
converged
iter   10 value 314.266341
iter   20 value 52.053561
iter   30 value 52.044106
iter   40 value 35.258233
final  value 32.383175 
converged
iter   10 value 473.325573
iter   20 value 35.586837
iter   30 value 32.666825
final  value 32.666825 
converged
iter   10 value 334.065688
iter   20 value 52.003132
iter   30 value 45.981180
iter   40 value 32.667721
final  value 32.667721 
converged
iter   10 value 411.990791
iter   20 value 54.477965
iter   30 value 46.956586
final  value 32.666632 
converged
iter   10 value 403.835700
iter   20 value 32.877706
final  value 32.666545 
converged
iter   10 value 424.052954
iter   20 value 32.994199
final  value 32.666674 
converged
iter   10 value 418.313187
iter   20 value 32.893324
final  value 32.666681 
converged
iter   10 value 474.892412
iter   20 value 34.584453
iter   30 value 32.347855
iter   40 value 32.346995
final  value 32.345083 
converged
iter   10 value 475.132446
iter   20 value 35.801347
iter   30 value 32.667553
final  value 32.667553 
converged
iter   10 value 428.293980
iter   20 value 32.747463
final  value 32.711746 
converged
iter   10 value 422.616342
iter   20 value 32.896833
final  value 32.666685 
converged
iter   10 value 429.940075
iter   20 value 32.946589
final  value 32.661734 
converged
iter   10 value 437.161419
iter   20 value 32.943167
final  value 32.666326 
converged
iter   10 value 441.397989
iter   20 value 32.698558
final  value 32.666118 
converged
iter   10 value 442.813575
iter   20 value 32.751122
final  value 32.566753 
converged
iter   10 value 475.491285
iter   20 value 35.332537
final  value 32.648317 
converged
iter   10 value 475.389293
iter   20 value 35.305368
final  value 32.657270 
converged
iter   10 value 432.253179
iter   20 value 32.684959
iter   30 value 32.345083
final  value 32.345083 
converged
iter   10 value 444.722018
iter   20 value 32.825338
final  value 32.666405 
converged
iter   10 value 445.193052
iter   20 value 32.900446
final  value 32.666423 
converged
iter   10 value 444.759392
iter   20 value 32.824355
final  value 32.666390 
converged
iter   10 value 439.208439
iter   20 value 32.743552
final  value 32.657748 
converged
iter   10 value 446.676321
iter   20 value 32.870853
final  value 32.666330 
converged
iter   10 value 475.672165
iter   20 value 35.371271
final  value 32.638510 
converged
iter   10 value 446.954096
iter   20 value 32.871516
final  value 32.666346 
converged
> 
> 
> 
> 
> ##ACCELERATED AND DECELERATED MODELS
> modelaccellndiag=fit.multivariate.URW(multilnmorpholnenvi, R="diag", r="accel",trace=TRUE, iterations=100, iter.sd=0.000001)
iter   10 value 263.118901
iter   20 value 35.069836
final  value 35.004504 
converged
iter   10 value 264.926875
iter   20 value 35.069815
final  value 34.999115 
converged
iter   10 value 264.856256
iter   20 value 35.073369
final  value 34.960459 
converged
iter   10 value 266.235172
iter   20 value 35.065367
final  value 34.980443 
converged
iter   10 value 263.688546
iter   20 value 35.101574
iter   30 value 34.850419
final  value 34.850419 
converged
iter   10 value 264.758705
iter   20 value 35.072821
final  value 35.000545 
converged
iter   10 value 264.627872
iter   20 value 35.064137
final  value 35.004067 
converged
iter   10 value 264.925177
iter   20 value 35.055437
final  value 35.005394 
converged
iter   10 value 263.965155
iter   20 value 35.031876
final  value 35.001492 
converged
iter   10 value 264.105198
iter   20 value 35.018540
final  value 35.005093 
converged
iter   10 value 264.475550
iter   20 value 35.041859
iter   30 value 34.859153
final  value 34.859153 
converged
iter   10 value 264.103395
iter   20 value 35.018754
final  value 35.005153 
converged
iter   10 value 264.178545
iter   20 value 35.037543
final  value 35.006936 
converged
iter   10 value 263.856201
iter   20 value 35.022799
final  value 35.007073 
converged
iter   10 value 263.861197
iter   20 value 35.018232
final  value 35.007263 
converged
iter   10 value 263.459219
iter   20 value 35.139942
final  value 35.006268 
converged
iter   10 value 263.160077
iter   20 value 35.048541
iter   30 value 35.005313
iter   40 value 34.770295
iter   50 value 32.290724
iter   60 value 32.285524
iter   70 value 32.269059
final  value 32.269059 
converged
iter   10 value 264.957047
iter   20 value 35.082050
final  value 35.005171 
converged
iter   10 value 262.474830
iter   20 value 35.015299
iter   30 value 34.994825
final  value 34.945146 
converged
iter   10 value 262.437761
iter   20 value 35.017286
iter   30 value 34.972223
final  value 34.870624 
converged
iter   10 value 262.446921
iter   20 value 35.016658
iter   30 value 34.982611
final  value 34.889627 
converged
iter   10 value 262.525869
iter   20 value 35.041179
final  value 34.948343 
converged
iter   10 value 262.259786
iter   20 value 35.049008
final  value 35.006251 
converged
iter   10 value 262.454954
iter   20 value 35.016220
iter   30 value 34.987600
final  value 34.906122 
converged
iter   10 value 262.286204
iter   20 value 35.041704
final  value 35.006715 
converged
iter   10 value 262.236859
iter   20 value 35.056243
final  value 35.004681 
converged
iter   10 value 262.463333
iter   20 value 35.015695
iter   30 value 34.991956
final  value 34.922934 
converged
iter   10 value 262.489013
iter   20 value 35.014748
iter   30 value 34.997516
final  value 34.958764 
converged
iter   10 value 262.477060
iter   20 value 35.015091
iter   30 value 34.995894
final  value 34.951214 
converged
iter   10 value 262.625391
iter   20 value 35.018516
final  value 35.002252 
converged
iter   10 value 262.461223
iter   20 value 35.015853
iter   30 value 34.990761
final  value 34.915524 
converged
iter   10 value 262.426764
iter   20 value 35.017764
iter   30 value 34.960592
final  value 34.859552 
converged
iter   10 value 262.456004
iter   20 value 35.015828
iter   30 value 34.990955
final  value 34.920146 
converged
iter   10 value 262.686266
iter   20 value 35.018629
final  value 35.006969 
converged
iter   10 value 262.409351
iter   20 value 35.019305
iter   30 value 34.891674
final  value 34.851415 
converged
iter   10 value 262.578024
iter   20 value 35.013416
iter   30 value 34.999984
final  value 34.851296 
converged
iter   10 value 262.653537
iter   20 value 35.018918
iter   30 value 34.841089
iter   40 value 34.753119
final  value 34.753089 
converged
iter   10 value 262.546667
iter   20 value 35.014686
final  value 35.006563 
converged
iter   10 value 262.574023
iter   20 value 35.012829
iter   30 value 34.937446
iter   40 value 34.862876
iter   50 value 34.861453
iter   60 value 34.849602
final  value 34.849364 
converged
iter   10 value 262.304255
iter   20 value 35.037020
final  value 35.006756 
converged
iter   10 value 262.294016
iter   20 value 35.038548
final  value 35.006751 
converged
iter   10 value 262.562716
iter   20 value 35.012321
iter   30 value 35.000252
iter   40 value 34.864994
final  value 34.852766 
converged
iter   10 value 262.797898
iter   20 value 35.053610
iter   30 value 34.983870
iter   40 value 34.910399
iter   50 value 34.849004
iter   60 value 34.846207
final  value 34.846207 
converged
iter   10 value 262.545830
iter   20 value 35.018765
final  value 35.006829 
converged
iter   10 value 262.458839
iter   20 value 35.016284
iter   30 value 34.987189
final  value 34.904449 
converged
iter   10 value 262.244849
iter   20 value 35.054742
final  value 35.005180 
converged
iter   10 value 262.158534
iter   20 value 35.092644
iter   30 value 34.853574
final  value 34.853574 
converged
iter   10 value 262.369761
iter   20 value 35.025628
final  value 34.990295 
converged
iter   10 value 262.260856
iter   20 value 35.051702
final  value 35.005900 
converged
iter   10 value 261.960294
iter   20 value 35.134696
iter   30 value 34.893527
final  value 34.850172 
converged
iter   10 value 262.354370
iter   20 value 35.027637
final  value 35.004131 
converged
iter   10 value 262.481450
iter   20 value 35.015155
iter   30 value 34.995575
final  value 34.945845 
converged
iter   10 value 262.521076
iter   20 value 35.046639
iter   30 value 33.710604
iter   40 value 32.144204
final  value 32.144203 
converged
iter   10 value 262.192976
iter   20 value 35.073110
final  value 34.985073 
converged
iter   10 value 262.097641
iter   20 value 35.117635
iter   30 value 34.853380
iter   40 value 34.847756
final  value 34.844972 
converged
iter   10 value 262.300222
iter   20 value 35.036957
final  value 35.006750 
converged
iter   10 value 262.593363
iter   20 value 35.015687
iter   30 value 35.003406
final  value 34.995934 
converged
iter   10 value 261.997227
iter   20 value 35.259413
iter   30 value 34.983576
iter   40 value 34.853344
final  value 34.853089 
converged
iter   10 value 264.956686
iter   20 value 35.083026
final  value 35.005142 
converged
iter   10 value 262.273100
iter   20 value 35.044819
final  value 35.006596 
converged
iter   10 value 262.299013
iter   20 value 35.037292
final  value 35.006747 
converged
iter   10 value 262.315711
iter   20 value 35.033364
final  value 35.006627 
converged
iter   10 value 264.954194
iter   20 value 35.081910
final  value 35.005172 
converged
iter   10 value 264.957728
iter   20 value 35.082355
final  value 35.005161 
converged
iter   10 value 262.301253
iter   20 value 35.036849
final  value 35.006744 
converged
iter   10 value 262.386729
iter   20 value 35.021895
iter   30 value 34.852487
final  value 34.852487 
converged
iter   10 value 264.960989
iter   20 value 35.083583
final  value 35.005128 
converged
iter   10 value 261.609796
iter   20 value 35.012641
iter   30 value 33.824455
iter   40 value 32.130768
final  value 32.121495 
converged
iter   10 value 261.795104
ERROR : L-BFGS-B needs finite values of 'fn' 
iter   10 value 262.073483
iter   20 value 35.128156
iter   30 value 34.849388
final  value 34.849387 
converged
iter   10 value 262.283863
iter   20 value 35.041268
final  value 35.006715 
converged
iter   10 value 262.321835
iter   20 value 35.031709
final  value 35.006442 
converged
iter   10 value 262.249763
iter   20 value 35.049838
final  value 35.006138 
converged
iter   10 value 262.667148
iter   20 value 35.018823
iter   30 value 34.887857
final  value 34.851995 
converged
iter   10 value 262.584229
iter   20 value 35.014453
final  value 35.006762 
converged
iter   10 value 262.648661
iter   20 value 35.018882
iter   30 value 34.852804
final  value 34.852804 
converged
iter   10 value 264.948233
iter   20 value 35.081268
final  value 35.005158 
converged
iter   10 value 263.070424
iter   20 value 35.054480
final  value 35.006996 
converged
iter   10 value 263.561143
iter   20 value 35.140604
final  value 35.007113 
converged
iter   10 value 263.781556
iter   20 value 35.043155
final  value 35.006836 
converged
iter   10 value 264.058408
iter   20 value 35.015063
final  value 34.995616 
converged
iter   10 value 264.498951
iter   20 value 35.045102
iter   30 value 34.875662
final  value 34.849435 
converged
iter   10 value 264.891732
iter   20 value 35.047709
final  value 35.005423 
converged
iter   10 value 264.920264
iter   20 value 35.062400
final  value 35.005482 
converged
iter   10 value 264.884848
iter   20 value 35.094810
final  value 35.005414 
converged
iter   10 value 264.410594
iter   20 value 35.028113
iter   30 value 34.852068
final  value 34.852068 
converged
iter   10 value 264.591391
iter   20 value 35.059431
final  value 35.003565 
converged
iter   10 value 264.461462
iter   20 value 35.038047
iter   30 value 34.852862
final  value 34.852862 
converged
iter   10 value 264.574918
iter   20 value 35.057324
iter   30 value 34.884760
iter   40 value 34.854208
iter   50 value 34.852475
iter   60 value 34.845448
final  value 34.845448 
converged
iter   10 value 264.328755
iter   20 value 35.011139
iter   30 value 34.850463
final  value 34.850463 
converged
iter   10 value 264.430371
iter   20 value 35.030629
iter   30 value 34.851875
final  value 34.851875 
converged
iter   10 value 264.794894
iter   20 value 35.072402
final  value 34.999750 
converged
iter   10 value 264.656497
iter   20 value 35.066685
final  value 35.003978 
converged
iter   10 value 264.704441
iter   20 value 35.047266
iter   30 value 34.847114
final  value 34.847114 
converged
iter   10 value 264.837447
iter   20 value 35.025815
final  value 35.006020 
converged
iter   10 value 264.817499
iter   20 value 35.073070
iter   30 value 34.853440
final  value 34.853440 
converged
iter   10 value 264.657352
iter   20 value 35.065322
final  value 35.003780 
converged
iter   10 value 264.918094
iter   20 value 35.054630
final  value 35.005325 
converged
iter   10 value 264.316738
iter   20 value 35.011846
iter   30 value 34.876256
final  value 34.876256 
converged
iter   10 value 256.398136
iter   20 value 35.015224
final  value 35.004256 
converged
iter   10 value 265.012708
iter   20 value 35.088970
final  value 35.004449 
converged
> 
> 
> modeldecellndiag=fit.multivariate.URW(multilnmorpholnenvi, R="diag", r="decel",trace=TRUE, iterations=100, iter.sd=0.000001)
iter   10 value 700.619468
iter   20 value 65.025144
iter   30 value 32.735284
final  value 32.593111 
converged
iter   10 value 785.126296
iter   20 value 67.223206
final  value 38.809289 
converged
iter   10 value 697.283809
iter   20 value 59.908558
final  value 33.202285 
converged
iter   10 value 627.701830
iter   20 value 80.686701
iter   30 value 80.496179
iter   40 value 32.869809
final  value 32.166066 
converged
iter   10 value 673.265339
iter   20 value 80.488656
iter   30 value 32.253223
final  value 32.139055 
converged
iter   10 value 675.841596
iter   20 value 80.626925
iter   30 value 69.755856
iter   40 value 32.141167
final  value 32.141025 
converged
iter   10 value 499.398842
iter   20 value 105.640133
iter   30 value 59.167632
final  value 32.700280 
converged
iter   10 value 660.661446
iter   20 value 80.542286
final  value 80.542286 
converged
iter   10 value 659.497387
iter   20 value 63.453781
final  value 32.189169 
converged
iter   10 value 618.498936
iter   20 value 80.719507
final  value 80.714419 
converged
iter   10 value 632.219906
iter   20 value 80.740492
iter   30 value 32.248475
final  value 32.139017 
converged
iter   10 value 519.208708
iter   20 value 106.253770
final  value 80.912863 
converged
iter   10 value 592.836694
iter   20 value 104.622930
iter   30 value 81.171276
iter   40 value 32.904915
final  value 32.609944 
converged
iter   10 value 580.045115
iter   20 value 80.680912
iter   30 value 80.183825
iter   40 value 33.439098
final  value 32.134683 
converged
iter   10 value 531.915218
iter   20 value 108.294906
iter   30 value 80.910025
final  value 80.910024 
converged
iter   10 value 658.856067
iter   20 value 50.139848
final  value 32.136252 
converged
iter   10 value 653.742081
iter   20 value 54.250330
iter   30 value 32.138613
final  value 32.138612 
converged
iter   10 value 641.117138
iter   20 value 80.659772
iter   30 value 32.566479
final  value 32.139356 
converged
iter   10 value 671.158647
iter   20 value 79.038388
iter   30 value 32.346315
final  value 32.139058 
converged
iter   10 value 684.479605
iter   20 value 80.699955
iter   30 value 80.697664
iter   40 value 67.644047
iter   50 value 44.470252
iter   60 value 32.952718
iter   70 value 32.325126
iter   80 value 32.133994
final  value 32.133986 
converged
iter   10 value 662.451474
iter   20 value 80.662422
final  value 80.662418 
converged
iter   10 value 663.091831
iter   20 value 80.670066
final  value 80.670063 
converged
iter   10 value 680.843519
iter   20 value 80.759500
iter   30 value 60.269245
iter   40 value 32.788826
final  value 32.788826 
converged
iter   10 value 593.107993
iter   20 value 99.750243
iter   30 value 80.677541
iter   40 value 70.124810
iter   50 value 32.776476
final  value 32.776476 
converged
iter   10 value 622.668495
iter   20 value 107.951696
iter   30 value 42.965577
final  value 32.498519 
converged
iter   10 value 639.040358
iter   20 value 111.152666
iter   30 value 80.689015
final  value 80.689012 
converged
iter   10 value 502.367421
iter   20 value 72.542843
final  value 32.142619 
converged
iter   10 value 529.800197
iter   20 value 95.188583
iter   30 value 81.027133
iter   40 value 80.648457
iter   50 value 42.786220
iter   60 value 32.691170
final  value 32.691125 
converged
iter   10 value 491.575671
iter   20 value 107.501252
iter   30 value 80.930648
iter   40 value 80.904907
iter   50 value 34.294771
iter   60 value 32.782817
iter   70 value 32.782654
iter   80 value 32.775700
iter   90 value 32.193777
iter  100 value 32.133991
final  value 32.133986 
converged
iter   10 value 617.861595
iter   20 value 80.731403
iter   30 value 80.725947
iter   40 value 75.225382
iter   50 value 32.487355
iter   60 value 32.134841
final  value 32.134398 
converged
iter   10 value 668.793020
iter   20 value 40.391137
final  value 33.336026 
converged
iter   10 value 625.891209
iter   20 value 109.473386
iter   30 value 80.678095
final  value 80.678094 
converged
iter   10 value 651.958256
iter   20 value 58.102185
iter   30 value 32.134022
final  value 32.134022 
converged
iter   10 value 622.402393
iter   20 value 80.747150
iter   30 value 78.606308
iter   40 value 33.417890
final  value 32.141579 
converged
iter   10 value 649.127354
iter   20 value 80.416049
iter   30 value 32.143427
final  value 32.139564 
converged
iter   10 value 513.605452
iter   20 value 81.023692
iter   30 value 80.869319
iter   40 value 33.936755
final  value 32.134964 
converged
iter   10 value 601.295220
iter   20 value 104.654958
iter   30 value 99.811886
final  value 81.094242 
converged
iter   10 value 500.839046
iter   20 value 81.432373
iter   30 value 80.810714
iter   40 value 32.792991
final  value 32.782371 
converged
iter   10 value 504.201118
iter   20 value 80.897943
iter   30 value 32.139019
final  value 32.139019 
converged
iter   10 value 619.757143
iter   20 value 100.914269
iter   30 value 80.689905
iter   40 value 78.613660
iter   50 value 32.793383
final  value 32.793357 
converged
iter   10 value 514.405612
iter   20 value 81.713051
iter   30 value 80.929033
iter   40 value 32.782645
final  value 32.782645 
converged
iter   10 value 484.887791
iter   20 value 106.374647
iter   30 value 83.267973
iter   40 value 80.124537
iter   50 value 78.980835
iter   60 value 32.809108
final  value 32.808212 
converged
iter   10 value 671.026349
iter   20 value 32.660633
final  value 32.220361 
converged
iter   10 value 678.475856
iter   20 value 80.726944
iter   30 value 79.343959
iter   40 value 32.539175
final  value 32.141960 
converged
iter   10 value 621.729549
iter   20 value 80.375520
iter   30 value 32.184203
final  value 32.140745 
converged
iter   10 value 489.695776
iter   20 value 105.620888
iter   30 value 97.737561
iter   40 value 57.234556
iter   50 value 32.498932
final  value 32.498932 
converged
iter   10 value 565.161446
iter   20 value 80.584868
iter   30 value 55.429389
iter   40 value 32.155126
final  value 32.137466 
converged
iter   10 value 569.433621
iter   20 value 103.031022
iter   30 value 79.389796
iter   40 value 79.388036
iter   50 value 55.106177
iter   60 value 32.684246
final  value 32.684246 
converged
iter   10 value 630.353630
iter   20 value 80.718800
iter   30 value 38.520041
iter   40 value 32.139001
final  value 32.138968 
converged
iter   10 value 695.964922
iter   20 value 59.057231
final  value 33.083179 
converged
iter   10 value 685.489469
iter   20 value 80.478185
iter   30 value 79.409081
iter   40 value 33.851217
iter   50 value 32.569055
iter   60 value 32.552186
iter   70 value 32.551372
iter   80 value 32.551225
iter   90 value 32.490881
iter  100 value 32.221143
iter  110 value 32.139041
final  value 32.133987 
converged
iter   10 value 690.703336
iter   20 value 80.488471
final  value 80.488471 
converged
iter   10 value 692.017950
iter   20 value 80.543353
final  value 59.747350 
converged
iter   10 value 691.010708
iter   20 value 80.441707
final  value 80.441707 
converged
iter   10 value 682.120252
iter   20 value 80.551616
final  value 80.541574 
converged
iter   10 value 691.329469
iter   20 value 80.618830
final  value 80.618830 
converged
iter   10 value 655.664032
iter   20 value 76.898694
iter   30 value 32.136031
final  value 32.136019 
converged
iter   10 value 692.783156
iter   20 value 80.687977
iter   30 value 47.925675
final  value 32.812565 
converged
iter   10 value 483.925283
iter   20 value 106.048929
iter   30 value 99.643327
final  value 80.778741 
converged
iter   10 value 667.158797
iter   20 value 80.627142
iter   30 value 78.705611
iter   40 value 33.468703
final  value 32.136917 
converged
iter   10 value 677.998055
iter   20 value 79.196099
iter   30 value 79.052005
iter   40 value 42.052984
final  value 32.770164 
converged
iter   10 value 696.673487
iter   20 value 58.771622
final  value 32.830918 
converged
iter   10 value 643.572050
iter   20 value 113.177641
iter   30 value 109.085182
final  value 83.362688 
converged
iter   10 value 700.185083
iter   20 value 64.720853
final  value 42.223718 
converged
iter   10 value 673.072678
iter   20 value 80.326965
iter   30 value 32.151973
final  value 32.139002 
converged
iter   10 value 660.054226
iter   20 value 74.319044
iter   30 value 32.137961
final  value 32.137348 
converged
iter   10 value 665.107398
iter   20 value 80.652838
final  value 80.652838 
converged
iter   10 value 699.542360
iter   20 value 63.287123
iter   30 value 32.144814
final  value 32.134259 
converged
iter   10 value 700.989289
iter   20 value 65.261404
iter   30 value 32.137199
final  value 32.134097 
converged
iter   10 value 786.690035
iter   20 value 63.819126
final  value 37.766496 
converged
iter   10 value 699.252495
iter   20 value 61.964888
final  value 38.146092 
converged
iter   10 value 786.732110
iter   20 value 63.653561
final  value 37.275293 
converged
iter   10 value 627.165351
iter   20 value 112.374983
iter   30 value 111.501171
final  value 83.195314 
converged
iter   10 value 698.771198
iter   20 value 62.001220
final  value 62.001220 
converged
iter   10 value 697.132551
iter   20 value 59.402871
final  value 32.839472 
converged
iter   10 value 656.110771
iter   20 value 78.147545
iter   30 value 76.273526
iter   40 value 32.136084
final  value 32.135851 
converged
iter   10 value 689.998092
iter   20 value 55.178869
final  value 33.845829 
converged
iter   10 value 682.841888
iter   20 value 80.625730
final  value 80.617931 
converged
iter   10 value 695.281583
iter   20 value 80.134288
final  value 80.134288 
converged
iter   10 value 763.940263
iter   20 value 34.056918
final  value 32.318468 
converged
iter   10 value 696.483741
iter   20 value 58.723915
final  value 32.841808 
converged
iter   10 value 696.890990
iter   20 value 59.342745
final  value 32.858325 
converged
iter   10 value 689.352950
iter   20 value 48.353095
final  value 32.154521 
converged
iter   10 value 692.156923
iter   20 value 80.493785
iter   30 value 33.704447
final  value 32.932433 
converged
iter   10 value 675.470961
iter   20 value 80.646259
iter   30 value 64.308467
iter   40 value 32.141515
final  value 32.140792 
converged
iter   10 value 483.770362
iter   20 value 80.534127
iter   30 value 32.166834
final  value 32.139108 
converged
iter   10 value 683.801976
iter   20 value 80.704647
iter   30 value 80.698793
iter   40 value 44.595872
iter   50 value 32.765696
iter   60 value 32.199297
final  value 32.133998 
converged
iter   10 value 694.300156
iter   20 value 80.080346
final  value 54.641609 
converged
iter   10 value 694.919276
iter   20 value 84.776482
iter   30 value 84.743058
iter   40 value 81.996731
iter   50 value 32.155817
final  value 32.155667 
converged
iter   10 value 699.530705
iter   20 value 59.459650
final  value 37.138371 
converged
iter   10 value 698.223196
iter   20 value 61.356969
final  value 61.356969 
converged
iter   10 value 726.126866
iter   20 value 83.644454
iter   30 value 32.137672
final  value 32.137665 
converged
iter   10 value 686.173092
iter   20 value 80.728802
iter   30 value 80.524021
iter   40 value 43.918685
iter   50 value 32.134370
final  value 32.133986 
converged
iter   10 value 678.434745
iter   20 value 80.695575
iter   30 value 79.342087
iter   40 value 32.379558
final  value 32.141967 
converged
iter   10 value 692.658562
iter   20 value 80.712733
iter   30 value 47.458720
final  value 32.817834 
converged
iter   10 value 695.847019
iter   20 value 64.696429
iter   30 value 32.212703
final  value 32.137940 
converged
iter   10 value 700.455269
iter   20 value 64.781936
final  value 39.841990 
converged
iter   10 value 698.055659
iter   20 value 61.134535
final  value 61.134535 
converged
iter   10 value 689.187343
iter   20 value 48.109011
final  value 32.172103 
converged
iter   10 value 695.268071
iter   20 value 80.748408
final  value 80.748408 
converged
> 
> 
> 
> 
> 
> 
> 
> 
> save.image(file='Jensen_FINAL_junsept_1.RData')
> 
> 
> 
> 
> modelURWlndiag
$converge
[1] "Model converged successfully"

$modelName
[1] "Multivariate Random walk (R matrix with zero off-diagonal elements)"

$logL
[1] -32.34508

$AICc
[1] 73.31517

$ancestral.values
[1] 9.324052 4.476200

$SE.anc
[1] NA

$R
         [,1]     [,2]
[1,] 6.421191  0.00000
[2,] 0.000000 10.06506

$SE.R
[1] NA

$method
[1] "Joint"

$K
[1] 4

$n
[1] 69

$iter
[1] 100

attr(,"class")
[1] "paleoTSfit"
> 
> 
> modelaccellndiag
$converge
[1] "Model converged successfully"

$modelName
[1] "Multivariate Random walk with accelerating rate of evoluton (diagonal R matrix: no trait correlations)"

$logL
[1] -32.1215

$AICc
[1] 75.19537

$ancestral.values
[1] 9.320943 4.476200

$SE.anc
[1] NA

$r
[1] 0.3529105

$SE.r
[1] NA

$R
         [,1]     [,2]
[1,] 5.278107 0.000000
[2,] 0.000000 8.393765

$SE.R
[1] NA

$method
[1] "Joint"

$K
[1] 5

$n
[1] 69

$iter
[1] 100

attr(,"class")
[1] "paleoTSfit"
> 
> modeldecellndiag
$converge
[1] "Model converged successfully"

$modelName
[1] "Multivariate Random walk with decelerating rate of evoluton (diagonal R matrix: no trait correlations)"

$logL
[1] -32.13399

$AICc
[1] 75.22035

$ancestral.values
[1] 9.324052 4.476200

$SE.anc
[1] NA

$r
[1] -1e-13

$SE.r
[1] NA

$R
         [,1]     [,2]
[1,] 6.417446  0.00000
[2,] 0.000000 10.01127

$SE.R
[1] NA

$method
[1] "Joint"

$K
[1] 5

$n
[1] 69

$iter
[1] 100

attr(,"class")
[1] "paleoTSfit"
> 

Job 8883813 consumed 3.5 billing hours from project nn8105k.

Submitted 2023-07-04T15:18:07; waited 30.0 seconds in the queue after becoming eligible to run.

Requested wallclock time: 7.0 days
Elapsed wallclock time:   14.1 minutes

Task and CPU statistics:
ID             CPUs  Tasks  CPU util                Start  Elapsed  Exit status
8883813          15            0.0 %  2023-07-04T15:18:37  847.0 s  0
8883813.batch    15      1    57.7 %  2023-07-04T15:18:37  847.0 s  0

Used CPU time:   2.0 CPU hours
Unused CPU time: 1.5 CPU hours

Memory statistics, in GiB:
ID              Alloc   Usage
8883813           3.0        
8883813.batch     3.0     0.3

Job 8883813 completed at Tue Jul 4 15:32:44 CEST 2023
