Starting job 17569435 on c5-58 on Saga at Tue Apr 7 12:13:36 CEST 2026


Currently Loaded Modules:
  1) StdEnv                              (S)
  2) GCCcore/11.3.0
  3) zlib/1.2.12-GCCcore-11.3.0          (H)
  4) binutils/2.38-GCCcore-11.3.0        (H)
  5) GCC/11.3.0
  6) numactl/2.0.14-GCCcore-11.3.0       (H)
  7) XZ/5.2.5-GCCcore-11.3.0             (H)
  8) libxml2/2.9.13-GCCcore-11.3.0       (H)
  9) libpciaccess/0.16-GCCcore-11.3.0    (H)
 10) hwloc/2.7.1-GCCcore-11.3.0          (H)
 11) hpcx/2.14
 12) OpenMPI/4.1.4-GCC-11.3.0
 13) OpenBLAS/0.3.20-GCC-11.3.0
 14) FlexiBLAS/3.2.0-GCC-11.3.0
 15) FFTW/3.3.10-GCC-11.3.0
 16) gompi/2022a
 17) FFTW.MPI/3.3.10-gompi-2022a
 18) ScaLAPACK/2.2.0-gompi-2022a-fb
 19) foss/2022a
 20) bzip2/1.0.8-GCCcore-11.3.0          (H)
 21) expat/2.4.8-GCCcore-11.3.0          (H)
 22) libpng/1.6.37-GCCcore-11.3.0        (H)
 23) Brotli/1.0.9-GCCcore-11.3.0         (H)
 24) freetype/2.12.1-GCCcore-11.3.0      (H)
 25) ncurses/6.3-GCCcore-11.3.0          (H)
 26) util-linux/2.38-GCCcore-11.3.0      (H)
 27) fontconfig/2.14.0-GCCcore-11.3.0    (H)
 28) xorg-macros/1.19.3-GCCcore-11.3.0   (H)
 29) X11/20220504-GCCcore-11.3.0         (H)
 30) gzip/1.12-GCCcore-11.3.0            (H)
 31) lz4/1.9.3-GCCcore-11.3.0            (H)
 32) zstd/1.5.2-GCCcore-11.3.0           (H)
 33) libdrm/2.4.110-GCCcore-11.3.0       (H)
 34) libglvnd/1.4.0-GCCcore-11.3.0       (H)
 35) libunwind/1.6.2-GCCcore-11.3.0      (H)
 36) LLVM/14.0.3-GCCcore-11.3.0
 37) Mesa/22.0.3-GCCcore-11.3.0          (H)
 38) libGLU/9.0.2-GCCcore-11.3.0         (H)
 39) pixman/0.40.0-GCCcore-11.3.0        (H)
 40) libffi/3.4.2-GCCcore-11.3.0         (H)
 41) gettext/0.21-GCCcore-11.3.0         (H)
 42) PCRE/8.45-GCCcore-11.3.0            (H)
 43) GLib/2.72.1-GCCcore-11.3.0          (H)
 44) cairo/1.17.4-GCCcore-11.3.0         (H)
 45) libreadline/8.1.2-GCCcore-11.3.0    (H)
 46) Tcl/8.6.12-GCCcore-11.3.0           (H)
 47) SQLite/3.38.3-GCCcore-11.3.0        (H)
 48) PCRE2/10.40-GCCcore-11.3.0          (H)
 49) NASM/2.15.05-GCCcore-11.3.0         (H)
 50) libjpeg-turbo/2.1.3-GCCcore-11.3.0  (H)
 51) jbigkit/2.1-GCCcore-11.3.0          (H)
 52) libdeflate/1.10-GCCcore-11.3.0      (H)
 53) LibTIFF/4.3.0-GCCcore-11.3.0        (H)
 54) Java/11.0.16
 55) Tk/8.6.12-GCCcore-11.3.0            (H)
 56) OpenSSL/1.1                         (H)
 57) cURL/7.83.0-GCCcore-11.3.0          (H)
 58) GMP/6.2.1-GCCcore-11.3.0            (H)
 59) NLopt/2.7.1-GCCcore-11.3.0          (H)
 60) libogg/1.3.5-GCCcore-11.3.0         (H)
 61) FLAC/1.3.4-GCCcore-11.3.0           (H)
 62) libvorbis/1.3.7-GCCcore-11.3.0      (H)
 63) libopus/1.3.1-GCCcore-11.3.0        (H)
 64) LAME/3.100-GCCcore-11.3.0           (H)
 65) libsndfile/1.1.0-GCCcore-11.3.0     (H)
 66) ICU/71.1-GCCcore-11.3.0             (H)
 67) Szip/2.1.1-GCCcore-11.3.0           (H)
 68) HDF5/1.12.2-gompi-2022a
 69) UDUNITS/2.2.28-GCCcore-11.3.0
 70) GSL/2.7-GCC-11.3.0
 71) ATK/2.38.0-GCCcore-11.3.0           (H)
 72) Gdk-Pixbuf/2.42.8-GCCcore-11.3.0    (H)
 73) HarfBuzz/4.2.1-GCCcore-11.3.0       (H)
 74) FriBidi/1.0.12-GCCcore-11.3.0       (H)
 75) Pango/1.50.7-GCCcore-11.3.0         (H)
 76) GTK2/2.24.33-GCCcore-11.3.0         (H)
 77) Ghostscript/9.56.1-GCCcore-11.3.0   (H)
 78) JasPer/2.0.33-GCCcore-11.3.0        (H)
 79) LittleCMS/2.13.1-GCCcore-11.3.0     (H)
 80) ImageMagick/7.1.0-37-GCCcore-11.3.0 (H)
 81) GLPK/5.0-GCCcore-11.3.0             (H)
 82) nodejs/16.15.1-GCCcore-11.3.0       (H)
 83) Python/3.10.4-GCCcore-11.3.0
 84) netCDF/4.9.0-gompi-2022a
 85) GEOS/3.10.3-GCC-11.3.0
 86) nlohmann_json/3.10.5-GCCcore-11.3.0 (H)
 87) PROJ/9.0.0-GCCcore-11.3.0
 88) libgeotiff/1.7.1-GCCcore-11.3.0     (H)
 89) pybind11/2.9.2-GCCcore-11.3.0       (H)
 90) SciPy-bundle/2022.05-foss-2022a
 91) libtirpc/1.3.2-GCCcore-11.3.0       (H)
 92) HDF/4.2.15-GCCcore-11.3.0           (H)
 93) GDAL/3.5.0-foss-2022a
 94) MPFR/4.1.0-GCCcore-11.3.0           (H)
 95) libgit2/1.4.3-GCCcore-11.3.0        (H)
 96) R/4.2.1-foss-2022a

  Where:
   H:  Hidden Module
   S:  Module is Sticky, requires --force to unload or purge

 


R version 4.2.1 (2022-06-23) -- "Funny-Looking Kid"
Copyright (C) 2022 The R Foundation for Statistical Computing
Platform: x86_64-pc-linux-gnu (64-bit)

R is free software and comes with ABSOLUTELY NO WARRANTY.
You are welcome to redistribute it under certain conditions.
Type 'license()' or 'licence()' for distribution details.

  Natural language support but running in an English locale

R is a collaborative project with many contributors.
Type 'contributors()' for more information and
'citation()' on how to cite R or R packages in publications.

Type 'demo()' for some demos, 'help()' for on-line help, or
'help.start()' for an HTML browser interface to help.
Type 'q()' to quit R.

> ######################################
> ##                                  ##
> ##  SALMON - SENSITIVITY ANALYSIS   ##
> ##        iterations 25 - 50        ##  
> ##                                  ##
> ######################################
> 
> #R version 4.2.1
> .libPaths("/cluster/home/marionth/R")
> library(evoTS) #evoTS version 1.0.3
> 
> setwd("/cluster/home/marionth/Detrending")
> 
> 
> ###### GET THE OUTPUT FOR THE SALMON BEST MODEL ######
> # Load evoTS object and best model output for the salmon dataset
> load("salmon_evoTS_obj.RData")
> load("salmon_bestmodel.RData")
> 
> # Get the parameter estimates for matrices A and R
> A_matrix<-salmon_best_model$A
> R_matrix<-salmon_best_model$R
> anc = salmon_best_model$anc
> optima = salmon_best_model$opt
> ts_length = length(ln.bodymass_ln.discharge_multiobj$xx[,1])
> 
> nrep <- 25
> winners <- character(nrep)   # store best model name each run
> set.seed(125)
> i <- 0
> attempt <- 0
> 
> ###### SIMULATE THE TIME SERIES AND FIT MODELS TO THE DATASET ######
> while (i < nrep) {   
+   attempt <- attempt + 1
+   
+   # ---- Simulate the time series ----
+   data_sim<-sim.multi.OU(ts_length, anc = anc, optima = optima, A = A_matrix, R = R_matrix, vp = 0.000001)
+   data_sim$tt[,1] <- data_sim$tt[,1]/(max(data_sim$tt[,1])) # rescale the time vector
+   data_sim$tt[,2] <- data_sim$tt[,1]
+     
+   # ---- Fit models ----
+   m1<-fit.multivariate.URW(data_sim, R="diag")
+   print(m1$converge)
+   if (m1$converge != "Model converged successfully") { message("Attempt ", attempt, ": m1 did not converge, re-simulating."); next }   ###
+   m2 <- fit.multivariate.OU(data_sim, A.matrix="diag", R.matrix="diag")
+   print(m2$converge)
+   if (m2$converge != "Model converged successfully") { message("Attempt ", attempt, ": m2 did not converge, re-simulating."); next }   ###
+   m3 <- fit.multivariate.OU(data_sim, A.matrix="upper.tri", R.matrix="diag")
+   print(m3$converge)
+   if (m3$converge != "Model converged successfully") { message("Attempt ", attempt, ": m3 did not converge, re-simulating."); next }   ###
+   
+   i <- i + 1   ###
+   
+   # ---- Extract AICcs ----
+   aics <- c(
+     m1 = m1$AICc,
+     m2 = m2$AICc,
+     m3 = m3$AICc
+   )
+   
+   print(i)
+   print(aics)
+   
+   # ---- Store best model ----
+   winners[i] <- names(which.min(aics))
+ }
[1] "Model converged successfully"
[1] "Model converged successfully"
[1] "Model converged successfully"
[1] 1
      m1       m2       m3 
81.12994 63.82256 43.39125 
[1] "Model converged successfully"
[1] "Model converged successfully"
[1] "Model converged successfully"
[1] 2
      m1       m2       m3 
91.01849 78.60685 72.01836 
[1] "Model converged successfully"
[1] "Model converged successfully"
[1] "Model converged successfully"
[1] 3
      m1       m2       m3 
92.35040 77.80917 70.84022 
[1] "Model converged successfully"
[1] "Model converged successfully"
[1] "Model converged successfully"
[1] 4
       m1        m2        m3 
120.30025 106.00055  85.31601 
[1] "Model converged successfully"
[1] "Model converged successfully"
[1] "Model converged successfully"
[1] 5
       m1        m2        m3 
107.92091  87.50385  70.78046 
[1] "Model converged successfully"
[1] "Model converged successfully"
[1] "Model converged successfully"
[1] 6
       m1        m2        m3 
107.28135  92.10753  73.45994 
[1] "Model converged successfully"
[1] "Model converged successfully"
[1] "Model converged successfully"
[1] 7
      m1       m2       m3 
68.34082 58.08594 40.54329 
[1] "Model converged successfully"
[1] "Model converged successfully"
[1] "Model converged successfully"
[1] 8
      m1       m2       m3 
110.7996 101.0819  86.7796 
[1] "Model converged successfully"
[1] "Model converged successfully"
[1] "Model converged successfully"
[1] 9
      m1       m2       m3 
132.3536 117.6110 120.4965 
[1] "Model converged successfully"
[1] "Model converged successfully"
[1] "Model converged successfully"
[1] 10
      m1       m2       m3 
90.24341 75.95973 69.46548 
[1] "Model converged successfully"
[1] "Model converged successfully"
[1] "Model converged successfully"
[1] 11
       m1        m2        m3 
117.39482  95.58031  96.94963 
[1] "Model converged successfully"
[1] "Model converged successfully"
[1] "Model converged successfully"
[1] 12
       m1        m2        m3 
101.23969  85.85086  79.35703 
[1] "Model converged successfully"
[1] "Model converged successfully"
[1] "Model converged successfully"
[1] 13
      m1       m2       m3 
94.14443 85.17610 74.32392 
[1] "Model converged successfully"
[1] "Model converged successfully"
[1] "Model converged successfully"
[1] 14
      m1       m2       m3 
147.0582 132.7470 135.2151 
[1] "Model converged successfully"
[1] "Model converged successfully"
[1] "Model converged successfully"
[1] 15
      m1       m2       m3 
77.06161 54.78880 28.98716 
[1] "Model converged successfully"
[1] "Model converged successfully"
[1] "Model converged successfully"
[1] 16
       m1        m2        m3 
124.93041 108.96858  90.42388 
[1] "Model converged successfully"
[1] "Model converged successfully"
[1] "Model converged successfully"
[1] 17
      m1       m2       m3 
91.30311 67.06088 59.34022 
[1] "Model converged successfully"
[1] "Model converged successfully"
[1] "Model converged successfully"
[1] 18
      m1       m2       m3 
97.73655 85.81226 49.56109 
[1] "Model converged successfully"
[1] "Model converged successfully"
[1] "Model converged successfully"
[1] 19
      m1       m2       m3 
86.48608 71.16183 67.25681 
[1] "Model converged successfully"
[1] "Model converged successfully"
[1] "Model converged successfully"
[1] 20
      m1       m2       m3 
59.70681 48.86048 44.17351 
[1] "Model converged successfully"
[1] "Model converged successfully"
[1] "The search algorithm stopped as it did not make progress towards the optimal solution"
Attempt 21: m3 did not converge, re-simulating.
[1] "Model converged successfully"
[1] "Model converged successfully"
[1] "Model converged successfully"
[1] 21
      m1       m2       m3 
65.83949 44.76748 32.64602 
[1] "Model converged successfully"
[1] "Model converged successfully"
[1] "Model converged successfully"
[1] 22
      m1       m2       m3 
69.41929 43.95206 38.08522 
[1] "Model converged successfully"
[1] "Model converged successfully"
[1] "Model converged successfully"
[1] 23
      m1       m2       m3 
86.24786 71.33735 65.63684 
[1] "Model converged successfully"
[1] "Model converged successfully"
[1] "Model converged successfully"
[1] 24
       m1        m2        m3 
125.93689 103.55175  91.76577 
[1] "Model converged successfully"
[1] "Model converged successfully"
[1] "Model converged successfully"
[1] 25
       m1        m2        m3 
116.46311 108.63957  57.70788 
> 
> # ---- Count how often each model wins ----
> table(winners)
winners
m2 m3 
 3 22 
> 
> save(winners, file = "salmon_sensitivity_analysis_it25.RData")
> 

Job 17569435 consumed 30.0 billing hours from project nn8105k.

Submitted 2026-04-07T12:13:30; waited 5.0 seconds in the queue after becoming eligible to run.

Requested wallclock time: 7.0 days
Elapsed wallclock time:   1.3 days

Job exited normally.

Task and CPU statistics:
ID              CPUs  Tasks  CPU util                Start  Elapsed  Exit status
17569435           1            0.0 %  2026-04-07T12:13:35   30.0 h  0
17569435.batch     1      1    99.5 %  2026-04-07T12:13:35   30.0 h  0

Used CPU time:   1.2 CPU days
Unused CPU time: 9.8 CPU minutes

Memory statistics, in GiB:
ID               Alloc   Usage
17569435           2.0        
17569435.batch     2.0     0.2

Job 17569435 completed at Wed Apr 8 18:16:20 CEST 2026
