Starting job 17569422 on c5-60 on Saga at Tue Apr 7 12:00:22 CEST 2026


Currently Loaded Modules:
  1) StdEnv                              (S)
  2) GCCcore/11.3.0
  3) zlib/1.2.12-GCCcore-11.3.0          (H)
  4) binutils/2.38-GCCcore-11.3.0        (H)
  5) GCC/11.3.0
  6) numactl/2.0.14-GCCcore-11.3.0       (H)
  7) XZ/5.2.5-GCCcore-11.3.0             (H)
  8) libxml2/2.9.13-GCCcore-11.3.0       (H)
  9) libpciaccess/0.16-GCCcore-11.3.0    (H)
 10) hwloc/2.7.1-GCCcore-11.3.0          (H)
 11) hpcx/2.14
 12) OpenMPI/4.1.4-GCC-11.3.0
 13) OpenBLAS/0.3.20-GCC-11.3.0
 14) FlexiBLAS/3.2.0-GCC-11.3.0
 15) FFTW/3.3.10-GCC-11.3.0
 16) gompi/2022a
 17) FFTW.MPI/3.3.10-gompi-2022a
 18) ScaLAPACK/2.2.0-gompi-2022a-fb
 19) foss/2022a
 20) bzip2/1.0.8-GCCcore-11.3.0          (H)
 21) expat/2.4.8-GCCcore-11.3.0          (H)
 22) libpng/1.6.37-GCCcore-11.3.0        (H)
 23) Brotli/1.0.9-GCCcore-11.3.0         (H)
 24) freetype/2.12.1-GCCcore-11.3.0      (H)
 25) ncurses/6.3-GCCcore-11.3.0          (H)
 26) util-linux/2.38-GCCcore-11.3.0      (H)
 27) fontconfig/2.14.0-GCCcore-11.3.0    (H)
 28) xorg-macros/1.19.3-GCCcore-11.3.0   (H)
 29) X11/20220504-GCCcore-11.3.0         (H)
 30) gzip/1.12-GCCcore-11.3.0            (H)
 31) lz4/1.9.3-GCCcore-11.3.0            (H)
 32) zstd/1.5.2-GCCcore-11.3.0           (H)
 33) libdrm/2.4.110-GCCcore-11.3.0       (H)
 34) libglvnd/1.4.0-GCCcore-11.3.0       (H)
 35) libunwind/1.6.2-GCCcore-11.3.0      (H)
 36) LLVM/14.0.3-GCCcore-11.3.0
 37) Mesa/22.0.3-GCCcore-11.3.0          (H)
 38) libGLU/9.0.2-GCCcore-11.3.0         (H)
 39) pixman/0.40.0-GCCcore-11.3.0        (H)
 40) libffi/3.4.2-GCCcore-11.3.0         (H)
 41) gettext/0.21-GCCcore-11.3.0         (H)
 42) PCRE/8.45-GCCcore-11.3.0            (H)
 43) GLib/2.72.1-GCCcore-11.3.0          (H)
 44) cairo/1.17.4-GCCcore-11.3.0         (H)
 45) libreadline/8.1.2-GCCcore-11.3.0    (H)
 46) Tcl/8.6.12-GCCcore-11.3.0           (H)
 47) SQLite/3.38.3-GCCcore-11.3.0        (H)
 48) PCRE2/10.40-GCCcore-11.3.0          (H)
 49) NASM/2.15.05-GCCcore-11.3.0         (H)
 50) libjpeg-turbo/2.1.3-GCCcore-11.3.0  (H)
 51) jbigkit/2.1-GCCcore-11.3.0          (H)
 52) libdeflate/1.10-GCCcore-11.3.0      (H)
 53) LibTIFF/4.3.0-GCCcore-11.3.0        (H)
 54) Java/11.0.16
 55) Tk/8.6.12-GCCcore-11.3.0            (H)
 56) OpenSSL/1.1                         (H)
 57) cURL/7.83.0-GCCcore-11.3.0          (H)
 58) GMP/6.2.1-GCCcore-11.3.0            (H)
 59) NLopt/2.7.1-GCCcore-11.3.0          (H)
 60) libogg/1.3.5-GCCcore-11.3.0         (H)
 61) FLAC/1.3.4-GCCcore-11.3.0           (H)
 62) libvorbis/1.3.7-GCCcore-11.3.0      (H)
 63) libopus/1.3.1-GCCcore-11.3.0        (H)
 64) LAME/3.100-GCCcore-11.3.0           (H)
 65) libsndfile/1.1.0-GCCcore-11.3.0     (H)
 66) ICU/71.1-GCCcore-11.3.0             (H)
 67) Szip/2.1.1-GCCcore-11.3.0           (H)
 68) HDF5/1.12.2-gompi-2022a
 69) UDUNITS/2.2.28-GCCcore-11.3.0
 70) GSL/2.7-GCC-11.3.0
 71) ATK/2.38.0-GCCcore-11.3.0           (H)
 72) Gdk-Pixbuf/2.42.8-GCCcore-11.3.0    (H)
 73) HarfBuzz/4.2.1-GCCcore-11.3.0       (H)
 74) FriBidi/1.0.12-GCCcore-11.3.0       (H)
 75) Pango/1.50.7-GCCcore-11.3.0         (H)
 76) GTK2/2.24.33-GCCcore-11.3.0         (H)
 77) Ghostscript/9.56.1-GCCcore-11.3.0   (H)
 78) JasPer/2.0.33-GCCcore-11.3.0        (H)
 79) LittleCMS/2.13.1-GCCcore-11.3.0     (H)
 80) ImageMagick/7.1.0-37-GCCcore-11.3.0 (H)
 81) GLPK/5.0-GCCcore-11.3.0             (H)
 82) nodejs/16.15.1-GCCcore-11.3.0       (H)
 83) Python/3.10.4-GCCcore-11.3.0
 84) netCDF/4.9.0-gompi-2022a
 85) GEOS/3.10.3-GCC-11.3.0
 86) nlohmann_json/3.10.5-GCCcore-11.3.0 (H)
 87) PROJ/9.0.0-GCCcore-11.3.0
 88) libgeotiff/1.7.1-GCCcore-11.3.0     (H)
 89) pybind11/2.9.2-GCCcore-11.3.0       (H)
 90) SciPy-bundle/2022.05-foss-2022a
 91) libtirpc/1.3.2-GCCcore-11.3.0       (H)
 92) HDF/4.2.15-GCCcore-11.3.0           (H)
 93) GDAL/3.5.0-foss-2022a
 94) MPFR/4.1.0-GCCcore-11.3.0           (H)
 95) libgit2/1.4.3-GCCcore-11.3.0        (H)
 96) R/4.2.1-foss-2022a

  Where:
   H:  Hidden Module
   S:  Module is Sticky, requires --force to unload or purge

 


R version 4.2.1 (2022-06-23) -- "Funny-Looking Kid"
Copyright (C) 2022 The R Foundation for Statistical Computing
Platform: x86_64-pc-linux-gnu (64-bit)

R is free software and comes with ABSOLUTELY NO WARRANTY.
You are welcome to redistribute it under certain conditions.
Type 'license()' or 'licence()' for distribution details.

  Natural language support but running in an English locale

R is a collaborative project with many contributors.
Type 'contributors()' for more information and
'citation()' on how to cite R or R packages in publications.

Type 'demo()' for some demos, 'help()' for on-line help, or
'help.start()' for an HTML browser interface to help.
Type 'q()' to quit R.

> ######################################
> ##                                  ##
> ##  SALMON - SENSITIVITY ANALYSIS   ##
> ##        iterations 1 - 25         ##  
> ##                                  ##
> ######################################
> 
> #R version 4.2.1
> .libPaths("/cluster/home/marionth/R")
> library(evoTS) #evoTS version 1.0.3
> 
> setwd("/cluster/home/marionth/Detrending")
> 
> 
> ###### GET THE OUTPUT FOR THE SALMON BEST MODEL ######
> # Load evoTS object and best model output for the salmon dataset
> load("salmon_evoTS_obj.RData")
> load("salmon_bestmodel.RData")
> 
> # Get the parameter estimates for matrices A and R
> A_matrix<-salmon_best_model$A
> R_matrix<-salmon_best_model$R
> anc = salmon_best_model$anc
> optima = salmon_best_model$opt
> ts_length = length(ln.bodymass_ln.discharge_multiobj$xx[,1])
> 
> nrep <- 25
> winners <- character(nrep)   # store best model name each run
> set.seed(1)
> i <- 0
> attempt <- 0
> 
> ###### SIMULATE THE TIME SERIES AND FIT MODELS TO THE DATASET ######
> while (i < nrep) {   
+   attempt <- attempt + 1
+   
+   # ---- Simulate the time series ----
+   data_sim<-sim.multi.OU(ts_length, anc = anc, optima = optima, A = A_matrix, R = R_matrix, vp = 0.000001)
+   data_sim$tt[,1] <- data_sim$tt[,1]/(max(data_sim$tt[,1])) # rescale the time vector
+   data_sim$tt[,2] <- data_sim$tt[,1]
+     
+   # ---- Fit models ----
+   m1<-fit.multivariate.URW(data_sim, R="diag")
+   print(m1$converge)
+   if (m1$converge != "Model converged successfully") { message("Attempt ", attempt, ": m1 did not converge, re-simulating."); next }   ###
+   m2 <- fit.multivariate.OU(data_sim, A.matrix="diag", R.matrix="diag")
+   print(m2$converge)
+   if (m2$converge != "Model converged successfully") { message("Attempt ", attempt, ": m2 did not converge, re-simulating."); next }   ###
+   m3 <- fit.multivariate.OU(data_sim, A.matrix="upper.tri", R.matrix="diag")
+   print(m3$converge)
+   if (m3$converge != "Model converged successfully") { message("Attempt ", attempt, ": m3 did not converge, re-simulating."); next }   ###
+   
+   i <- i + 1   ###
+   
+   # ---- Extract AICcs ----
+   aics <- c(
+     m1 = m1$AICc,
+     m2 = m2$AICc,
+     m3 = m3$AICc
+   )
+   
+   print(i)
+   print(aics)
+   
+   # ---- Store best model ----
+   winners[i] <- names(which.min(aics))
+ }
[1] "Model converged successfully"
[1] "Model converged successfully"
[1] "Model converged successfully"
[1] 1
      m1       m2       m3 
54.03182 45.58940 36.54432 
[1] "Model converged successfully"
[1] "Model converged successfully"
[1] "Model converged successfully"
[1] 2
      m1       m2       m3 
60.60223 48.93608 24.50273 
[1] "Model converged successfully"
[1] "Model converged successfully"
[1] "Model converged successfully"
[1] 3
      m1       m2       m3 
88.20046 67.24549 74.51967 
[1] "Model converged successfully"
[1] "Model converged successfully"
[1] "Model converged successfully"
[1] 4
      m1       m2       m3 
116.3478 101.7988 106.0606 
[1] "Model converged successfully"
[1] "Model converged successfully"
[1] "Model converged successfully"
[1] 5
       m1        m2        m3 
120.73926 105.36721  96.78944 
[1] "Model converged successfully"
[1] "Model converged successfully"
[1] "Model converged successfully"
[1] 6
      m1       m2       m3 
41.58118 28.31466 25.07986 
[1] "Model converged successfully"
[1] "Model converged successfully"
[1] "Model converged successfully"
[1] 7
       m1        m2        m3 
114.91144  98.29008  98.07636 
[1] "Model converged successfully"
[1] "Model converged successfully"
[1] "Model converged successfully"
[1] 8
       m1        m2        m3 
103.99522  79.94450  62.68761 
[1] "Model converged successfully"
[1] "Model converged successfully"
[1] "Model converged successfully"
[1] 9
      m1       m2       m3 
76.36806 60.19351 56.86302 
[1] "Model converged successfully"
[1] "Model converged successfully"
[1] "Model converged successfully"
[1] 10
       m1        m2        m3 
123.99024 113.99561  83.95156 
[1] "Model converged successfully"
[1] "Model converged successfully"
[1] "Model converged successfully"
[1] 11
      m1       m2       m3 
96.60954 80.51418 78.46950 
[1] "Model converged successfully"
[1] "Model converged successfully"
[1] "Model converged successfully"
[1] 12
      m1       m2       m3 
78.12954 60.33863 29.33121 
[1] "Model converged successfully"
[1] "Model converged successfully"
[1] "Model converged successfully"
[1] 13
      m1       m2       m3 
82.53250 56.11310 45.15827 
[1] "Model converged successfully"
[1] "Model converged successfully"
[1] "Model converged successfully"
[1] 14
      m1       m2       m3 
92.21283 71.17181 59.44610 
[1] "Model converged successfully"
[1] "Model converged successfully"
[1] "Model converged successfully"
[1] 15
      m1       m2       m3 
96.19748 73.38650 73.07375 
[1] "Model converged successfully"
[1] "Model converged successfully"
[1] "Model converged successfully"
[1] 16
      m1       m2       m3 
84.82343 71.23885 71.05023 
[1] "Model converged successfully"
[1] "Model converged successfully"
[1] "Model converged successfully"
[1] 17
      m1       m2       m3 
77.96862 58.78601 57.69659 
[1] "Model converged successfully"
[1] "Model converged successfully"
[1] "Model converged successfully"
[1] 18
      m1       m2       m3 
66.94286 59.95097 48.90130 
[1] "Model converged successfully"
[1] "Model converged successfully"
[1] "Model converged successfully"
[1] 19
      m1       m2       m3 
74.80430 68.92742 59.98285 
[1] "Model converged successfully"
[1] "Model converged successfully"
[1] "Model converged successfully"
[1] 20
      m1       m2       m3 
91.15496 71.71951 67.76094 
[1] "Model converged successfully"
[1] "Model converged successfully"
[1] "Model converged successfully"
[1] 21
      m1       m2       m3 
80.49536 67.99220 64.76384 
[1] "Model converged successfully"
[1] "Model converged successfully"
[1] "Model converged successfully"
[1] 22
      m1       m2       m3 
98.51657 86.88272 74.50882 
[1] "Model converged successfully"
[1] "Model converged successfully"
[1] "Model converged successfully"
[1] 23
       m1        m2        m3 
107.51971  83.37434  85.20707 
[1] "Model converged successfully"
[1] "Model converged successfully"
[1] "Model converged successfully"
[1] 24
      m1       m2       m3 
85.72390 80.03639 74.91476 
[1] "Model converged successfully"
[1] "Model converged successfully"
[1] "Model converged successfully"
[1] 25
      m1       m2       m3 
97.75514 81.66096 73.59907 
> 
> # ---- Count how often each model wins ----
> table(winners)
winners
m2 m3 
 3 22 
> 
> save(winners, file = "salmon_sensitivity_analysis_it1.RData")
> 

Job 17569422 consumed 18.4 billing hours from project nn8105k.

Submitted 2026-04-07T12:00:17; waited 4.0 seconds in the queue after becoming eligible to run.

Requested wallclock time: 7.0 days
Elapsed wallclock time:   18.4 hours

Job exited normally.

Task and CPU statistics:
ID              CPUs  Tasks  CPU util                Start  Elapsed  Exit status
17569422           1            0.0 %  2026-04-07T12:00:21   18.4 h  0
17569422.batch     1      1    99.5 %  2026-04-07T12:00:21   18.4 h  0

Used CPU time:   18.3 CPU hours
Unused CPU time: 5.2 CPU minutes

Memory statistics, in GiB:
ID               Alloc   Usage
17569422           2.0        
17569422.batch     2.0     0.2

Job 17569422 completed at Wed Apr 8 06:24:21 CEST 2026
