Starting job 11096738 on c11-5 on saga at Sat Apr 6 18:15:24 CEST 2024


Currently Loaded Modules:
  1) StdEnv                              (S)
  2) GCCcore/11.3.0
  3) zlib/1.2.12-GCCcore-11.3.0          (H)
  4) binutils/2.38-GCCcore-11.3.0        (H)
  5) GCC/11.3.0
  6) numactl/2.0.14-GCCcore-11.3.0       (H)
  7) XZ/5.2.5-GCCcore-11.3.0             (H)
  8) libxml2/2.9.13-GCCcore-11.3.0       (H)
  9) libpciaccess/0.16-GCCcore-11.3.0    (H)
 10) hwloc/2.7.1-GCCcore-11.3.0          (H)
 11) hpcx/2.14
 12) OpenMPI/4.1.4-GCC-11.3.0
 13) OpenBLAS/0.3.20-GCC-11.3.0
 14) FlexiBLAS/3.2.0-GCC-11.3.0
 15) FFTW/3.3.10-GCC-11.3.0
 16) gompi/2022a
 17) FFTW.MPI/3.3.10-gompi-2022a
 18) ScaLAPACK/2.2.0-gompi-2022a-fb
 19) foss/2022a
 20) bzip2/1.0.8-GCCcore-11.3.0          (H)
 21) expat/2.4.8-GCCcore-11.3.0          (H)
 22) libpng/1.6.37-GCCcore-11.3.0        (H)
 23) Brotli/1.0.9-GCCcore-11.3.0         (H)
 24) freetype/2.12.1-GCCcore-11.3.0      (H)
 25) ncurses/6.3-GCCcore-11.3.0          (H)
 26) util-linux/2.38-GCCcore-11.3.0      (H)
 27) fontconfig/2.14.0-GCCcore-11.3.0    (H)
 28) xorg-macros/1.19.3-GCCcore-11.3.0   (H)
 29) X11/20220504-GCCcore-11.3.0         (H)
 30) gzip/1.12-GCCcore-11.3.0            (H)
 31) lz4/1.9.3-GCCcore-11.3.0            (H)
 32) zstd/1.5.2-GCCcore-11.3.0           (H)
 33) libdrm/2.4.110-GCCcore-11.3.0       (H)
 34) libglvnd/1.4.0-GCCcore-11.3.0       (H)
 35) libunwind/1.6.2-GCCcore-11.3.0      (H)
 36) LLVM/14.0.3-GCCcore-11.3.0          (H)
 37) Mesa/22.0.3-GCCcore-11.3.0          (H)
 38) libGLU/9.0.2-GCCcore-11.3.0         (H)
 39) pixman/0.40.0-GCCcore-11.3.0        (H)
 40) libffi/3.4.2-GCCcore-11.3.0         (H)
 41) gettext/0.21-GCCcore-11.3.0         (H)
 42) PCRE/8.45-GCCcore-11.3.0            (H)
 43) GLib/2.72.1-GCCcore-11.3.0          (H)
 44) cairo/1.17.4-GCCcore-11.3.0         (H)
 45) libreadline/8.1.2-GCCcore-11.3.0    (H)
 46) Tcl/8.6.12-GCCcore-11.3.0           (H)
 47) SQLite/3.38.3-GCCcore-11.3.0        (H)
 48) PCRE2/10.40-GCCcore-11.3.0          (H)
 49) NASM/2.15.05-GCCcore-11.3.0         (H)
 50) libjpeg-turbo/2.1.3-GCCcore-11.3.0  (H)
 51) jbigkit/2.1-GCCcore-11.3.0          (H)
 52) libdeflate/1.10-GCCcore-11.3.0      (H)
 53) LibTIFF/4.3.0-GCCcore-11.3.0        (H)
 54) Java/11.0.16
 55) Tk/8.6.12-GCCcore-11.3.0            (H)
 56) OpenSSL/1.1                         (H)
 57) cURL/7.83.0-GCCcore-11.3.0          (H)
 58) GMP/6.2.1-GCCcore-11.3.0            (H)
 59) NLopt/2.7.1-GCCcore-11.3.0          (H)
 60) libogg/1.3.5-GCCcore-11.3.0         (H)
 61) FLAC/1.3.4-GCCcore-11.3.0           (H)
 62) libvorbis/1.3.7-GCCcore-11.3.0      (H)
 63) libopus/1.3.1-GCCcore-11.3.0        (H)
 64) LAME/3.100-GCCcore-11.3.0           (H)
 65) libsndfile/1.1.0-GCCcore-11.3.0     (H)
 66) ICU/71.1-GCCcore-11.3.0             (H)
 67) Szip/2.1.1-GCCcore-11.3.0           (H)
 68) HDF5/1.12.2-gompi-2022a
 69) UDUNITS/2.2.28-GCCcore-11.3.0
 70) GSL/2.7-GCC-11.3.0
 71) ATK/2.38.0-GCCcore-11.3.0           (H)
 72) Gdk-Pixbuf/2.42.8-GCCcore-11.3.0    (H)
 73) HarfBuzz/4.2.1-GCCcore-11.3.0       (H)
 74) FriBidi/1.0.12-GCCcore-11.3.0       (H)
 75) Pango/1.50.7-GCCcore-11.3.0         (H)
 76) GTK2/2.24.33-GCCcore-11.3.0         (H)
 77) Ghostscript/9.56.1-GCCcore-11.3.0   (H)
 78) JasPer/2.0.33-GCCcore-11.3.0        (H)
 79) LittleCMS/2.13.1-GCCcore-11.3.0     (H)
 80) ImageMagick/7.1.0-37-GCCcore-11.3.0 (H)
 81) GLPK/5.0-GCCcore-11.3.0             (H)
 82) nodejs/16.15.1-GCCcore-11.3.0       (H)
 83) Python/3.10.4-GCCcore-11.3.0
 84) netCDF/4.9.0-gompi-2022a
 85) GEOS/3.10.3-GCC-11.3.0
 86) nlohmann_json/3.10.5-GCCcore-11.3.0 (H)
 87) PROJ/9.0.0-GCCcore-11.3.0
 88) libgeotiff/1.7.1-GCCcore-11.3.0     (H)
 89) pybind11/2.9.2-GCCcore-11.3.0       (H)
 90) SciPy-bundle/2022.05-foss-2022a
 91) libtirpc/1.3.2-GCCcore-11.3.0       (H)
 92) HDF/4.2.15-GCCcore-11.3.0           (H)
 93) GDAL/3.5.0-foss-2022a
 94) MPFR/4.1.0-GCCcore-11.3.0           (H)
 95) libgit2/1.4.3-GCCcore-11.3.0        (H)
 96) R/4.2.1-foss-2022a

  Where:
   H:  Hidden Module
   S:  Module is Sticky, requires --force to unload or purge

 


R version 4.2.1 (2022-06-23) -- "Funny-Looking Kid"
Copyright (C) 2022 The R Foundation for Statistical Computing
Platform: x86_64-pc-linux-gnu (64-bit)

R is free software and comes with ABSOLUTELY NO WARRANTY.
You are welcome to redistribute it under certain conditions.
Type 'license()' or 'licence()' for distribution details.

  Natural language support but running in an English locale

R is a collaborative project with many contributors.
Type 'contributors()' for more information and
'citation()' on how to cite R or R packages in publications.

Type 'demo()' for some demos, 'help()' for on-line help, or
'help.start()' for an HTML browser interface to help.
Type 'q()' to quit R.

> ###### PACKAGES AND FILE DIRECTORY ######
> 
> .libPaths("/cluster/home/marionth/R")
> library(evoTS)
Warning message:
package ‘evoTS’ was built under R version 4.2.2 
> library(paleoTS)
Warning message:
package ‘paleoTS’ was built under R version 4.2.2 
> library(stats)
> library(dplyr)

Attaching package: ‘dplyr’

The following objects are masked from ‘package:stats’:

    filter, lag

The following objects are masked from ‘package:base’:

    intersect, setdiff, setequal, union

> library(parallel)
> library(foreach)
> library(doParallel)
Loading required package: iterators
> library(MCSPCD)
> 
> 
> setwd("/cluster/home/marionth/Hodell")
> getwd()
[1] "/cluster/home/marionth/Hodell"
> 
> 
> 
> 
> ###### LENGTH WITH d18O PROXY ITERATIONS ######
> 
> 
> 
> data1=read.table("Hodell_and_Vayavananda_1993_Fohsella_length.txt",header=T)
> data13C <- read.csv("/cluster/home/marionth/Hodell/table_d13C.csv")
> datalength13C = cbind(data1,data13C)
> data13Cbis = datalength13C %>% filter(!is.na(Mean_isotopsd13C)) #enlever toutes les lignes contenant NA dans la colonne "Mean" pour data13C et datalength
> 
> 
> 
> 
> sample_sized13C=data13Cbis[[1]]
> length_meansd13C=data13Cbis[[2]]
> length_varianced13C=data13Cbis[[3]]
> time_vectord13C=data13Cbis[[4]]
> 
> 
> d13C_means=data13Cbis[[5]]
> d13C_variance=data13Cbis[[6]]
> d13C_samplesize=data13Cbis[[7]]
> d13C_timevector=data13Cbis[[8]]
> 
> 
> datad13C=paleoTS::as.paleoTS(mm=d13C_means, vv=d13C_variance, nn=d13C_samplesize, tt=d13C_timevector)
> #pas log transformed
> datad13C$tt=datad13C$tt/(max(datad13C$tt)) #rescale le temps
> 
> ln.lengthd13C=paleoTS::as.paleoTS(mm=length_meansd13C, vv=length_varianced13C, nn=sample_sized13C, tt=time_vectord13C)
> ln.lengthd13C$tt=ln.lengthd13C$tt/(max(ln.lengthd13C$tt))
> 
> 
> 
> data18O <- read.csv("/cluster/home/marionth/Hodell/table_d18O.csv")
> datalength18O = cbind(data1,data18O)
> data18Obis = datalength18O %>% filter(!is.na(Mean_isotopsd18O)) #enlever toutes les lignes contenant NA dans la colonne "Mean" pour data13C et datalength
> 
> 
> d18O_means=data18Obis[[5]]
> d18O_variance=data18Obis[[6]]
> d18O_samplesize=data18Obis[[7]]
> d18O_timevector=data18Obis[[8]]
> 
> 
> datad18Oi=paleoTS::as.paleoTS(mm=d18O_means, vv=d18O_variance, nn=d18O_samplesize, tt=d18O_timevector) #create two paleoTS object
> #pas log transformed
> datad18Oi$tt=datad18Oi$tt/(max(datad18Oi$tt))  #rescale du temps   
> 
> 
> multiENVI=make.multivar.evoTS(ln.lengthd13C, datad18Oi, datad13C) 
> plotevoTS.multivariate(multiENVI, y_min=-3, y_max=3, x.label="relative time", y.label="Trait and proxy d18O and d13C means", pch=c(20,20))
> 
> 
> 
> 
> 
> #number of cores that I want to use (also defined in the batch srcipt)
> registerDoParallel(52)
> 
> #To calculate the time needed to process each iteration
> start_time <- Sys.time()
> 
> 
> 
> ##NO COEVOLUTION
> A = matrix(c(1,0,1,0,1,0,0,0,1), nrow = 3, byrow=TRUE)
> R = matrix(c(1,1,1,1,1,1,1,1,1), nrow = 3, byrow=TRUE) 
> 
> 
> 
> 
> #Loop foreach 
> OUOU.model1 <- foreach(i=51:100) %dopar% { #calculation for each iteration 
+   result <- multiResultClass() #create a table to store the results
+   
+   #set and register a different seed for each loop
+   seed <- (10+i) 
+   set.seed(seed)
+   
+   result$result1 <- seed
+   result$result2 <- fit.multivariate.OU.user.defined(multiENVI, A.user=A,R.user=R, iterations = 1, hess = TRUE, 
+                                                      user.init.diag.A = c(-0.2101038,1.432186,14.204215),
+ 						     user.init.upper.diag.A = c(7.481514))
+   
+   end_time <- Sys.time(); end_time - start_time 
+   print( end_time - start_time ) 
+   result$result3 <- end_time - start_time 
+   
+   return(result)
+   
+ }
ERROR : The initial parameters did not work. Trying a new set of candidate starting values. 
ERROR : The initial parameters did not work. Trying a new set of candidate starting values. 
ERROR : The initial parameters did not work. Trying a new set of candidate starting values. 
ERROR : The initial parameters did not work. Trying a new set of candidate starting values. 
ERROR : The initial parameters did not work. Trying a new set of candidate starting values. 
ERROR : The initial parameters did not work. Trying a new set of candidate starting values. 
ERROR : The initial parameters did not work. Trying a new set of candidate starting values. 
ERROR : The initial parameters did not work. Trying a new set of candidate starting values. 
ERROR : The initial parameters did not work. Trying a new set of candidate starting values. 
ERROR : The initial parameters did not work. Trying a new set of candidate starting values. 
ERROR : The initial parameters did not work. Trying a new set of candidate starting values. 
ERROR : The initial parameters did not work. Trying a new set of candidate starting values. 
ERROR : The initial parameters did not work. Trying a new set of candidate starting values. 
ERROR : The initial parameters did not work. Trying a new set of candidate starting values. 
ERROR : The initial parameters did not work. Trying a new set of candidate starting values. 
ERROR : The initial parameters did not work. Trying a new set of candidate starting values. 
ERROR : The initial parameters did not work. Trying a new set of candidate starting values. 
ERROR : The initial parameters did not work. Trying a new set of candidate starting values. 
ERROR : The initial parameters did not work. Trying a new set of candidate starting values. 
ERROR : The initial parameters did not work. Trying a new set of candidate starting values. 
ERROR : The initial parameters did not work. Trying a new set of candidate starting values. 
ERROR : The initial parameters did not work. Trying a new set of candidate starting values. 
ERROR : The initial parameters did not work. Trying a new set of candidate starting values. 
ERROR : The initial parameters did not work. Trying a new set of candidate starting values. 
ERROR : The initial parameters did not work. Trying a new set of candidate starting values. 
ERROR : The initial parameters did not work. Trying a new set of candidate starting values. 
ERROR : The initial parameters did not work. Trying a new set of candidate starting values. 
ERROR : The initial parameters did not work. Trying a new set of candidate starting values. 
ERROR : The initial parameters did not work. Trying a new set of candidate starting values. 
ERROR : The initial parameters did not work. Trying a new set of candidate starting values. 
ERROR : The initial parameters did not work. Trying a new set of candidate starting values. 
ERROR : The initial parameters did not work. Trying a new set of candidate starting values. 
ERROR : The initial parameters did not work. Trying a new set of candidate starting values. 
ERROR : The initial parameters did not work. Trying a new set of candidate starting values. 
ERROR : The initial parameters did not work. Trying a new set of candidate starting values. 
ERROR : The initial parameters did not work. Trying a new set of candidate starting values. 
ERROR : The initial parameters did not work. Trying a new set of candidate starting values. 
ERROR : The initial parameters did not work. Trying a new set of candidate starting values. 
ERROR : The initial parameters did not work. Trying a new set of candidate starting values. 
ERROR : The initial parameters did not work. Trying a new set of candidate starting values. 
ERROR : The initial parameters did not work. Trying a new set of candidate starting values. 
ERROR : The initial parameters did not work. Trying a new set of candidate starting values. 
ERROR : The initial parameters did not work. Trying a new set of candidate starting values. 
ERROR : The initial parameters did not work. Trying a new set of candidate starting values. 
ERROR : The initial parameters did not work. Trying a new set of candidate starting values. 
ERROR : The initial parameters did not work. Trying a new set of candidate starting values. 
ERROR : The initial parameters did not work. Trying a new set of candidate starting values. 
ERROR : The initial parameters did not work. Trying a new set of candidate starting values. 
ERROR : The initial parameters did not work. Trying a new set of candidate starting values. 
ERROR : The initial parameters did not work. Trying a new set of candidate starting values. 
ERROR : The initial parameters did not work. Trying a new set of candidate starting values. 
ERROR : The initial parameters did not work. Trying a new set of candidate starting values. 
ERROR : The initial parameters did not work. Trying a new set of candidate starting values. 
ERROR : The initial parameters did not work. Trying a new set of candidate starting values. 
ERROR : The initial parameters did not work. Trying a new set of candidate starting values. 
ERROR : The initial parameters did not work. Trying a new set of candidate starting values. 
ERROR : The initial parameters did not work. Trying a new set of candidate starting values. 
ERROR : The initial parameters did not work. Trying a new set of candidate starting values. 
ERROR : The initial parameters did not work. Trying a new set of candidate starting values. 
ERROR : The initial parameters did not work. Trying a new set of candidate starting values. 
ERROR : The initial parameters did not work. Trying a new set of candidate starting values. 
ERROR : The initial parameters did not work. Trying a new set of candidate starting values. 
ERROR : The initial parameters did not work. Trying a new set of candidate starting values. 
ERROR : The initial parameters did not work. Trying a new set of candidate starting values. 
ERROR : The initial parameters did not work. Trying a new set of candidate starting values. 
ERROR : The initial parameters did not work. Trying a new set of candidate starting values. 
ERROR : The initial parameters did not work. Trying a new set of candidate starting values. 
ERROR : The initial parameters did not work. Trying a new set of candidate starting values. 
ERROR : The initial parameters did not work. Trying a new set of candidate starting values. 
ERROR : The initial parameters did not work. Trying a new set of candidate starting values. 
ERROR : The initial parameters did not work. Trying a new set of candidate starting values. 
ERROR : The initial parameters did not work. Trying a new set of candidate starting values. 
ERROR : The initial parameters did not work. Trying a new set of candidate starting values. 
ERROR : The initial parameters did not work. Trying a new set of candidate starting values. 
ERROR : The initial parameters did not work. Trying a new set of candidate starting values. 
ERROR : The initial parameters did not work. Trying a new set of candidate starting values. 
ERROR : The initial parameters did not work. Trying a new set of candidate starting values. 
ERROR : The initial parameters did not work. Trying a new set of candidate starting values. 
ERROR : The initial parameters did not work. Trying a new set of candidate starting values. 
ERROR : The initial parameters did not work. Trying a new set of candidate starting values. 
ERROR : The initial parameters did not work. Trying a new set of candidate starting values. 
ERROR : The initial parameters did not work. Trying a new set of candidate starting values. 
ERROR : The initial parameters did not work. Trying a new set of candidate starting values. 
ERROR : The initial parameters did not work. Trying a new set of candidate starting values. 
ERROR : The initial parameters did not work. Trying a new set of candidate starting values. 
ERROR : The initial parameters did not work. Trying a new set of candidate starting values. 
ERROR : The initial parameters did not work. Trying a new set of candidate starting values. 
ERROR : The initial parameters did not work. Trying a new set of candidate starting values. 
ERROR : The initial parameters did not work. Trying a new set of candidate starting values. 
ERROR : The initial parameters did not work. Trying a new set of candidate starting values. 
ERROR : The initial parameters did not work. Trying a new set of candidate starting values. 
ERROR : The initial parameters did not work. Trying a new set of candidate starting values. 
ERROR : The initial parameters did not work. Trying a new set of candidate starting values. 
ERROR : The initial parameters did not work. Trying a new set of candidate starting values. 
ERROR : The initial parameters did not work. Trying a new set of candidate starting values. 
ERROR : The initial parameters did not work. Trying a new set of candidate starting values. 
ERROR : The initial parameters did not work. Trying a new set of candidate starting values. 
ERROR : The initial parameters did not work. Trying a new set of candidate starting values. 
ERROR : The initial parameters did not work. Trying a new set of candidate starting values. 
ERROR : The initial parameters did not work. Trying a new set of candidate starting values. 
ERROR : The initial parameters did not work. Trying a new set of candidate starting values. 
ERROR : The initial parameters did not work. Trying a new set of candidate starting values. 
ERROR : The initial parameters did not work. Trying a new set of candidate starting values. 
ERROR : The initial parameters did not work. Trying a new set of candidate starting values. 
ERROR : The initial parameters did not work. Trying a new set of candidate starting values. 
ERROR : The initial parameters did not work. Trying a new set of candidate starting values. 
ERROR : The initial parameters did not work. Trying a new set of candidate starting values. 
ERROR : The initial parameters did not work. Trying a new set of candidate starting values. 
ERROR : The initial parameters did not work. Trying a new set of candidate starting values. 
ERROR : The initial parameters did not work. Trying a new set of candidate starting values. 
ERROR : The initial parameters did not work. Trying a new set of candidate starting values. 
ERROR : The initial parameters did not work. Trying a new set of candidate starting values. 
ERROR : The initial parameters did not work. Trying a new set of candidate starting values. 
ERROR : The initial parameters did not work. Trying a new set of candidate starting values. 
ERROR : The initial parameters did not work. Trying a new set of candidate starting values. 
ERROR : The initial parameters did not work. Trying a new set of candidate starting values. 
ERROR : The initial parameters did not work. Trying a new set of candidate starting values. 
ERROR : The initial parameters did not work. Trying a new set of candidate starting values. 
ERROR : The initial parameters did not work. Trying a new set of candidate starting values. 
ERROR : The initial parameters did not work. Trying a new set of candidate starting values. 
ERROR : The initial parameters did not work. Trying a new set of candidate starting values. 
ERROR : The initial parameters did not work. Trying a new set of candidate starting values. 
ERROR : The initial parameters did not work. Trying a new set of candidate starting values. 
ERROR : The initial parameters did not work. Trying a new set of candidate starting values. 
ERROR : The initial parameters did not work. Trying a new set of candidate starting values. 
ERROR : The initial parameters did not work. Trying a new set of candidate starting values. 
ERROR : The initial parameters did not work. Trying a new set of candidate starting values. 
ERROR : The initial parameters did not work. Trying a new set of candidate starting values. 
ERROR : The initial parameters did not work. Trying a new set of candidate starting values. 
ERROR : The initial parameters did not work. Trying a new set of candidate starting values. 
ERROR : The initial parameters did not work. Trying a new set of candidate starting values. 
ERROR : The initial parameters did not work. Trying a new set of candidate starting values. 
ERROR : The initial parameters did not work. Trying a new set of candidate starting values. 
ERROR : The initial parameters did not work. Trying a new set of candidate starting values. 
ERROR : The initial parameters did not work. Trying a new set of candidate starting values. 
ERROR : The initial parameters did not work. Trying a new set of candidate starting values. 
ERROR : The initial parameters did not work. Trying a new set of candidate starting values. 
ERROR : The initial parameters did not work. Trying a new set of candidate starting values. 
ERROR : The initial parameters did not work. Trying a new set of candidate starting values. 
ERROR : The initial parameters did not work. Trying a new set of candidate starting values. 
ERROR : The initial parameters did not work. Trying a new set of candidate starting values. 
ERROR : The initial parameters did not work. Trying a new set of candidate starting values. 
ERROR : The initial parameters did not work. Trying a new set of candidate starting values. 
ERROR : The initial parameters did not work. Trying a new set of candidate starting values. 
ERROR : The initial parameters did not work. Trying a new set of candidate starting values. 
ERROR : The initial parameters did not work. Trying a new set of candidate starting values. 
ERROR : The initial parameters did not work. Trying a new set of candidate starting values. 
ERROR : The initial parameters did not work. Trying a new set of candidate starting values. 
ERROR : The initial parameters did not work. Trying a new set of candidate starting values. 
ERROR : The initial parameters did not work. Trying a new set of candidate starting values. 
ERROR : The initial parameters did not work. Trying a new set of candidate starting values. 
ERROR : The initial parameters did not work. Trying a new set of candidate starting values. 
ERROR : The initial parameters did not work. Trying a new set of candidate starting values. 
ERROR : The initial parameters did not work. Trying a new set of candidate starting values. 
ERROR : The initial parameters did not work. Trying a new set of candidate starting values. 
ERROR : The initial parameters did not work. Trying a new set of candidate starting values. 
ERROR : The initial parameters did not work. Trying a new set of candidate starting values. 
ERROR : The initial parameters did not work. Trying a new set of candidate starting values. 
ERROR : The initial parameters did not work. Trying a new set of candidate starting values. 
ERROR : The initial parameters did not work. Trying a new set of candidate starting values. 
ERROR : The initial parameters did not work. Trying a new set of candidate starting values. 
ERROR : The initial parameters did not work. Trying a new set of candidate starting values. 
ERROR : The initial parameters did not work. Trying a new set of candidate starting values. 
ERROR : The initial parameters did not work. Trying a new set of candidate starting values. 
ERROR : The initial parameters did not work. Trying a new set of candidate starting values. 
ERROR : The initial parameters did not work. Trying a new set of candidate starting values. 
ERROR : The initial parameters did not work. Trying a new set of candidate starting values. 
ERROR : The initial parameters did not work. Trying a new set of candidate starting values. 
ERROR : The initial parameters did not work. Trying a new set of candidate starting values. 
ERROR : The initial parameters did not work. Trying a new set of candidate starting values. 
ERROR : The initial parameters did not work. Trying a new set of candidate starting values. 
ERROR : The initial parameters did not work. Trying a new set of candidate starting values. 
ERROR : The initial parameters did not work. Trying a new set of candidate starting values. 
ERROR : The initial parameters did not work. Trying a new set of candidate starting values. 
ERROR : The initial parameters did not work. Trying a new set of candidate starting values. 
ERROR : The initial parameters did not work. Trying a new set of candidate starting values. 
ERROR : The initial parameters did not work. Trying a new set of candidate starting values. 
ERROR : The initial parameters did not work. Trying a new set of candidate starting values. 
ERROR : The initial parameters did not work. Trying a new set of candidate starting values. 
ERROR : The initial parameters did not work. Trying a new set of candidate starting values. 
ERROR : The initial parameters did not work. Trying a new set of candidate starting values. 
ERROR : The initial parameters did not work. Trying a new set of candidate starting values. 
ERROR : The initial parameters did not work. Trying a new set of candidate starting values. 
ERROR : The initial parameters did not work. Trying a new set of candidate starting values. 
ERROR : The initial parameters did not work. Trying a new set of candidate starting values. 
ERROR : The initial parameters did not work. Trying a new set of candidate starting values. 
ERROR : The initial parameters did not work. Trying a new set of candidate starting values. 
ERROR : The initial parameters did not work. Trying a new set of candidate starting values. 
ERROR : The initial parameters did not work. Trying a new set of candidate starting values. 
ERROR : The initial parameters did not work. Trying a new set of candidate starting values. 
ERROR : The initial parameters did not work. Trying a new set of candidate starting values. 
ERROR : The initial parameters did not work. Trying a new set of candidate starting values. 
ERROR : The initial parameters did not work. Trying a new set of candidate starting values. 
ERROR : The initial parameters did not work. Trying a new set of candidate starting values. 
ERROR : The initial parameters did not work. Trying a new set of candidate starting values. 
ERROR : The initial parameters did not work. Trying a new set of candidate starting values. 
ERROR : The initial parameters did not work. Trying a new set of candidate starting values. 
ERROR : The initial parameters did not work. Trying a new set of candidate starting values. 
ERROR : The initial parameters did not work. Trying a new set of candidate starting values. 
ERROR : The initial parameters did not work. Trying a new set of candidate starting values. 
ERROR : The initial parameters did not work. Trying a new set of candidate starting values. 
ERROR : The initial parameters did not work. Trying a new set of candidate starting values. 
ERROR : The initial parameters did not work. Trying a new set of candidate starting values. 
ERROR : $ operator is invalid for atomic vectors 
ERROR : $ operator is invalid for atomic vectors 
ERROR : The initial parameters did not work. Trying a new set of candidate starting values. 
ERROR : $ operator is invalid for atomic vectors 
ERROR : The initial parameters did not work. Trying a new set of candidate starting values. 
ERROR : The initial parameters did not work. Trying a new set of candidate starting values. 
ERROR : The initial parameters did not work. Trying a new set of candidate starting values. 
ERROR : The initial parameters did not work. Trying a new set of candidate starting values. 
ERROR : The initial parameters did not work. Trying a new set of candidate starting values. 
ERROR : The initial parameters did not work. Trying a new set of candidate starting values. 
ERROR : The initial parameters did not work. Trying a new set of candidate starting values. 
ERROR : $ operator is invalid for atomic vectors 
ERROR : The initial parameters did not work. Trying a new set of candidate starting values. 
ERROR : The initial parameters did not work. Trying a new set of candidate starting values. 
ERROR : $ operator is invalid for atomic vectors 
ERROR : The initial parameters did not work. Trying a new set of candidate starting values. 
ERROR : $ operator is invalid for atomic vectors 
ERROR : $ operator is invalid for atomic vectors 
ERROR : The initial parameters did not work. Trying a new set of candidate starting values. 
ERROR : $ operator is invalid for atomic vectors 
ERROR : The initial parameters did not work. Trying a new set of candidate starting values. 
ERROR : The initial parameters did not work. Trying a new set of candidate starting values. 
ERROR : The initial parameters did not work. Trying a new set of candidate starting values. 
ERROR : The initial parameters did not work. Trying a new set of candidate starting values. 
ERROR : The initial parameters did not work. Trying a new set of candidate starting values. 
ERROR : The initial parameters did not work. Trying a new set of candidate starting values. 
ERROR : The initial parameters did not work. Trying a new set of candidate starting values. 
ERROR : The initial parameters did not work. Trying a new set of candidate starting values. 
ERROR : $ operator is invalid for atomic vectors 
ERROR : The initial parameters did not work. Trying a new set of candidate starting values. 
ERROR : The initial parameters did not work. Trying a new set of candidate starting values. 
ERROR : The initial parameters did not work. Trying a new set of candidate starting values. 
ERROR : The initial parameters did not work. Trying a new set of candidate starting values. 
ERROR : The initial parameters did not work. Trying a new set of candidate starting values. 
ERROR : The initial parameters did not work. Trying a new set of candidate starting values. 
ERROR : $ operator is invalid for atomic vectors 
ERROR : The initial parameters did not work. Trying a new set of candidate starting values. 
ERROR : The initial parameters did not work. Trying a new set of candidate starting values. 
ERROR : $ operator is invalid for atomic vectors 
ERROR : The initial parameters did not work. Trying a new set of candidate starting values. 
ERROR : The initial parameters did not work. Trying a new set of candidate starting values. 
ERROR : $ operator is invalid for atomic vectors 
ERROR : $ operator is invalid for atomic vectors 
ERROR : $ operator is invalid for atomic vectors 
ERROR : The initial parameters did not work. Trying a new set of candidate starting values. 
ERROR : The initial parameters did not work. Trying a new set of candidate starting values. 
ERROR : The initial parameters did not work. Trying a new set of candidate starting values. 
ERROR : The initial parameters did not work. Trying a new set of candidate starting values. 
ERROR : The initial parameters did not work. Trying a new set of candidate starting values. 
ERROR : The initial parameters did not work. Trying a new set of candidate starting values. 
ERROR : The initial parameters did not work. Trying a new set of candidate starting values. 
ERROR : The initial parameters did not work. Trying a new set of candidate starting values. 
ERROR : The initial parameters did not work. Trying a new set of candidate starting values. 
ERROR : The initial parameters did not work. Trying a new set of candidate starting values. 
ERROR : The initial parameters did not work. Trying a new set of candidate starting values. 
ERROR : The initial parameters did not work. Trying a new set of candidate starting values. 
ERROR : $ operator is invalid for atomic vectors 
ERROR : $ operator is invalid for atomic vectors 
ERROR : The initial parameters did not work. Trying a new set of candidate starting values. 
ERROR : The initial parameters did not work. Trying a new set of candidate starting values. 
ERROR : The initial parameters did not work. Trying a new set of candidate starting values. 
ERROR : The initial parameters did not work. Trying a new set of candidate starting values. 
ERROR : The initial parameters did not work. Trying a new set of candidate starting values. 
ERROR : The initial parameters did not work. Trying a new set of candidate starting values. 
ERROR : The initial parameters did not work. Trying a new set of candidate starting values. 
ERROR : The initial parameters did not work. Trying a new set of candidate starting values. 
ERROR : The initial parameters did not work. Trying a new set of candidate starting values. 
ERROR : The initial parameters did not work. Trying a new set of candidate starting values. 
ERROR : The initial parameters did not work. Trying a new set of candidate starting values. 
ERROR : The initial parameters did not work. Trying a new set of candidate starting values. 
ERROR : The initial parameters did not work. Trying a new set of candidate starting values. 
ERROR : The initial parameters did not work. Trying a new set of candidate starting values. 
ERROR : The initial parameters did not work. Trying a new set of candidate starting values. 
ERROR : The initial parameters did not work. Trying a new set of candidate starting values. 
ERROR : The initial parameters did not work. Trying a new set of candidate starting values. 
ERROR : The initial parameters did not work. Trying a new set of candidate starting values. 
ERROR : The initial parameters did not work. Trying a new set of candidate starting values. 
ERROR : The initial parameters did not work. Trying a new set of candidate starting values. 
ERROR : The initial parameters did not work. Trying a new set of candidate starting values. 
ERROR : $ operator is invalid for atomic vectors 
ERROR : The initial parameters did not work. Trying a new set of candidate starting values. 
ERROR : The initial parameters did not work. Trying a new set of candidate starting values. 
ERROR : The initial parameters did not work. Trying a new set of candidate starting values. 
ERROR : The initial parameters did not work. Trying a new set of candidate starting values. 
ERROR : The initial parameters did not work. Trying a new set of candidate starting values. 
ERROR : $ operator is invalid for atomic vectors 
ERROR : The initial parameters did not work. Trying a new set of candidate starting values. 
ERROR : The initial parameters did not work. Trying a new set of candidate starting values. 
ERROR : The initial parameters did not work. Trying a new set of candidate starting values. 
ERROR : $ operator is invalid for atomic vectors 
ERROR : The initial parameters did not work. Trying a new set of candidate starting values. 
ERROR : The initial parameters did not work. Trying a new set of candidate starting values. 
ERROR : The initial parameters did not work. Trying a new set of candidate starting values. 
ERROR : The initial parameters did not work. Trying a new set of candidate starting values. 
ERROR : The initial parameters did not work. Trying a new set of candidate starting values. 
ERROR : The initial parameters did not work. Trying a new set of candidate starting values. 
ERROR : The initial parameters did not work. Trying a new set of candidate starting values. 
ERROR : The initial parameters did not work. Trying a new set of candidate starting values. 
ERROR : The initial parameters did not work. Trying a new set of candidate starting values. 
ERROR : The initial parameters did not work. Trying a new set of candidate starting values. 
ERROR : $ operator is invalid for atomic vectors 
ERROR : $ operator is invalid for atomic vectors 
ERROR : $ operator is invalid for atomic vectors 
ERROR : The initial parameters did not work. Trying a new set of candidate starting values. 
ERROR : The initial parameters did not work. Trying a new set of candidate starting values. 
ERROR : $ operator is invalid for atomic vectors 
ERROR : $ operator is invalid for atomic vectors 
ERROR : The initial parameters did not work. Trying a new set of candidate starting values. 
ERROR : The initial parameters did not work. Trying a new set of candidate starting values. 
ERROR : The initial parameters did not work. Trying a new set of candidate starting values. 
ERROR : The initial parameters did not work. Trying a new set of candidate starting values. 
ERROR : The initial parameters did not work. Trying a new set of candidate starting values. 
ERROR : The initial parameters did not work. Trying a new set of candidate starting values. 
ERROR : $ operator is invalid for atomic vectors 
ERROR : The initial parameters did not work. Trying a new set of candidate starting values. 
ERROR : The initial parameters did not work. Trying a new set of candidate starting values. 
ERROR : The initial parameters did not work. Trying a new set of candidate starting values. 
ERROR : The initial parameters did not work. Trying a new set of candidate starting values. 
ERROR : The initial parameters did not work. Trying a new set of candidate starting values. 
ERROR : $ operator is invalid for atomic vectors 
ERROR : The initial parameters did not work. Trying a new set of candidate starting values. 
ERROR : The initial parameters did not work. Trying a new set of candidate starting values. 
ERROR : The initial parameters did not work. Trying a new set of candidate starting values. 
ERROR : The initial parameters did not work. Trying a new set of candidate starting values. 
ERROR : The initial parameters did not work. Trying a new set of candidate starting values. 
ERROR : $ operator is invalid for atomic vectors 
ERROR : The initial parameters did not work. Trying a new set of candidate starting values. 
ERROR : $ operator is invalid for atomic vectors 
ERROR : The initial parameters did not work. Trying a new set of candidate starting values. 
ERROR : The initial parameters did not work. Trying a new set of candidate starting values. 
ERROR : The initial parameters did not work. Trying a new set of candidate starting values. 
ERROR : The initial parameters did not work. Trying a new set of candidate starting values. 
ERROR : The initial parameters did not work. Trying a new set of candidate starting values. 
ERROR : $ operator is invalid for atomic vectors 
ERROR : $ operator is invalid for atomic vectors 
ERROR : $ operator is invalid for atomic vectors 
ERROR : The initial parameters did not work. Trying a new set of candidate starting values. 
ERROR : The initial parameters did not work. Trying a new set of candidate starting values. 
ERROR : The initial parameters did not work. Trying a new set of candidate starting values. 
ERROR : $ operator is invalid for atomic vectors 
ERROR : $ operator is invalid for atomic vectors 
ERROR : The initial parameters did not work. Trying a new set of candidate starting values. 
ERROR : The initial parameters did not work. Trying a new set of candidate starting values. 
ERROR : The initial parameters did not work. Trying a new set of candidate starting values. 
ERROR : $ operator is invalid for atomic vectors 
ERROR : The initial parameters did not work. Trying a new set of candidate starting values. 
ERROR : The initial parameters did not work. Trying a new set of candidate starting values. 
ERROR : $ operator is invalid for atomic vectors 
ERROR : $ operator is invalid for atomic vectors 
ERROR : The initial parameters did not work. Trying a new set of candidate starting values. 
ERROR : The initial parameters did not work. Trying a new set of candidate starting values. 
ERROR : The initial parameters did not work. Trying a new set of candidate starting values. 
ERROR : The initial parameters did not work. Trying a new set of candidate starting values. 
ERROR : The initial parameters did not work. Trying a new set of candidate starting values. 
ERROR : The initial parameters did not work. Trying a new set of candidate starting values. 
ERROR : The initial parameters did not work. Trying a new set of candidate starting values. 
ERROR : The initial parameters did not work. Trying a new set of candidate starting values. 
ERROR : The initial parameters did not work. Trying a new set of candidate starting values. 
ERROR : The initial parameters did not work. Trying a new set of candidate starting values. 
ERROR : The initial parameters did not work. Trying a new set of candidate starting values. 
ERROR : The initial parameters did not work. Trying a new set of candidate starting values. 
ERROR : The initial parameters did not work. Trying a new set of candidate starting values. 
ERROR : The initial parameters did not work. Trying a new set of candidate starting values. 
ERROR : The initial parameters did not work. Trying a new set of candidate starting values. 
ERROR : $ operator is invalid for atomic vectors 
ERROR : The initial parameters did not work. Trying a new set of candidate starting values. 
ERROR : The initial parameters did not work. Trying a new set of candidate starting values. 
ERROR : The initial parameters did not work. Trying a new set of candidate starting values. 
ERROR : The initial parameters did not work. Trying a new set of candidate starting values. 
ERROR : $ operator is invalid for atomic vectors 
ERROR : The initial parameters did not work. Trying a new set of candidate starting values. 
ERROR : The initial parameters did not work. Trying a new set of candidate starting values. 
ERROR : The initial parameters did not work. Trying a new set of candidate starting values. 
ERROR : $ operator is invalid for atomic vectors 
ERROR : The initial parameters did not work. Trying a new set of candidate starting values. 
ERROR : The initial parameters did not work. Trying a new set of candidate starting values. 
ERROR : The initial parameters did not work. Trying a new set of candidate starting values. 
ERROR : The initial parameters did not work. Trying a new set of candidate starting values. 
ERROR : The initial parameters did not work. Trying a new set of candidate starting values. 
ERROR : The initial parameters did not work. Trying a new set of candidate starting values. 
ERROR : The initial parameters did not work. Trying a new set of candidate starting values. 
ERROR : $ operator is invalid for atomic vectors 
ERROR : The initial parameters did not work. Trying a new set of candidate starting values. 
ERROR : The initial parameters did not work. Trying a new set of candidate starting values. 
ERROR : The initial parameters did not work. Trying a new set of candidate starting values. 
ERROR : The initial parameters did not work. Trying a new set of candidate starting values. 
ERROR : The initial parameters did not work. Trying a new set of candidate starting values. 
ERROR : $ operator is invalid for atomic vectors 
Time difference of 20.48083 hours
ERROR : $ operator is invalid for atomic vectors 
ERROR : The initial parameters did not work. Trying a new set of candidate starting values. 
ERROR : The initial parameters did not work. Trying a new set of candidate starting values. 
ERROR : The initial parameters did not work. Trying a new set of candidate starting values. 
ERROR : The initial parameters did not work. Trying a new set of candidate starting values. 
ERROR : $ operator is invalid for atomic vectors 
ERROR : The initial parameters did not work. Trying a new set of candidate starting values. 
ERROR : The initial parameters did not work. Trying a new set of candidate starting values. 
ERROR : The initial parameters did not work. Trying a new set of candidate starting values. 
ERROR : The initial parameters did not work. Trying a new set of candidate starting values. 
Time difference of 21.94395 hours
ERROR : $ operator is invalid for atomic vectors 
ERROR : $ operator is invalid for atomic vectors 
ERROR : The initial parameters did not work. Trying a new set of candidate starting values. 
Time difference of 22.62244 hours
ERROR : $ operator is invalid for atomic vectors 
ERROR : The initial parameters did not work. Trying a new set of candidate starting values. 
ERROR : The initial parameters did not work. Trying a new set of candidate starting values. 
ERROR : $ operator is invalid for atomic vectors 
ERROR : The initial parameters did not work. Trying a new set of candidate starting values. 
ERROR : The initial parameters did not work. Trying a new set of candidate starting values. 
ERROR : The initial parameters did not work. Trying a new set of candidate starting values. 
ERROR : The initial parameters did not work. Trying a new set of candidate starting values. 
ERROR : The initial parameters did not work. Trying a new set of candidate starting values. 
ERROR : $ operator is invalid for atomic vectors 
ERROR : The initial parameters did not work. Trying a new set of candidate starting values. 
ERROR : The initial parameters did not work. Trying a new set of candidate starting values. 
ERROR : The initial parameters did not work. Trying a new set of candidate starting values. 
ERROR : The initial parameters did not work. Trying a new set of candidate starting values. 
ERROR : The initial parameters did not work. Trying a new set of candidate starting values. 
ERROR : The initial parameters did not work. Trying a new set of candidate starting values. 
Time difference of 1.019394 days
ERROR : $ operator is invalid for atomic vectors 
ERROR : $ operator is invalid for atomic vectors 
ERROR : The initial parameters did not work. Trying a new set of candidate starting values. 
ERROR : The initial parameters did not work. Trying a new set of candidate starting values. 
ERROR : The initial parameters did not work. Trying a new set of candidate starting values. 
ERROR : The initial parameters did not work. Trying a new set of candidate starting values. 
ERROR : The initial parameters did not work. Trying a new set of candidate starting values. 
ERROR : The initial parameters did not work. Trying a new set of candidate starting values. 
Time difference of 1.043707 days
ERROR : $ operator is invalid for atomic vectors 
ERROR : The initial parameters did not work. Trying a new set of candidate starting values. 
ERROR : $ operator is invalid for atomic vectors 
ERROR : The initial parameters did not work. Trying a new set of candidate starting values. 
ERROR : The initial parameters did not work. Trying a new set of candidate starting values. 
ERROR : $ operator is invalid for atomic vectors 
ERROR : The initial parameters did not work. Trying a new set of candidate starting values. 
ERROR : $ operator is invalid for atomic vectors 
Time difference of 1.060229 days
ERROR : $ operator is invalid for atomic vectors 
ERROR : The initial parameters did not work. Trying a new set of candidate starting values. 
ERROR : $ operator is invalid for atomic vectors 
ERROR : $ operator is invalid for atomic vectors 
ERROR : The initial parameters did not work. Trying a new set of candidate starting values. 
ERROR : The initial parameters did not work. Trying a new set of candidate starting values. 
ERROR : The initial parameters did not work. Trying a new set of candidate starting values. 
ERROR : The initial parameters did not work. Trying a new set of candidate starting values. 
ERROR : The initial parameters did not work. Trying a new set of candidate starting values. 
ERROR : The initial parameters did not work. Trying a new set of candidate starting values. 
ERROR : The initial parameters did not work. Trying a new set of candidate starting values. 
ERROR : The initial parameters did not work. Trying a new set of candidate starting values. 
ERROR : $ operator is invalid for atomic vectors 
ERROR : The initial parameters did not work. Trying a new set of candidate starting values. 
ERROR : $ operator is invalid for atomic vectors 
ERROR : The initial parameters did not work. Trying a new set of candidate starting values. 
ERROR : The initial parameters did not work. Trying a new set of candidate starting values. 
ERROR : The initial parameters did not work. Trying a new set of candidate starting values. 
ERROR : The initial parameters did not work. Trying a new set of candidate starting values. 
ERROR : $ operator is invalid for atomic vectors 
ERROR : The initial parameters did not work. Trying a new set of candidate starting values. 
ERROR : $ operator is invalid for atomic vectors 
ERROR : The initial parameters did not work. Trying a new set of candidate starting values. 
ERROR : The initial parameters did not work. Trying a new set of candidate starting values. 
ERROR : The initial parameters did not work. Trying a new set of candidate starting values. 
ERROR : The initial parameters did not work. Trying a new set of candidate starting values. 
ERROR : The initial parameters did not work. Trying a new set of candidate starting values. 
ERROR : The initial parameters did not work. Trying a new set of candidate starting values. 
ERROR : The initial parameters did not work. Trying a new set of candidate starting values. 
ERROR : The initial parameters did not work. Trying a new set of candidate starting values. 
ERROR : The initial parameters did not work. Trying a new set of candidate starting values. 
ERROR : $ operator is invalid for atomic vectors 
ERROR : $ operator is invalid for atomic vectors 
ERROR : The initial parameters did not work. Trying a new set of candidate starting values. 
Time difference of 1.130123 days
ERROR : $ operator is invalid for atomic vectors 
ERROR : The initial parameters did not work. Trying a new set of candidate starting values. 
ERROR : $ operator is invalid for atomic vectors 
ERROR : The initial parameters did not work. Trying a new set of candidate starting values. 
Time difference of 1.173009 days
ERROR : $ operator is invalid for atomic vectors 
ERROR : The initial parameters did not work. Trying a new set of candidate starting values. 
ERROR : $ operator is invalid for atomic vectors 
ERROR : The initial parameters did not work. Trying a new set of candidate starting values. 
Time difference of 1.231669 days
ERROR : $ operator is invalid for atomic vectors 
ERROR : $ operator is invalid for atomic vectors 
ERROR : $ operator is invalid for atomic vectors 
ERROR : The initial parameters did not work. Trying a new set of candidate starting values. 
ERROR : The initial parameters did not work. Trying a new set of candidate starting values. 
ERROR : The initial parameters did not work. Trying a new set of candidate starting values. 
ERROR : The initial parameters did not work. Trying a new set of candidate starting values. 
ERROR : $ operator is invalid for atomic vectors 
ERROR : The initial parameters did not work. Trying a new set of candidate starting values. 
ERROR : The initial parameters did not work. Trying a new set of candidate starting values. 
ERROR : The initial parameters did not work. Trying a new set of candidate starting values. 
ERROR : The initial parameters did not work. Trying a new set of candidate starting values. 
ERROR : The initial parameters did not work. Trying a new set of candidate starting values. 
ERROR : The initial parameters did not work. Trying a new set of candidate starting values. 
ERROR : The initial parameters did not work. Trying a new set of candidate starting values. 
ERROR : The initial parameters did not work. Trying a new set of candidate starting values. 
ERROR : The initial parameters did not work. Trying a new set of candidate starting values. 
ERROR : The initial parameters did not work. Trying a new set of candidate starting values. 
ERROR : The initial parameters did not work. Trying a new set of candidate starting values. 
ERROR : The initial parameters did not work. Trying a new set of candidate starting values. 
ERROR : The initial parameters did not work. Trying a new set of candidate starting values. 
ERROR : The initial parameters did not work. Trying a new set of candidate starting values. 
ERROR : The initial parameters did not work. Trying a new set of candidate starting values. 
ERROR : The initial parameters did not work. Trying a new set of candidate starting values. 
ERROR : The initial parameters did not work. Trying a new set of candidate starting values. 
ERROR : $ operator is invalid for atomic vectors 
ERROR : The initial parameters did not work. Trying a new set of candidate starting values. 
Time difference of 1.346776 days
ERROR : $ operator is invalid for atomic vectors 
ERROR : The initial parameters did not work. Trying a new set of candidate starting values. 
ERROR : The initial parameters did not work. Trying a new set of candidate starting values. 
ERROR : The initial parameters did not work. Trying a new set of candidate starting values. 
ERROR : The initial parameters did not work. Trying a new set of candidate starting values. 
ERROR : The initial parameters did not work. Trying a new set of candidate starting values. 
ERROR : $ operator is invalid for atomic vectors 
ERROR : The initial parameters did not work. Trying a new set of candidate starting values. 
ERROR : $ operator is invalid for atomic vectors 
ERROR : The initial parameters did not work. Trying a new set of candidate starting values. 
ERROR : $ operator is invalid for atomic vectors 
ERROR : The initial parameters did not work. Trying a new set of candidate starting values. 
ERROR : The initial parameters did not work. Trying a new set of candidate starting values. 
ERROR : The initial parameters did not work. Trying a new set of candidate starting values. 
ERROR : The initial parameters did not work. Trying a new set of candidate starting values. 
ERROR : $ operator is invalid for atomic vectors 
ERROR : The initial parameters did not work. Trying a new set of candidate starting values. 
ERROR : The initial parameters did not work. Trying a new set of candidate starting values. 
ERROR : The initial parameters did not work. Trying a new set of candidate starting values. 
ERROR : The initial parameters did not work. Trying a new set of candidate starting values. 
ERROR : The initial parameters did not work. Trying a new set of candidate starting values. 
ERROR : The initial parameters did not work. Trying a new set of candidate starting values. 
ERROR : $ operator is invalid for atomic vectors 
Time difference of 1.415542 days
ERROR : $ operator is invalid for atomic vectors 
ERROR : The initial parameters did not work. Trying a new set of candidate starting values. 
ERROR : The initial parameters did not work. Trying a new set of candidate starting values. 
ERROR : $ operator is invalid for atomic vectors 
ERROR : The initial parameters did not work. Trying a new set of candidate starting values. 
ERROR : The initial parameters did not work. Trying a new set of candidate starting values. 
ERROR : The initial parameters did not work. Trying a new set of candidate starting values. 
ERROR : The initial parameters did not work. Trying a new set of candidate starting values. 
ERROR : $ operator is invalid for atomic vectors 
ERROR : The initial parameters did not work. Trying a new set of candidate starting values. 
ERROR : $ operator is invalid for atomic vectors 
ERROR : The initial parameters did not work. Trying a new set of candidate starting values. 
ERROR : The initial parameters did not work. Trying a new set of candidate starting values. 
ERROR : The initial parameters did not work. Trying a new set of candidate starting values. 
ERROR : The initial parameters did not work. Trying a new set of candidate starting values. 
ERROR : The initial parameters did not work. Trying a new set of candidate starting values. 
ERROR : The initial parameters did not work. Trying a new set of candidate starting values. 
ERROR : The initial parameters did not work. Trying a new set of candidate starting values. 
ERROR : The initial parameters did not work. Trying a new set of candidate starting values. 
Time difference of 1.458438 days
ERROR : $ operator is invalid for atomic vectors 
ERROR : The initial parameters did not work. Trying a new set of candidate starting values. 
ERROR : The initial parameters did not work. Trying a new set of candidate starting values. 
ERROR : The initial parameters did not work. Trying a new set of candidate starting values. 
ERROR : The initial parameters did not work. Trying a new set of candidate starting values. 
ERROR : The initial parameters did not work. Trying a new set of candidate starting values. 
ERROR : The initial parameters did not work. Trying a new set of candidate starting values. 
ERROR : $ operator is invalid for atomic vectors 
ERROR : The initial parameters did not work. Trying a new set of candidate starting values. 
ERROR : The initial parameters did not work. Trying a new set of candidate starting values. 
Time difference of 1.525363 days
Time difference of 1.530594 days
Time difference of 1.533909 days
ERROR : $ operator is invalid for atomic vectors 
ERROR : $ operator is invalid for atomic vectors 
ERROR : The initial parameters did not work. Trying a new set of candidate starting values. 
ERROR : The initial parameters did not work. Trying a new set of candidate starting values. 
ERROR : The initial parameters did not work. Trying a new set of candidate starting values. 
Time difference of 1.541677 days
Time difference of 1.546261 days
ERROR : $ operator is invalid for atomic vectors 
ERROR : $ operator is invalid for atomic vectors 
ERROR : The initial parameters did not work. Trying a new set of candidate starting values. 
ERROR : The initial parameters did not work. Trying a new set of candidate starting values. 
ERROR : The initial parameters did not work. Trying a new set of candidate starting values. 
ERROR : The initial parameters did not work. Trying a new set of candidate starting values. 
ERROR : The initial parameters did not work. Trying a new set of candidate starting values. 
ERROR : The initial parameters did not work. Trying a new set of candidate starting values. 
ERROR : The initial parameters did not work. Trying a new set of candidate starting values. 
ERROR : The initial parameters did not work. Trying a new set of candidate starting values. 
ERROR : $ operator is invalid for atomic vectors 
ERROR : The initial parameters did not work. Trying a new set of candidate starting values. 
ERROR : $ operator is invalid for atomic vectors 
Time difference of 1.61074 days
Time difference of 1.616771 days
ERROR : $ operator is invalid for atomic vectors 
ERROR : The initial parameters did not work. Trying a new set of candidate starting values. 
ERROR : $ operator is invalid for atomic vectors 
ERROR : The initial parameters did not work. Trying a new set of candidate starting values. 
ERROR : The initial parameters did not work. Trying a new set of candidate starting values. 
ERROR : The initial parameters did not work. Trying a new set of candidate starting values. 
Time difference of 1.629723 days
ERROR : $ operator is invalid for atomic vectors 
ERROR : The initial parameters did not work. Trying a new set of candidate starting values. 
ERROR : The initial parameters did not work. Trying a new set of candidate starting values. 
ERROR : The initial parameters did not work. Trying a new set of candidate starting values. 
ERROR : The initial parameters did not work. Trying a new set of candidate starting values. 
ERROR : $ operator is invalid for atomic vectors 
ERROR : The initial parameters did not work. Trying a new set of candidate starting values. 
ERROR : The initial parameters did not work. Trying a new set of candidate starting values. 
ERROR : $ operator is invalid for atomic vectors 
ERROR : The initial parameters did not work. Trying a new set of candidate starting values. 
ERROR : $ operator is invalid for atomic vectors 
ERROR : The initial parameters did not work. Trying a new set of candidate starting values. 
ERROR : The initial parameters did not work. Trying a new set of candidate starting values. 
ERROR : The initial parameters did not work. Trying a new set of candidate starting values. 
ERROR : The initial parameters did not work. Trying a new set of candidate starting values. 
ERROR : The initial parameters did not work. Trying a new set of candidate starting values. 
ERROR : The initial parameters did not work. Trying a new set of candidate starting values. 
ERROR : The initial parameters did not work. Trying a new set of candidate starting values. 
ERROR : $ operator is invalid for atomic vectors 
ERROR : The initial parameters did not work. Trying a new set of candidate starting values. 
ERROR : The initial parameters did not work. Trying a new set of candidate starting values. 
ERROR : The initial parameters did not work. Trying a new set of candidate starting values. 
ERROR : $ operator is invalid for atomic vectors 
ERROR : $ operator is invalid for atomic vectors 
ERROR : The initial parameters did not work. Trying a new set of candidate starting values. 
ERROR : The initial parameters did not work. Trying a new set of candidate starting values. 
ERROR : $ operator is invalid for atomic vectors 
ERROR : The initial parameters did not work. Trying a new set of candidate starting values. 
ERROR : The initial parameters did not work. Trying a new set of candidate starting values. 
ERROR : The initial parameters did not work. Trying a new set of candidate starting values. 
ERROR : The initial parameters did not work. Trying a new set of candidate starting values. 
ERROR : $ operator is invalid for atomic vectors 
ERROR : The initial parameters did not work. Trying a new set of candidate starting values. 
Time difference of 1.719044 days
Time difference of 1.731662 days
ERROR : $ operator is invalid for atomic vectors 
ERROR : The initial parameters did not work. Trying a new set of candidate starting values. 
ERROR : $ operator is invalid for atomic vectors 
ERROR : The initial parameters did not work. Trying a new set of candidate starting values. 
ERROR : The initial parameters did not work. Trying a new set of candidate starting values. 
ERROR : The initial parameters did not work. Trying a new set of candidate starting values. 
ERROR : The initial parameters did not work. Trying a new set of candidate starting values. 
ERROR : The initial parameters did not work. Trying a new set of candidate starting values. 
ERROR : $ operator is invalid for atomic vectors 
ERROR : The initial parameters did not work. Trying a new set of candidate starting values. 
ERROR : The initial parameters did not work. Trying a new set of candidate starting values. 
ERROR : The initial parameters did not work. Trying a new set of candidate starting values. 
ERROR : The initial parameters did not work. Trying a new set of candidate starting values. 
ERROR : $ operator is invalid for atomic vectors 
ERROR : The initial parameters did not work. Trying a new set of candidate starting values. 
ERROR : The initial parameters did not work. Trying a new set of candidate starting values. 
ERROR : The initial parameters did not work. Trying a new set of candidate starting values. 
ERROR : The initial parameters did not work. Trying a new set of candidate starting values. 
ERROR : The initial parameters did not work. Trying a new set of candidate starting values. 
ERROR : $ operator is invalid for atomic vectors 
ERROR : The initial parameters did not work. Trying a new set of candidate starting values. 
Time difference of 1.797676 days
ERROR : $ operator is invalid for atomic vectors 
ERROR : $ operator is invalid for atomic vectors 
ERROR : The initial parameters did not work. Trying a new set of candidate starting values. 
ERROR : The initial parameters did not work. Trying a new set of candidate starting values. 
ERROR : $ operator is invalid for atomic vectors 
ERROR : The initial parameters did not work. Trying a new set of candidate starting values. 
ERROR : The initial parameters did not work. Trying a new set of candidate starting values. 
ERROR : The initial parameters did not work. Trying a new set of candidate starting values. 
ERROR : The initial parameters did not work. Trying a new set of candidate starting values. 
Time difference of 1.832768 days
Time difference of 1.851214 days
ERROR : $ operator is invalid for atomic vectors 
ERROR : The initial parameters did not work. Trying a new set of candidate starting values. 
ERROR : The initial parameters did not work. Trying a new set of candidate starting values. 
ERROR : The initial parameters did not work. Trying a new set of candidate starting values. 
ERROR : The initial parameters did not work. Trying a new set of candidate starting values. 
ERROR : The initial parameters did not work. Trying a new set of candidate starting values. 
ERROR : The initial parameters did not work. Trying a new set of candidate starting values. 
ERROR : The initial parameters did not work. Trying a new set of candidate starting values. 
ERROR : $ operator is invalid for atomic vectors 
ERROR : The initial parameters did not work. Trying a new set of candidate starting values. 
ERROR : The initial parameters did not work. Trying a new set of candidate starting values. 
Time difference of 1.867205 days
ERROR : $ operator is invalid for atomic vectors 
ERROR : The initial parameters did not work. Trying a new set of candidate starting values. 
ERROR : The initial parameters did not work. Trying a new set of candidate starting values. 
Time difference of 1.881961 days
ERROR : $ operator is invalid for atomic vectors 
ERROR : The initial parameters did not work. Trying a new set of candidate starting values. 
ERROR : The initial parameters did not work. Trying a new set of candidate starting values. 
Time difference of 1.884139 days
ERROR : $ operator is invalid for atomic vectors 
ERROR : The initial parameters did not work. Trying a new set of candidate starting values. 
ERROR : $ operator is invalid for atomic vectors 
ERROR : The initial parameters did not work. Trying a new set of candidate starting values. 
ERROR : The initial parameters did not work. Trying a new set of candidate starting values. 
ERROR : The initial parameters did not work. Trying a new set of candidate starting values. 
Time difference of 1.906188 days
Time difference of 1.910463 days
ERROR : $ operator is invalid for atomic vectors 
Time difference of 1.926458 days
ERROR : $ operator is invalid for atomic vectors 
ERROR : $ operator is invalid for atomic vectors 
ERROR : $ operator is invalid for atomic vectors 
Time difference of 1.947788 days
ERROR : $ operator is invalid for atomic vectors 
ERROR : The initial parameters did not work. Trying a new set of candidate starting values. 
ERROR : The initial parameters did not work. Trying a new set of candidate starting values. 
ERROR : The initial parameters did not work. Trying a new set of candidate starting values. 
ERROR : The initial parameters did not work. Trying a new set of candidate starting values. 
ERROR : The initial parameters did not work. Trying a new set of candidate starting values. 
ERROR : The initial parameters did not work. Trying a new set of candidate starting values. 
ERROR : The initial parameters did not work. Trying a new set of candidate starting values. 
Time difference of 1.960342 days
Time difference of 1.967119 days
ERROR : $ operator is invalid for atomic vectors 
ERROR : The initial parameters did not work. Trying a new set of candidate starting values. 
ERROR : The initial parameters did not work. Trying a new set of candidate starting values. 
ERROR : The initial parameters did not work. Trying a new set of candidate starting values. 
ERROR : The initial parameters did not work. Trying a new set of candidate starting values. 
ERROR : The initial parameters did not work. Trying a new set of candidate starting values. 
ERROR : $ operator is invalid for atomic vectors 
ERROR : The initial parameters did not work. Trying a new set of candidate starting values. 
ERROR : $ operator is invalid for atomic vectors 
ERROR : The initial parameters did not work. Trying a new set of candidate starting values. 
ERROR : The initial parameters did not work. Trying a new set of candidate starting values. 
ERROR : The initial parameters did not work. Trying a new set of candidate starting values. 
ERROR : $ operator is invalid for atomic vectors 
ERROR : The initial parameters did not work. Trying a new set of candidate starting values. 
ERROR : The initial parameters did not work. Trying a new set of candidate starting values. 
ERROR : The initial parameters did not work. Trying a new set of candidate starting values. 
ERROR : The initial parameters did not work. Trying a new set of candidate starting values. 
ERROR : The initial parameters did not work. Trying a new set of candidate starting values. 
ERROR : The initial parameters did not work. Trying a new set of candidate starting values. 
ERROR : The initial parameters did not work. Trying a new set of candidate starting values. 
ERROR : The initial parameters did not work. Trying a new set of candidate starting values. 
ERROR : The initial parameters did not work. Trying a new set of candidate starting values. 
ERROR : The initial parameters did not work. Trying a new set of candidate starting values. 
ERROR : The initial parameters did not work. Trying a new set of candidate starting values. 
ERROR : The initial parameters did not work. Trying a new set of candidate starting values. 
ERROR : The initial parameters did not work. Trying a new set of candidate starting values. 
ERROR : The initial parameters did not work. Trying a new set of candidate starting values. 
ERROR : The initial parameters did not work. Trying a new set of candidate starting values. 
ERROR : The initial parameters did not work. Trying a new set of candidate starting values. 
Time difference of 2.000089 days
ERROR : $ operator is invalid for atomic vectors 
ERROR : The initial parameters did not work. Trying a new set of candidate starting values. 
ERROR : $ operator is invalid for atomic vectors 
ERROR : The initial parameters did not work. Trying a new set of candidate starting values. 
ERROR : The initial parameters did not work. Trying a new set of candidate starting values. 
ERROR : The initial parameters did not work. Trying a new set of candidate starting values. 
ERROR : The initial parameters did not work. Trying a new set of candidate starting values. 
ERROR : The initial parameters did not work. Trying a new set of candidate starting values. 
ERROR : The initial parameters did not work. Trying a new set of candidate starting values. 
ERROR : The initial parameters did not work. Trying a new set of candidate starting values. 
ERROR : The initial parameters did not work. Trying a new set of candidate starting values. 
ERROR : The initial parameters did not work. Trying a new set of candidate starting values. 
ERROR : The initial parameters did not work. Trying a new set of candidate starting values. 
ERROR : The initial parameters did not work. Trying a new set of candidate starting values. 
ERROR : The initial parameters did not work. Trying a new set of candidate starting values. 
ERROR : The initial parameters did not work. Trying a new set of candidate starting values. 
ERROR : The initial parameters did not work. Trying a new set of candidate starting values. 
ERROR : The initial parameters did not work. Trying a new set of candidate starting values. 
ERROR : The initial parameters did not work. Trying a new set of candidate starting values. 
Time difference of 2.027585 days
Time difference of 2.029864 days
ERROR : $ operator is invalid for atomic vectors 
ERROR : $ operator is invalid for atomic vectors 
ERROR : The initial parameters did not work. Trying a new set of candidate starting values. 
ERROR : The initial parameters did not work. Trying a new set of candidate starting values. 
ERROR : The initial parameters did not work. Trying a new set of candidate starting values. 
ERROR : $ operator is invalid for atomic vectors 
ERROR : The initial parameters did not work. Trying a new set of candidate starting values. 
ERROR : The initial parameters did not work. Trying a new set of candidate starting values. 
ERROR : $ operator is invalid for atomic vectors 
ERROR : $ operator is invalid for atomic vectors 
ERROR : The initial parameters did not work. Trying a new set of candidate starting values. 
ERROR : The initial parameters did not work. Trying a new set of candidate starting values. 
ERROR : The initial parameters did not work. Trying a new set of candidate starting values. 
ERROR : The initial parameters did not work. Trying a new set of candidate starting values. 
ERROR : The initial parameters did not work. Trying a new set of candidate starting values. 
ERROR : The initial parameters did not work. Trying a new set of candidate starting values. 
ERROR : The initial parameters did not work. Trying a new set of candidate starting values. 
ERROR : $ operator is invalid for atomic vectors 
ERROR : The initial parameters did not work. Trying a new set of candidate starting values. 
ERROR : The initial parameters did not work. Trying a new set of candidate starting values. 
ERROR : $ operator is invalid for atomic vectors 
ERROR : The initial parameters did not work. Trying a new set of candidate starting values. 
ERROR : The initial parameters did not work. Trying a new set of candidate starting values. 
ERROR : The initial parameters did not work. Trying a new set of candidate starting values. 
ERROR : The initial parameters did not work. Trying a new set of candidate starting values. 
ERROR : The initial parameters did not work. Trying a new set of candidate starting values. 
ERROR : The initial parameters did not work. Trying a new set of candidate starting values. 
ERROR : The initial parameters did not work. Trying a new set of candidate starting values. 
ERROR : $ operator is invalid for atomic vectors 
ERROR : The initial parameters did not work. Trying a new set of candidate starting values. 
Time difference of 2.107484 days
ERROR : $ operator is invalid for atomic vectors 
ERROR : The initial parameters did not work. Trying a new set of candidate starting values. 
ERROR : The initial parameters did not work. Trying a new set of candidate starting values. 
ERROR : $ operator is invalid for atomic vectors 
ERROR : $ operator is invalid for atomic vectors 
ERROR : The initial parameters did not work. Trying a new set of candidate starting values. 
ERROR : The initial parameters did not work. Trying a new set of candidate starting values. 
ERROR : $ operator is invalid for atomic vectors 
ERROR : The initial parameters did not work. Trying a new set of candidate starting values. 
Time difference of 2.150651 days
Time difference of 2.178501 days
ERROR : $ operator is invalid for atomic vectors 
ERROR : The initial parameters did not work. Trying a new set of candidate starting values. 
Time difference of 2.230406 days
Time difference of 2.231569 days
ERROR : $ operator is invalid for atomic vectors 
ERROR : The initial parameters did not work. Trying a new set of candidate starting values. 
ERROR : The initial parameters did not work. Trying a new set of candidate starting values. 
ERROR : $ operator is invalid for atomic vectors 
Time difference of 2.245534 days
ERROR : $ operator is invalid for atomic vectors 
ERROR : The initial parameters did not work. Trying a new set of candidate starting values. 
ERROR : The initial parameters did not work. Trying a new set of candidate starting values. 
Time difference of 2.271538 days
Time difference of 2.292914 days
ERROR : $ operator is invalid for atomic vectors 
ERROR : The initial parameters did not work. Trying a new set of candidate starting values. 
ERROR : The initial parameters did not work. Trying a new set of candidate starting values. 
ERROR : The initial parameters did not work. Trying a new set of candidate starting values. 
ERROR : $ operator is invalid for atomic vectors 
ERROR : The initial parameters did not work. Trying a new set of candidate starting values. 
ERROR : The initial parameters did not work. Trying a new set of candidate starting values. 
ERROR : The initial parameters did not work. Trying a new set of candidate starting values. 
ERROR : The initial parameters did not work. Trying a new set of candidate starting values. 
ERROR : $ operator is invalid for atomic vectors 
ERROR : The initial parameters did not work. Trying a new set of candidate starting values. 
ERROR : The initial parameters did not work. Trying a new set of candidate starting values. 
ERROR : The initial parameters did not work. Trying a new set of candidate starting values. 
ERROR : The initial parameters did not work. Trying a new set of candidate starting values. 
ERROR : The initial parameters did not work. Trying a new set of candidate starting values. 
ERROR : $ operator is invalid for atomic vectors 
ERROR : The initial parameters did not work. Trying a new set of candidate starting values. 
ERROR : The initial parameters did not work. Trying a new set of candidate starting values. 
Time difference of 2.379794 days
ERROR : $ operator is invalid for atomic vectors 
ERROR : The initial parameters did not work. Trying a new set of candidate starting values. 
ERROR : The initial parameters did not work. Trying a new set of candidate starting values. 
ERROR : The initial parameters did not work. Trying a new set of candidate starting values. 
ERROR : The initial parameters did not work. Trying a new set of candidate starting values. 
ERROR : The initial parameters did not work. Trying a new set of candidate starting values. 
ERROR : $ operator is invalid for atomic vectors 
ERROR : $ operator is invalid for atomic vectors 
ERROR : The initial parameters did not work. Trying a new set of candidate starting values. 
ERROR : The initial parameters did not work. Trying a new set of candidate starting values. 
ERROR : The initial parameters did not work. Trying a new set of candidate starting values. 
ERROR : The initial parameters did not work. Trying a new set of candidate starting values. 
ERROR : The initial parameters did not work. Trying a new set of candidate starting values. 
ERROR : The initial parameters did not work. Trying a new set of candidate starting values. 
ERROR : The initial parameters did not work. Trying a new set of candidate starting values. 
ERROR : The initial parameters did not work. Trying a new set of candidate starting values. 
ERROR : The initial parameters did not work. Trying a new set of candidate starting values. 
ERROR : The initial parameters did not work. Trying a new set of candidate starting values. 
ERROR : The initial parameters did not work. Trying a new set of candidate starting values. 
ERROR : The initial parameters did not work. Trying a new set of candidate starting values. 
ERROR : The initial parameters did not work. Trying a new set of candidate starting values. 
ERROR : The initial parameters did not work. Trying a new set of candidate starting values. 
ERROR : $ operator is invalid for atomic vectors 
ERROR : The initial parameters did not work. Trying a new set of candidate starting values. 
ERROR : $ operator is invalid for atomic vectors 
ERROR : The initial parameters did not work. Trying a new set of candidate starting values. 
ERROR : The initial parameters did not work. Trying a new set of candidate starting values. 
ERROR : $ operator is invalid for atomic vectors 
ERROR : The initial parameters did not work. Trying a new set of candidate starting values. 
ERROR : The initial parameters did not work. Trying a new set of candidate starting values. 
ERROR : The initial parameters did not work. Trying a new set of candidate starting values. 
ERROR : The initial parameters did not work. Trying a new set of candidate starting values. 
ERROR : The initial parameters did not work. Trying a new set of candidate starting values. 
ERROR : The initial parameters did not work. Trying a new set of candidate starting values. 
ERROR : $ operator is invalid for atomic vectors 
ERROR : The initial parameters did not work. Trying a new set of candidate starting values. 
ERROR : The initial parameters did not work. Trying a new set of candidate starting values. 
ERROR : The initial parameters did not work. Trying a new set of candidate starting values. 
ERROR : The initial parameters did not work. Trying a new set of candidate starting values. 
ERROR : The initial parameters did not work. Trying a new set of candidate starting values. 
ERROR : The initial parameters did not work. Trying a new set of candidate starting values. 
ERROR : The initial parameters did not work. Trying a new set of candidate starting values. 
ERROR : The initial parameters did not work. Trying a new set of candidate starting values. 
ERROR : The initial parameters did not work. Trying a new set of candidate starting values. 
ERROR : The initial parameters did not work. Trying a new set of candidate starting values. 
ERROR : The initial parameters did not work. Trying a new set of candidate starting values. 
ERROR : The initial parameters did not work. Trying a new set of candidate starting values. 
ERROR : The initial parameters did not work. Trying a new set of candidate starting values. 
ERROR : The initial parameters did not work. Trying a new set of candidate starting values. 
ERROR : The initial parameters did not work. Trying a new set of candidate starting values. 
Time difference of 2.606017 days
ERROR : $ operator is invalid for atomic vectors 
ERROR : The initial parameters did not work. Trying a new set of candidate starting values. 
ERROR : The initial parameters did not work. Trying a new set of candidate starting values. 
ERROR : The initial parameters did not work. Trying a new set of candidate starting values. 
ERROR : The initial parameters did not work. Trying a new set of candidate starting values. 
Time difference of 2.634863 days
ERROR : $ operator is invalid for atomic vectors 
ERROR : The initial parameters did not work. Trying a new set of candidate starting values. 
ERROR : The initial parameters did not work. Trying a new set of candidate starting values. 
ERROR : The initial parameters did not work. Trying a new set of candidate starting values. 
ERROR : The initial parameters did not work. Trying a new set of candidate starting values. 
ERROR : The initial parameters did not work. Trying a new set of candidate starting values. 
ERROR : The initial parameters did not work. Trying a new set of candidate starting values. 
ERROR : $ operator is invalid for atomic vectors 
ERROR : The initial parameters did not work. Trying a new set of candidate starting values. 
ERROR : The initial parameters did not work. Trying a new set of candidate starting values. 
ERROR : $ operator is invalid for atomic vectors 
ERROR : The initial parameters did not work. Trying a new set of candidate starting values. 
ERROR : The initial parameters did not work. Trying a new set of candidate starting values. 
ERROR : The initial parameters did not work. Trying a new set of candidate starting values. 
ERROR : The initial parameters did not work. Trying a new set of candidate starting values. 
ERROR : The initial parameters did not work. Trying a new set of candidate starting values. 
ERROR : The initial parameters did not work. Trying a new set of candidate starting values. 
ERROR : The initial parameters did not work. Trying a new set of candidate starting values. 
ERROR : The initial parameters did not work. Trying a new set of candidate starting values. 
ERROR : The initial parameters did not work. Trying a new set of candidate starting values. 
Time difference of 2.950554 days
ERROR : $ operator is invalid for atomic vectors 
ERROR : The initial parameters did not work. Trying a new set of candidate starting values. 
ERROR : The initial parameters did not work. Trying a new set of candidate starting values. 
ERROR : The initial parameters did not work. Trying a new set of candidate starting values. 
Time difference of 3.391424 days
> 
> 
> print ("DONE")
[1] "DONE"
> end_time <- Sys.time(); end_time - start_time
Time difference of 3.391424 days
> 
> 
> 
> 
> 
> save.image(file='Hodell_quat_N3_bis.RData')
> 
> 
> 
> 
> 
> #creation of AIC matrix
> AICvalues<-matrix(ncol=2,nrow=50)
> colnames(AICvalues) <- c("iteration", "AIC")
> 
> 
> #Loop to fill the AIC matrix
> for (j in 1:50) {
+   AICvalues[j,1] = j #iteration number
+   AICvalues[j,2] = OUOU.model1[[j]]$result2$AIC #AIC value
+ }
> 
> 
> #Finding the best AIC
> BestAICiteration = which.min(AICvalues[,2])
> 
> #Finding the best iteration associated to the best AIC
> BESTRESULT=OUOU.model1[[BestAICiteration]]
> BESTRESULT
$LE_overall
NULL

$LE_overall_exp
NULL

$LE_overall_nonexp
NULL

$LE_without_dis
NULL

$LE_without_dis_exp
NULL

$LE_without_dis_nonexp
NULL

$LE_dis
NULL

$LE_dis_exp
NULL

$LE_dis_nonexp
NULL

$LE_non_dis
NULL

$LE_non_dis_exp
NULL

$LE_non_dis_nonexp
NULL

$np_age
NULL

$tp_dis
NULL

$nsurvival
NULL

$rsurvival
NULL

$nb_dis
NULL

$nb_dis_exp
NULL

$nb_dis_nonexp
NULL

$p_dis
NULL

$a_dis
NULL

$m_exp
NULL

$p_exp
NULL

$mortality_r
NULL

$result1
[1] 79

$result2
$converge
[1] "Model converged successfully"

$logL
[1] 347.842

$AICc
[1] -657.8345

$ancestral.values
[1] -1.494626 -1.122302  2.030847

$SE.anc
[1] 0.02241838 0.07785104 0.08684567

$optima
[1] -0.9541673 -0.4753820  1.7076580

$SE.optima
[1] 0.15678737        NaN 0.05512409

$A
         [,1]    [,2]      [,3]
[1,] 3.999638 0.00000  1.191634
[2,] 0.000000 1.10977  0.000000
[3,] 0.000000 0.00000 16.600689

$SE.A
         [,1] [,2]     [,3]
[1,] 2.167096    0 3.977800
[2,] 0.000000  NaN 0.000000
[3,] 0.000000    0 6.919544

$half.life
[1] 0.17330247 0.62458615 0.04175412

$R
          [,1]      [,2]      [,3]
[1,] 0.3359772 0.1664699 0.1792900
[2,] 0.1664699 0.2088651 0.2462761
[3,] 0.1792900 0.2462761 0.9256500

$SE.R
           [,1]       [,2]       [,3]
[1,] 0.08253388 0.02071352 0.01355890
[2,] 0.02071352 0.01057665 0.01134511
[3,] 0.01355890 0.01134511 0.01639321

$method
[1] "Joint"

$K
[1] 16

$n
[1] 110

$iter
[1] 1

attr(,"class")
[1] "paleoTSfit"

$result3
Time difference of 1.967119 days

> 

Job 11096738 consumed 4233.0 billing hours from project nn8105k.

Submitted 2024-04-06T18:15:24; waited 0.0 seconds in the queue after becoming eligible to run.

Requested wallclock time: 7.0 days
Elapsed wallclock time:   3.4 days

Task and CPU statistics:
ID              CPUs  Tasks  CPU util                Start  Elapsed  Exit status
11096738          52            0.0 %  2024-04-06T18:15:24   81.4 h  0
11096738.batch    52      1   124.3 %  2024-04-06T18:15:24   81.4 h  0

Used CPU time:   219.2 CPU days
Unused CPU time: 0.0 CPU seconds

Memory statistics, in GiB:
ID               Alloc   Usage
11096738          50.0        
11096738.batch    50.0    16.6

Job 11096738 completed at Wed Apr 10 03:39:35 CEST 2024
