Starting job 9765210 on c5-56 on saga at Mon Oct 23 13:22:57 CEST 2023


Currently Loaded Modules:
  1) StdEnv                              (S)
  2) GCCcore/11.3.0
  3) zlib/1.2.12-GCCcore-11.3.0          (H)
  4) binutils/2.38-GCCcore-11.3.0        (H)
  5) GCC/11.3.0
  6) numactl/2.0.14-GCCcore-11.3.0       (H)
  7) XZ/5.2.5-GCCcore-11.3.0             (H)
  8) libxml2/2.9.13-GCCcore-11.3.0       (H)
  9) libpciaccess/0.16-GCCcore-11.3.0    (H)
 10) hwloc/2.7.1-GCCcore-11.3.0          (H)
 11) hpcx/2.14
 12) OpenMPI/4.1.4-GCC-11.3.0
 13) OpenBLAS/0.3.20-GCC-11.3.0
 14) FlexiBLAS/3.2.0-GCC-11.3.0
 15) FFTW/3.3.10-GCC-11.3.0
 16) gompi/2022a
 17) FFTW.MPI/3.3.10-gompi-2022a
 18) ScaLAPACK/2.2.0-gompi-2022a-fb
 19) foss/2022a
 20) bzip2/1.0.8-GCCcore-11.3.0          (H)
 21) expat/2.4.8-GCCcore-11.3.0          (H)
 22) libpng/1.6.37-GCCcore-11.3.0        (H)
 23) Brotli/1.0.9-GCCcore-11.3.0         (H)
 24) freetype/2.12.1-GCCcore-11.3.0      (H)
 25) ncurses/6.3-GCCcore-11.3.0          (H)
 26) util-linux/2.38-GCCcore-11.3.0      (H)
 27) fontconfig/2.14.0-GCCcore-11.3.0    (H)
 28) xorg-macros/1.19.3-GCCcore-11.3.0   (H)
 29) X11/20220504-GCCcore-11.3.0         (H)
 30) gzip/1.12-GCCcore-11.3.0            (H)
 31) lz4/1.9.3-GCCcore-11.3.0            (H)
 32) zstd/1.5.2-GCCcore-11.3.0           (H)
 33) libdrm/2.4.110-GCCcore-11.3.0       (H)
 34) libglvnd/1.4.0-GCCcore-11.3.0       (H)
 35) libunwind/1.6.2-GCCcore-11.3.0      (H)
 36) LLVM/14.0.3-GCCcore-11.3.0          (H)
 37) Mesa/22.0.3-GCCcore-11.3.0          (H)
 38) libGLU/9.0.2-GCCcore-11.3.0         (H)
 39) pixman/0.40.0-GCCcore-11.3.0        (H)
 40) libffi/3.4.2-GCCcore-11.3.0         (H)
 41) gettext/0.21-GCCcore-11.3.0         (H)
 42) PCRE/8.45-GCCcore-11.3.0            (H)
 43) GLib/2.72.1-GCCcore-11.3.0          (H)
 44) cairo/1.17.4-GCCcore-11.3.0         (H)
 45) libreadline/8.1.2-GCCcore-11.3.0    (H)
 46) Tcl/8.6.12-GCCcore-11.3.0           (H)
 47) SQLite/3.38.3-GCCcore-11.3.0        (H)
 48) PCRE2/10.40-GCCcore-11.3.0          (H)
 49) NASM/2.15.05-GCCcore-11.3.0         (H)
 50) libjpeg-turbo/2.1.3-GCCcore-11.3.0  (H)
 51) jbigkit/2.1-GCCcore-11.3.0          (H)
 52) libdeflate/1.10-GCCcore-11.3.0      (H)
 53) LibTIFF/4.3.0-GCCcore-11.3.0        (H)
 54) Java/11.0.16
 55) Tk/8.6.12-GCCcore-11.3.0            (H)
 56) OpenSSL/1.1                         (H)
 57) cURL/7.83.0-GCCcore-11.3.0          (H)
 58) GMP/6.2.1-GCCcore-11.3.0            (H)
 59) NLopt/2.7.1-GCCcore-11.3.0          (H)
 60) libogg/1.3.5-GCCcore-11.3.0         (H)
 61) FLAC/1.3.4-GCCcore-11.3.0           (H)
 62) libvorbis/1.3.7-GCCcore-11.3.0      (H)
 63) libopus/1.3.1-GCCcore-11.3.0        (H)
 64) LAME/3.100-GCCcore-11.3.0           (H)
 65) libsndfile/1.1.0-GCCcore-11.3.0     (H)
 66) ICU/71.1-GCCcore-11.3.0             (H)
 67) Szip/2.1.1-GCCcore-11.3.0           (H)
 68) HDF5/1.12.2-gompi-2022a
 69) UDUNITS/2.2.28-GCCcore-11.3.0
 70) GSL/2.7-GCC-11.3.0
 71) ATK/2.38.0-GCCcore-11.3.0           (H)
 72) Gdk-Pixbuf/2.42.8-GCCcore-11.3.0    (H)
 73) HarfBuzz/4.2.1-GCCcore-11.3.0       (H)
 74) FriBidi/1.0.12-GCCcore-11.3.0       (H)
 75) Pango/1.50.7-GCCcore-11.3.0         (H)
 76) GTK2/2.24.33-GCCcore-11.3.0         (H)
 77) Ghostscript/9.56.1-GCCcore-11.3.0   (H)
 78) JasPer/2.0.33-GCCcore-11.3.0        (H)
 79) LittleCMS/2.13.1-GCCcore-11.3.0     (H)
 80) ImageMagick/7.1.0-37-GCCcore-11.3.0 (H)
 81) GLPK/5.0-GCCcore-11.3.0             (H)
 82) nodejs/16.15.1-GCCcore-11.3.0       (H)
 83) Python/3.10.4-GCCcore-11.3.0
 84) netCDF/4.9.0-gompi-2022a
 85) GEOS/3.10.3-GCC-11.3.0
 86) nlohmann_json/3.10.5-GCCcore-11.3.0 (H)
 87) PROJ/9.0.0-GCCcore-11.3.0
 88) libgeotiff/1.7.1-GCCcore-11.3.0     (H)
 89) pybind11/2.9.2-GCCcore-11.3.0       (H)
 90) SciPy-bundle/2022.05-foss-2022a
 91) libtirpc/1.3.2-GCCcore-11.3.0       (H)
 92) HDF/4.2.15-GCCcore-11.3.0           (H)
 93) GDAL/3.5.0-foss-2022a
 94) MPFR/4.1.0-GCCcore-11.3.0           (H)
 95) libgit2/1.4.3-GCCcore-11.3.0        (H)
 96) R/4.2.1-foss-2022a

  Where:
   H:  Hidden Module
   S:  Module is Sticky, requires --force to unload or purge

 


R version 4.2.1 (2022-06-23) -- "Funny-Looking Kid"
Copyright (C) 2022 The R Foundation for Statistical Computing
Platform: x86_64-pc-linux-gnu (64-bit)

R is free software and comes with ABSOLUTELY NO WARRANTY.
You are welcome to redistribute it under certain conditions.
Type 'license()' or 'licence()' for distribution details.

  Natural language support but running in an English locale

R is a collaborative project with many contributors.
Type 'contributors()' for more information and
'citation()' on how to cite R or R packages in publications.

Type 'demo()' for some demos, 'help()' for on-line help, or
'help.start()' for an HTML browser interface to help.
Type 'q()' to quit R.

> ####################
> # BORNEMANN SCRIPT #
> ####################
> 
> 
> .libPaths("/cluster/home/marionth/R")
> library(evoTS)
Warning message:
package ‘evoTS’ was built under R version 4.2.2 
> library(paleoTS)
Warning message:
package ‘paleoTS’ was built under R version 4.2.2 
> library(stats)
> library(dplyr)

Attaching package: ‘dplyr’

The following objects are masked from ‘package:stats’:

    filter, lag

The following objects are masked from ‘package:base’:

    intersect, setdiff, setequal, union

> 
> 
> setwd("/cluster/home/marionth/Hodell")
> getwd()
[1] "/cluster/home/marionth/Hodell"
> 
> 
> 
> 
> ###### LENGTH WITH d18O PROXY ITERATIONS ######
> 
> 
> 
> data1=read.table("Hodell_and_Vayavananda_1993_Fohsella_length.txt",header=T)
> data13C <- read.csv("/cluster/home/marionth/Hodell/table_d13C.csv")
> datalength13C = cbind(data1,data13C)
> data13Cbis = datalength13C %>% filter(!is.na(Mean_isotopsd13C)) #enlever toutes les lignes contenant NA dans la colonne "Mean" pour data13C et datalength
> 
> 
> 
> 
> sample_sized13C=data13Cbis[[1]]
> length_meansd13C=data13Cbis[[2]]
> length_varianced13C=data13Cbis[[3]]
> time_vectord13C=data13Cbis[[4]]
> 
> 
> d13C_means=data13Cbis[[5]]
> d13C_variance=data13Cbis[[6]]
> d13C_samplesize=data13Cbis[[7]]
> d13C_timevector=data13Cbis[[8]]
> 
> 
> datad13C=paleoTS::as.paleoTS(mm=d13C_means, vv=d13C_variance, nn=d13C_samplesize, tt=d13C_timevector)
> datad13C$tt=datad13C$tt/(max(datad13C$tt)) #rescale le temps
> ln.lengthd13C=paleoTS::as.paleoTS(mm=length_meansd13C, vv=length_varianced13C, nn=sample_sized13C, tt=time_vectord13C) 
> ln.lengthd13C$tt=ln.lengthd13C$tt/(max(ln.lengthd13C$tt))
> 
> 
> 
> data18O <- read.csv("/cluster/home/marionth/Hodell/table_d18O.csv")
> datalength18O = cbind(data1,data18O)
> data18Obis = datalength18O %>% filter(!is.na(Mean_isotopsd18O)) #enlever toutes les lignes contenant NA dans la colonne "Mean" pour data13C et datalength
> 
> 
> d18O_means=data18Obis[[5]]
> d18O_variance=data18Obis[[6]]
> d18O_samplesize=data18Obis[[7]]
> d18O_timevector=data18Obis[[8]]
> 
> 
> datad18Oi=paleoTS::as.paleoTS(mm=d18O_means, vv=d18O_variance, nn=d18O_samplesize, tt=d18O_timevector) #create two paleoTS object
> datad18Oi$tt=datad18Oi$tt/(max(datad18Oi$tt))  #rescale du temps   
> 
> 
> multiENVI=make.multivar.evoTS(ln.lengthd13C, datad18Oi, datad13C) 
> plotevoTS.multivariate(multiENVI, y_min=-3, y_max=3, x.label="relative time", y.label="Trait and proxy d18O and d13C means", pch=c(20,20))
> 
> 
> 
> 
> 
> # UNBIASED RANDOM WALK
> modelURWdiagENVI=fit.multivariate.URW(multiENVI, R="diag", r="fixed",trace=TRUE, iterations=100)
iter   10 value -334.909032
final  value -335.947443 
converged
iter   10 value -307.655263
iter   20 value -335.946269
final  value -335.947443 
converged
iter   10 value -270.201836
iter   20 value -335.946159
final  value -335.947443 
converged
iter   10 value 2947.573891
iter   20 value -327.084175
iter   30 value -335.947441
final  value -335.947443 
converged
iter   10 value -215.539572
iter   20 value -335.244240
iter   30 value -335.947443
final  value -335.947443 
converged
iter   10 value 1941.556629
iter   20 value -281.231802
iter   30 value -335.947404
final  value -335.947443 
converged
iter   10 value -238.343185
iter   20 value -335.910564
final  value -335.947443 
converged
iter   10 value 1956.373942
iter   20 value -333.512339
iter   30 value -335.947442
final  value -335.947443 
converged
iter   10 value 1407.429454
iter   20 value -330.701427
final  value -335.947443 
converged
iter   10 value 159.708085
iter   20 value -330.610766
iter   30 value -335.947442
final  value -335.947443 
converged
iter   10 value -272.418449
iter   20 value -335.942563
final  value -335.947443 
converged
iter   10 value -307.611487
iter   20 value -335.947376
final  value -335.947443 
converged
iter   10 value -311.960006
iter   20 value -335.946651
final  value -335.947443 
converged
iter   10 value -283.702440
iter   20 value -335.943053
final  value -335.947443 
converged
iter   10 value -218.069460
iter   20 value -321.348149
iter   30 value -335.947404
final  value -335.947443 
converged
iter   10 value -106.429404
iter   20 value -322.668763
iter   30 value -335.947334
final  value -335.947443 
converged
iter   10 value 1215.132595
iter   20 value -275.429182
iter   30 value -335.798570
final  value -335.947443 
converged
iter   10 value -270.842828
iter   20 value -335.941418
final  value -335.947443 
converged
iter   10 value -209.485519
iter   20 value -335.666317
final  value -335.947443 
converged
iter   10 value -206.021416
iter   20 value -334.941485
iter   30 value -335.947443
final  value -335.947443 
converged
iter   10 value -246.309444
iter   20 value -335.619790
final  value -335.947442 
converged
iter   10 value -261.403816
iter   20 value -335.715127
final  value -335.947443 
converged
iter   10 value -265.664410
iter   20 value -335.905287
final  value -335.947443 
converged
iter   10 value -278.901770
iter   20 value -335.829128
final  value -335.947443 
converged
iter   10 value -291.383558
iter   20 value -335.939007
final  value -335.947443 
converged
iter   10 value -260.056144
iter   20 value -334.962267
iter   30 value -335.947443
final  value -335.947443 
converged
iter   10 value -221.999921
iter   20 value -335.943546
final  value -335.947443 
converged
iter   10 value -246.754913
iter   20 value -334.901505
final  value -335.947443 
converged
iter   10 value -237.852480
iter   20 value -335.039532
iter   30 value -335.947443
final  value -335.947443 
converged
iter   10 value -301.540865
iter   20 value -335.947439
final  value -335.947443 
converged
iter   10 value -299.795548
iter   20 value -335.945594
final  value -335.947443 
converged
iter   10 value -301.017385
iter   20 value -335.947435
final  value -335.947443 
converged
iter   10 value -268.403420
iter   20 value -335.947185
final  value -335.947443 
converged
iter   10 value 2178.381621
iter   20 value -332.196969
iter   30 value -335.947443
final  value -335.947443 
converged
iter   10 value 487.424603
iter   20 value -335.894896
final  value -335.947442 
converged
iter   10 value -212.716462
iter   20 value -335.947310
final  value -335.947443 
converged
iter   10 value -168.272025
iter   20 value -335.947206
final  value -335.947442 
converged
iter   10 value -315.954873
iter   20 value -335.947420
final  value -335.947443 
converged
iter   10 value -267.242814
iter   20 value -335.947387
final  value -335.947443 
converged
iter   10 value -335.377133
iter   20 value -335.947443
final  value -335.947443 
converged
iter   10 value -323.179315
iter   20 value -335.946561
final  value -335.947443 
converged
iter   10 value -214.164864
iter   20 value -335.944424
final  value -335.947443 
converged
iter   10 value -37.067666
iter   20 value -335.879091
final  value -335.947442 
converged
iter   10 value 887.015307
iter   20 value -335.817748
final  value -335.947443 
converged
iter   10 value 511.412934
iter   20 value -332.064854
iter   30 value -335.947442
final  value -335.947443 
converged
iter   10 value -301.490851
iter   20 value -335.947278
final  value -335.947443 
converged
iter   10 value 230.661855
iter   20 value -329.289650
iter   30 value -335.947441
final  value -335.947443 
converged
iter   10 value -267.385057
iter   20 value -335.944711
final  value -335.947443 
converged
iter   10 value -40.382546
iter   20 value -335.942018
final  value -335.947443 
converged
iter   10 value -194.489734
iter   20 value -335.787759
final  value -335.947443 
converged
iter   10 value -305.182211
iter   20 value -335.947443
final  value -335.947443 
converged
iter   10 value -244.548191
iter   20 value -335.923162
final  value -335.947443 
converged
iter   10 value 3121.015192
iter   20 value -314.558367
iter   30 value -335.947437
final  value -335.947443 
converged
iter   10 value 2616.556627
iter   20 value -320.487893
iter   30 value -335.947440
final  value -335.947443 
converged
iter   10 value 2723.202814
iter   20 value -324.023768
iter   30 value -335.947442
final  value -335.947443 
converged
iter   10 value -275.710148
iter   20 value -335.938925
final  value -335.947443 
converged
iter   10 value 2514.470996
iter   20 value -314.499080
iter   30 value -335.947409
final  value -335.947443 
converged
iter   10 value -259.577593
iter   20 value -335.751794
final  value -335.947443 
converged
iter   10 value 2542.474713
iter   20 value -324.601611
iter   30 value -335.947437
final  value -335.947443 
converged
iter   10 value -280.218917
iter   20 value -335.837924
final  value -335.947442 
converged
iter   10 value 1396.843279
iter   20 value -334.090437
final  value -335.947443 
converged
iter   10 value -261.774912
iter   20 value -335.942641
final  value -335.947443 
converged
iter   10 value -215.065419
iter   20 value -335.893190
final  value -335.947443 
converged
iter   10 value 1589.392758
iter   20 value -319.290365
iter   30 value -335.947442
final  value -335.947442 
converged
iter   10 value -258.417314
iter   20 value -335.927752
final  value -335.947443 
converged
iter   10 value -276.605271
iter   20 value -335.943755
final  value -335.947443 
converged
iter   10 value 14456.378368
iter   20 value -270.449737
iter   30 value -335.915848
final  value -335.947442 
converged
iter   10 value 2159.032489
iter   20 value -310.768572
iter   30 value -335.947408
final  value -335.947443 
converged
iter   10 value 29119.675727
iter   20 value -301.602583
iter   30 value -335.946392
final  value -335.947443 
converged
iter   10 value 24276.043720
iter   20 value -288.464478
iter   30 value -335.945853
final  value -335.947443 
converged
iter   10 value 61038.943976
iter   20 value -260.603678
iter   30 value -335.755315
final  value -335.947443 
converged
iter   10 value 50325.136611
iter   20 value -267.231622
iter   30 value -335.557456
final  value -335.947443 
converged
iter   10 value 77489.767650
iter   20 value -241.079615
iter   30 value -332.100863
iter   40 value -335.947443
final  value -335.947443 
converged
iter   10 value 98456.309055
iter   20 value -241.855180
iter   30 value -326.669379
iter   40 value -335.947443
final  value -335.947443 
converged
iter   10 value 92407.450029
iter   20 value -253.043825
iter   30 value -332.826822
iter   40 value -335.947430
final  value -335.947443 
converged
iter   10 value 103426.161593
iter   20 value -267.126020
iter   30 value -335.788867
final  value -335.947443 
converged
iter   10 value 95329.206109
iter   20 value -285.807610
iter   30 value -335.932442
final  value -335.947443 
converged
iter   10 value 85953.319854
iter   20 value -315.942977
iter   30 value -335.947441
final  value -335.947443 
converged
iter   10 value 11199.187654
iter   20 value -306.769367
iter   30 value -335.947319
final  value -335.947443 
converged
iter   10 value 87240.606094
iter   20 value -268.286314
iter   30 value -335.678607
final  value -335.947443 
converged
iter   10 value 87569.641823
iter   20 value -236.055385
iter   30 value -328.221273
iter   40 value -335.947408
final  value -335.947443 
converged
iter   10 value 74929.356007
iter   20 value -246.636599
iter   30 value -333.197070
iter   40 value -335.947443
final  value -335.947443 
converged
iter   10 value 77095.115806
iter   20 value -193.094140
iter   30 value -335.596517
iter   40 value -335.947443
final  value -335.947443 
converged
iter   10 value 54778.789904
iter   20 value -251.241340
iter   30 value -335.043206
final  value -335.947443 
converged
iter   10 value 3842.380753
iter   20 value -247.877355
iter   30 value -335.836173
final  value -335.947443 
converged
iter   10 value 72479.446718
iter   20 value -253.027354
iter   30 value -335.871192
final  value -335.947443 
converged
iter   10 value 42395.168013
iter   20 value -232.796827
iter   30 value -332.838190
final  value -335.947442 
converged
iter   10 value 16328.585217
iter   20 value -218.049562
iter   30 value -335.652514
iter   40 value -335.947443
final  value -335.947443 
converged
iter   10 value 21495.143514
iter   20 value -208.213889
iter   30 value -324.459829
iter   40 value -335.947443
final  value -335.947443 
converged
iter   10 value 23391.098502
iter   20 value -222.896170
iter   30 value -335.186765
iter   40 value -335.947441
final  value -335.947443 
converged
iter   10 value 24641.547648
iter   20 value -229.458115
iter   30 value -324.544364
iter   40 value -335.947442
final  value -335.947443 
converged
iter   10 value 19888.736050
iter   20 value -216.210541
iter   30 value -332.338113
iter   40 value -335.947440
final  value -335.947443 
converged
iter   10 value 3373.535787
iter   20 value -278.929474
iter   30 value -335.944709
final  value -335.947443 
converged
iter   10 value 2732.596996
iter   20 value -291.132989
iter   30 value -335.947018
final  value -335.947443 
converged
iter   10 value 8548.166666
iter   20 value -272.900184
iter   30 value -335.947353
final  value -335.947443 
converged
iter   10 value -264.524725
iter   20 value -335.668932
iter   30 value -335.947442
final  value -335.947443 
converged
iter   10 value -248.390296
iter   20 value -335.416545
final  value -335.947442 
converged
iter   10 value -212.145793
iter   20 value -332.606723
final  value -335.947443 
converged
iter   10 value -93.822885
iter   20 value -322.656384
iter   30 value -335.947378
final  value -335.947443 
converged
iter   10 value 9677.739838
iter   20 value -285.240335
iter   30 value -335.942434
final  value -335.947441 
converged
> # (1) AICc =
> 
> 
> 
> 
> 
> ## UNBIASED RANDOM WALK WITH ACCELERATED AND DECELERATED MODELS
> 
> 
> modelacceldiagENVI=fit.multivariate.URW(multiENVI, R="diag", r="accel",trace=TRUE, iterations=100)
iter   10 value -334.508546
iter   20 value -336.162977
final  value -336.165686 
converged
iter   10 value -322.285189
iter   20 value -333.609906
iter   30 value -336.165679
final  value -336.165685 
converged
iter   10 value -282.948474
iter   20 value -331.920891
iter   30 value -336.165667
final  value -336.165684 
converged
iter   10 value -302.578485
iter   20 value -327.420818
iter   30 value -336.165041
final  value -336.165686 
converged
iter   10 value -225.287735
iter   20 value -332.497196
iter   30 value -336.165662
final  value -336.165686 
converged
iter   10 value -208.911551
iter   20 value -332.988281
iter   30 value -336.133845
final  value -336.165686 
converged
iter   10 value -195.673171
iter   20 value -333.399329
iter   30 value -336.081124
iter   40 value -336.165686
final  value -336.165686 
converged
iter   10 value -242.719776
iter   20 value -330.292549
iter   30 value -336.165473
final  value -336.165686 
converged
iter   10 value 12852.827745
iter   20 value -166.894115
iter   30 value -330.231492
iter   40 value -335.788360
iter   50 value -336.165686
final  value -336.165686 
converged
iter   10 value -216.551318
iter   20 value -322.533078
iter   30 value -336.165036
final  value -336.165685 
converged
iter   10 value -111.568529
iter   20 value -286.572045
iter   30 value -331.804587
iter   40 value -336.530277
iter   50 value -336.531125
final  value -336.531125 
converged
iter   10 value -126.142688
iter   20 value -310.023868
iter   30 value -327.612658
iter   40 value -336.165681
final  value -336.165686 
converged
iter   10 value -103.471975
iter   20 value -299.350422
iter   30 value -325.823391
iter   40 value -336.165672
final  value -336.165686 
converged
iter   10 value -20.814740
iter   20 value -141.956697
iter   30 value -318.466150
iter   40 value -336.511168
iter   50 value -336.531060
final  value -336.531123 
converged
iter   10 value 2797.343154
iter   20 value -84.862890
iter   30 value -310.503876
iter   40 value -328.740469
iter   50 value -336.165606
final  value -336.165676 
converged
iter   10 value 1091.971390
iter   20 value -36.752470
iter   30 value -246.878102
iter   40 value -303.465281
iter   50 value -335.998537
iter   60 value -336.165686
final  value -336.165686 
converged
iter   10 value 10885.249693
iter   20 value -87.072777
iter   30 value -273.991417
iter   40 value -327.373110
iter   50 value -336.530968
final  value -336.531126 
converged
iter   10 value 1652.915994
iter   20 value -279.213286
iter   30 value -313.672518
iter   40 value -336.244177
iter   50 value -336.530521
iter   60 value -336.531125
final  value -336.531126 
converged
iter   10 value 2689.565924
iter   20 value -283.293190
iter   30 value -300.545270
iter   40 value -336.441773
iter   50 value -336.531019
final  value -336.531126 
converged
iter   10 value 4182.314668
iter   20 value -298.154858
iter   30 value -312.358972
iter   40 value -336.165392
final  value -336.165686 
converged
iter   10 value 8604.741312
iter   20 value -231.486321
iter   30 value -298.972635
iter   40 value -334.178802
iter   50 value -336.165686
final  value -336.165686 
converged
iter   10 value 3073.613741
iter   20 value -229.067738
iter   30 value -287.555938
iter   40 value -335.013137
iter   50 value -336.165685
final  value -336.165686 
converged
iter   10 value 4396.432493
iter   20 value -155.631053
iter   30 value -273.584469
iter   40 value -282.495359
iter   50 value -336.150977
final  value -336.165686 
converged
iter   10 value 1882.186309
iter   20 value -109.739869
iter   30 value -272.471105
iter   40 value -297.636185
iter   50 value -336.157713
final  value -336.165685 
converged
iter   10 value 732.569014
iter   20 value -49.235160
iter   30 value -258.910233
iter   40 value -275.458449
iter   50 value -335.577290
final  value -336.165686 
converged
iter   10 value 4062.356934
iter   20 value 40.402220
iter   30 value -195.435574
iter   40 value -288.738108
iter   50 value -335.732237
iter   60 value -336.531069
final  value -336.531126 
converged
iter   10 value 6062.012339
iter   20 value 81.508458
iter   30 value -90.807506
iter   40 value -220.880184
iter   50 value -228.174011
iter   60 value -291.949722
iter   70 value -336.512497
iter   80 value -336.530950
final  value -336.531126 
converged
iter   10 value 11553.767953
iter   20 value 242.738011
iter   30 value 43.022052
iter   40 value -70.260972
iter   50 value -253.011140
iter   60 value -256.189841
iter   70 value -335.337872
iter   80 value -336.165686
final  value -336.165686 
converged
iter   10 value 8098.044917
iter   20 value 266.367519
iter   30 value -11.610040
iter   40 value -247.709674
iter   50 value -267.264588
iter   60 value -336.003152
iter   70 value -336.165686
final  value -336.165686 
converged
iter   10 value 10255.133744
iter   20 value 84.175248
iter   30 value -0.926826
iter   40 value -269.557914
iter   50 value -286.073015
iter   60 value -335.968976
iter   70 value -336.165677
final  value -336.165686 
converged
iter   10 value 21491.638843
iter   20 value 200.270621
iter   30 value 72.061774
iter   40 value -259.878871
iter   50 value -279.469545
iter   60 value -336.136041
iter   70 value -336.165686
final  value -336.165686 
converged
iter   10 value 25976.947802
iter   20 value 219.290050
iter   30 value 70.606170
iter   40 value -126.513023
iter   50 value -274.776265
iter   60 value -336.028415
final  value -336.165686 
converged
iter   10 value 18869.505193
iter   20 value 153.248192
iter   30 value 91.473508
iter   40 value -193.432193
iter   50 value -237.008928
iter   60 value -267.436942
iter   70 value -336.160027
final  value -336.165686 
converged
iter   10 value 18728.269748
iter   20 value 66.010393
iter   30 value -226.808189
iter   40 value -280.569057
iter   50 value -335.973626
final  value -336.165686 
converged
iter   10 value 1246.605371
iter   20 value 250.192554
iter   30 value 124.238553
iter   40 value -233.283918
iter   50 value -238.238699
iter   60 value -316.579535
iter   70 value -336.165080
final  value -336.165686 
converged
iter   10 value 3912.293708
iter   20 value 213.270294
iter   30 value 95.899564
iter   40 value -6.843564
iter   50 value -184.415191
iter   60 value -219.603870
iter   70 value -221.762503
iter   80 value -330.091463
iter   90 value -336.165685
final  value -336.165686 
converged
iter   10 value 12336.968711
iter   20 value 242.776088
iter   30 value 99.246085
iter   40 value -121.482760
iter   50 value -243.704899
iter   60 value -280.705054
iter   70 value -336.478310
iter   80 value -336.531108
final  value -336.531126 
converged
iter   10 value 36040.452192
iter   20 value 326.210042
iter   30 value 106.303018
iter   40 value 83.453696
iter   50 value -231.074971
iter   60 value -256.417931
iter   70 value -319.532970
iter   80 value -336.165231
final  value -336.165686 
converged
iter   10 value 3447.179477
iter   20 value 280.881911
iter   30 value 57.796742
iter   40 value -90.755609
iter   50 value -273.082939
iter   60 value -313.414939
iter   70 value -336.481034
iter   80 value -336.531123
final  value -336.531124 
converged
iter   10 value 36298.356778
iter   20 value 228.683074
iter   30 value 30.860177
iter   40 value -245.594483
iter   50 value -268.552328
iter   60 value -327.108846
iter   70 value -336.165685
final  value -336.165686 
converged
iter   10 value 2002.521958
iter   20 value 264.630921
iter   30 value 62.718363
iter   40 value -48.868853
iter   50 value -209.301666
iter   60 value -236.061451
iter   70 value -238.774446
iter   80 value -332.608545
iter   90 value -336.165686
final  value -336.165686 
converged
iter   10 value 3134.592226
iter   20 value 691.985777
iter   30 value 7.636657
iter   40 value -107.882962
iter   50 value -197.944451
iter   60 value -200.242264
iter   70 value -212.748412
iter   80 value -335.090842
iter   90 value -336.165686
final  value -336.165686 
converged
iter   10 value 300.578477
iter   20 value 245.216371
iter   30 value 179.292312
iter   40 value -195.728641
iter   50 value -241.384693
iter   60 value -260.670930
iter   70 value -336.087241
final  value -336.165686 
converged
iter   10 value 31920.687405
iter   20 value 419.756280
iter   30 value 222.421298
iter   40 value 163.351362
iter   50 value -152.812908
iter   60 value -196.791683
iter   70 value -198.976408
iter   80 value -199.647688
iter   90 value -214.702478
iter  100 value -335.862631
final  value -336.165685 
converged
iter   10 value 728.472503
iter   20 value 411.731222
iter   30 value 220.372187
iter   40 value 180.722870
iter   50 value -119.299378
iter   60 value -251.912507
iter   70 value -310.222676
iter   80 value -336.164946
final  value -336.165686 
converged
iter   10 value 46403.096041
iter   20 value 517.323321
iter   30 value 370.026230
iter   40 value 102.327843
iter   50 value -98.219558
iter   60 value -176.194492
iter   70 value -207.393945
iter   80 value -218.140290
iter   90 value -332.846832
iter  100 value -336.165682
final  value -336.165686 
converged
iter   10 value 57531.192759
iter   20 value 462.052061
iter   30 value 440.722984
iter   40 value -16.737143
iter   50 value -51.125381
iter   60 value -164.776974
iter   70 value -177.308309
iter   80 value -182.884942
iter   90 value -183.430457
iter  100 value -241.108845
iter  110 value -335.648628
iter  120 value -336.165686
final  value -336.165686 
converged
iter   10 value 75832.174979
iter   20 value 336.057552
iter   30 value -69.014972
iter   40 value -119.018124
iter   50 value -198.471399
iter   60 value -200.256442
iter   70 value -201.218574
iter   80 value -271.457180
iter   90 value -334.909961
iter  100 value -336.165685
final  value -336.165686 
converged
iter   10 value 80173.820067
iter   20 value 702.012098
iter   30 value 271.939004
iter   40 value -136.673941
iter   50 value -267.933683
iter   60 value -330.858015
iter   70 value -336.165096
final  value -336.165686 
converged
iter   10 value 72753.574147
iter   20 value 756.233639
iter   30 value 108.814900
iter   40 value -228.517832
iter   50 value -290.078612
iter   60 value -333.700504
iter   70 value -336.529953
final  value -336.531125 
converged
iter   10 value 60014.962130
iter   20 value 341.784070
iter   30 value 95.698888
iter   40 value -204.241020
iter   50 value -266.699504
iter   60 value -331.113405
iter   70 value -336.164600
final  value -336.165686 
converged
iter   10 value 78951.629200
iter   20 value 619.547876
iter   30 value 229.191742
iter   40 value -266.624747
iter   50 value -286.136600
iter   60 value -336.016080
iter   70 value -336.530873
iter   80 value -336.531123
final  value -336.531126 
converged
iter   10 value 265.217433
iter   20 value 110.671397
iter   30 value 12.046041
iter   40 value -251.579350
iter   50 value -264.611510
iter   60 value -333.462308
iter   70 value -336.165686
final  value -336.165686 
converged
iter   10 value 3991.046012
iter   20 value 433.871536
iter   30 value 217.721817
iter   40 value -14.373742
iter   50 value -244.626956
iter   60 value -263.801482
iter   70 value -336.038477
iter   80 value -336.165686
final  value -336.165686 
converged
iter   10 value 4244.537430
iter   20 value 205.742622
iter   30 value -165.223943
iter   40 value -257.099858
iter   50 value -311.617668
iter   60 value -336.165334
final  value -336.165686 
converged
iter   10 value 32804.233801
iter   20 value 175.374546
iter   30 value -264.201079
iter   40 value -300.049773
iter   50 value -336.156726
final  value -336.165686 
converged
iter   10 value 4451.860823
iter   20 value 192.860823
iter   30 value -236.003693
iter   40 value -283.605093
iter   50 value -336.036235
iter   60 value -336.165685
final  value -336.165685 
converged
iter   10 value 20162.019270
iter   20 value 135.789222
iter   30 value -225.977330
iter   40 value -268.645376
iter   50 value -311.900092
iter   60 value -336.164909
final  value -336.165686 
converged
iter   10 value 177.489124
iter   20 value -37.545624
iter   30 value -167.439932
iter   40 value -260.828380
iter   50 value -282.753372
iter   60 value -336.115802
final  value -336.165686 
converged
iter   10 value 138.448965
iter   20 value -100.554550
iter   30 value -263.307771
iter   40 value -292.594567
iter   50 value -335.502045
iter   60 value -336.530357
final  value -336.531126 
converged
iter   10 value 187.805850
iter   20 value -160.357094
iter   30 value -232.040254
iter   40 value -239.861397
iter   50 value -331.349507
iter   60 value -336.165438
final  value -336.165686 
converged
iter   10 value 111.630126
iter   20 value -103.212609
iter   30 value -261.028815
iter   40 value -276.921541
iter   50 value -336.135716
final  value -336.165686 
converged
iter   10 value 246.715909
iter   20 value 19.959315
iter   30 value -192.447557
iter   40 value -230.351432
iter   50 value -233.182068
iter   60 value -320.468289
iter   70 value -336.165134
final  value -336.165686 
converged
iter   10 value 1010.786157
iter   20 value -162.366701
iter   30 value -294.308197
iter   40 value -331.448806
iter   50 value -336.165567
final  value -336.165686 
converged
iter   10 value 89736.895403
iter   20 value 335.697109
iter   30 value 109.625557
iter   40 value 7.048868
iter   50 value -276.968386
iter   60 value -316.506704
iter   70 value -336.165130
final  value -336.165686 
converged
iter   10 value 188.821035
iter   20 value -26.267098
iter   30 value -179.702838
iter   40 value -181.492235
iter   50 value -183.856105
iter   60 value -263.444734
iter   70 value -335.222447
iter   80 value -336.165686
final  value -336.165686 
converged
iter   10 value 698.455106
iter   20 value 286.288081
iter   30 value -232.599486
iter   40 value -244.436010
iter   50 value -322.679928
iter   60 value -336.165195
final  value -336.165686 
converged
iter   10 value 2095.447961
iter   20 value 444.627922
iter   30 value -103.009016
iter   40 value -251.655633
iter   50 value -261.159351
iter   60 value -336.066483
iter   70 value -336.165679
final  value -336.165686 
converged
iter   10 value 3200.830357
iter   20 value 484.949413
iter   30 value 18.428905
iter   40 value -231.666248
iter   50 value -244.720269
iter   60 value -335.863359
iter   70 value -336.165686
final  value -336.165686 
converged
iter   10 value 81927.501426
iter   20 value 469.467831
iter   30 value 130.945057
iter   40 value -95.154851
iter   50 value -249.743798
iter   60 value -256.750766
iter   70 value -334.791450
iter   80 value -336.165686
final  value -336.165686 
converged
iter   10 value 1930.555203
iter   20 value 15.195622
iter   30 value -152.549683
iter   40 value -234.206910
iter   50 value -240.015594
iter   60 value -323.691853
iter   70 value -336.164808
final  value -336.165686 
converged
iter   10 value 105806.377396
iter   20 value 520.768494
iter   30 value 318.889107
iter   40 value 236.176843
iter   50 value 222.861961
iter   60 value -150.580249
iter   70 value -229.565577
iter   80 value -308.788985
iter   90 value -336.078674
iter  100 value -336.165686
final  value -336.165686 
converged
iter   10 value 87341.228163
iter   20 value 612.954513
iter   30 value 237.078322
iter   40 value 209.523302
iter   50 value 158.148387
iter   60 value -170.476907
iter   70 value -196.091412
iter   80 value -200.473482
iter   90 value -203.459845
iter  100 value -227.188349
iter  110 value -334.441282
iter  120 value -336.165686
final  value -336.165686 
converged
iter   10 value 88568.678184
iter   20 value 392.656616
iter   30 value 298.598463
iter   40 value 242.756516
iter   50 value 173.781377
iter   60 value 107.163533
iter   70 value -199.613035
iter   80 value -203.787892
iter   90 value -209.533872
iter  100 value -331.903301
iter  110 value -336.165648
final  value -336.165686 
converged
iter   10 value 73313.533357
iter   20 value 448.073201
iter   30 value 332.108114
iter   40 value 244.032544
iter   50 value 149.331895
iter   60 value 42.850328
iter   70 value -149.287980
iter   80 value -175.317697
iter   90 value -181.321450
iter  100 value -188.612774
iter  110 value -327.927903
iter  120 value -336.165678
final  value -336.165686 
converged
iter   10 value 453.565570
iter   20 value 186.243922
iter   30 value 148.577233
iter   40 value 90.970930
iter   50 value -91.830644
iter   60 value -151.370046
iter   70 value -151.989034
iter   80 value -153.186927
iter   90 value -153.502491
iter  100 value -156.019083
iter  110 value -158.595801
iter  120 value -307.685897
iter  130 value -336.162674
final  value -336.165686 
converged
iter   10 value 385.444248
iter   20 value 366.189883
iter   30 value 239.019720
iter   40 value -18.049253
iter   50 value -142.811710
iter   60 value -163.510749
iter   70 value -164.363526
iter   80 value -164.956647
iter   90 value -196.130414
iter  100 value -335.354008
iter  110 value -336.165686
final  value -336.165686 
converged
iter   10 value 214.631816
iter   20 value -112.236364
iter   30 value -144.444192
iter   40 value -160.076640
iter   50 value -160.647542
iter   60 value -160.931832
iter   70 value -165.894967
iter   80 value -215.863521
iter   90 value -335.556658
final  value -336.165686 
converged
iter   10 value 269.521184
iter   20 value -51.875574
iter   30 value -109.075918
iter   40 value -157.962247
iter   50 value -183.754357
iter   60 value -185.300833
iter   70 value -189.658151
iter   80 value -270.354495
iter   90 value -335.801758
final  value -336.165686 
converged
iter   10 value 178.622495
iter   20 value -47.703583
iter   30 value -156.899105
iter   40 value -158.803707
iter   50 value -159.824334
iter   60 value -160.341532
iter   70 value -160.801919
iter   80 value -177.292305
iter   90 value -326.330899
iter  100 value -336.165518
final  value -336.165686 
converged
iter   10 value 330.391182
iter   20 value -38.710040
iter   30 value -146.642322
iter   40 value -174.165186
iter   50 value -175.585340
iter   60 value -176.602428
iter   70 value -257.067505
iter   80 value -334.337664
iter   90 value -336.165492
final  value -336.165686 
converged
iter   10 value 270.275001
iter   20 value -105.345394
iter   30 value -183.191523
iter   40 value -185.166925
iter   50 value -317.256621
iter   60 value -336.165363
final  value -336.165686 
converged
iter   10 value 566.202226
iter   20 value 22.327125
iter   30 value -10.059214
iter   40 value -177.836019
iter   50 value -179.065523
iter   60 value -179.963335
iter   70 value -181.737758
iter   80 value -195.632375
iter   90 value -333.899696
iter  100 value -336.165685
final  value -336.165686 
converged
iter   10 value 662.932153
iter   20 value 272.871887
iter   30 value 254.151558
iter   40 value 220.969129
iter   50 value 2.759003
iter   60 value -25.869360
iter   70 value -76.267136
iter   80 value -134.435214
final  value -135.624476 
stopped after 86 iterations
iter   10 value 546.280016
iter   20 value 316.294438
iter   30 value 309.392722
iter   40 value 293.934989
iter   50 value 259.238574
iter   60 value -125.927102
iter   70 value -251.778709
iter   80 value -308.363186
iter   90 value -336.152115
final  value -336.165686 
converged
iter   10 value 459.039006
iter   20 value 359.427105
iter   30 value 353.772850
final  value 352.837856 
stopped after 32 iterations
iter   10 value 508.517700
iter   20 value 336.506559
iter   30 value 321.689570
iter   40 value -180.387308
iter   50 value -314.653524
iter   60 value -336.164664
final  value -336.165686 
converged
iter   10 value 445.376077
iter   20 value -259.655962
iter   30 value -334.353009
iter   40 value -336.165682
final  value -336.165686 
converged
iter   10 value 345.693917
iter   20 value 101.344310
iter   30 value -336.062922
iter   40 value -336.165554
final  value -336.165686 
converged
iter   10 value 454.842489
iter   20 value 182.191778
iter   30 value -318.338092
iter   40 value -336.523645
iter   50 value -336.531117
final  value -336.531125 
converged
iter   10 value 708.519203
iter   20 value 61.361283
iter   30 value -286.763751
iter   40 value -334.209127
iter   50 value -336.165682
final  value -336.165686 
converged
iter   10 value 376.503408
iter   20 value 229.910028
iter   30 value 207.072190
iter   40 value -202.832618
iter   50 value -336.451207
iter   60 value -336.530857
final  value -336.531126 
converged
iter   10 value 924.882774
iter   20 value 191.362569
iter   30 value 130.645081
iter   40 value -307.896070
iter   50 value -336.318258
iter   60 value -336.530971
final  value -336.531125 
converged
iter   10 value 741.882154
iter   20 value 398.683117
iter   30 value 292.441515
iter   40 value 286.542070
iter   50 value 128.587763
iter   60 value -336.499524
iter   70 value -336.531114
final  value -336.531125 
converged
iter   10 value 519.403738
iter   20 value 183.448368
iter   30 value 72.578499
iter   40 value -335.782436
iter   50 value -336.529794
iter   60 value -336.531123
final  value -336.531123 
converged
iter   10 value 499.241953
iter   20 value 44.278232
iter   30 value -332.358171
iter   40 value -335.950138
iter   50 value -336.165686
final  value -336.165686 
converged
iter   10 value 367.083670
iter   20 value -9.534143
iter   30 value -318.802882
iter   40 value -336.149413
final  value -336.165686 
converged
iter   10 value 530.205699
iter   20 value -16.782599
iter   30 value -281.878597
iter   40 value -291.607757
iter   50 value -334.594598
iter   60 value -336.514576
iter   70 value -336.530963
final  value -336.531125 
converged
iter   10 value 361.865804
iter   20 value 3.803349
iter   30 value -287.207832
iter   40 value -333.021080
iter   50 value -336.165678
final  value -336.165686 
converged
iter   10 value 1263.598604
iter   20 value 293.166545
iter   30 value 64.792180
iter   40 value -324.176303
iter   50 value -335.945059
final  value -336.165686 
converged
> # (1) AICc = 
> 
> 
> 
> 
> 
> modeldeceldiagENVI=fit.multivariate.URW(multiENVI, R="diag", r="decel",trace=TRUE, iterations=100)
iter   10 value 2035.381559
iter   20 value -330.138024
iter   30 value -335.779822
iter   40 value -335.946248
final  value -335.946718 
stopped after 44 iterations
iter   10 value -331.057603
iter   20 value -335.422027
iter   30 value -335.936729
final  value -335.946320 
converged
iter   10 value -331.547851
iter   20 value -335.702128
final  value -335.946736 
converged
iter   10 value -326.352301
iter   20 value -335.572362
iter   30 value -335.939177
final  value -335.946727 
stopped after 38 iterations
iter   10 value 6214.551128
iter   20 value -331.024210
iter   30 value -335.871349
final  value -335.945745 
converged
iter   10 value 1408.866536
iter   20 value -327.863331
iter   30 value -333.659193
iter   40 value -335.940889
final  value -335.945017 
converged
iter   10 value 25.240037
iter   20 value -332.082157
iter   30 value -335.870288
final  value -335.946027 
converged
iter   10 value -245.058589
iter   20 value -334.940637
iter   30 value -335.866151
final  value -335.945825 
converged
iter   10 value -179.890733
iter   20 value -334.663066
iter   30 value -335.920112
final  value -335.946209 
converged
iter   10 value 11021.939283
iter   20 value -331.305868
iter   30 value -335.267922
iter   40 value -335.934490
iter   50 value -335.946303
final  value -335.946312 
converged
iter   10 value 9164.798178
iter   20 value -321.757505
iter   30 value -335.460022
iter   40 value -335.943827
final  value -335.946646 
converged
iter   10 value 31541.852099
iter   20 value -316.711318
iter   30 value -330.661995
iter   40 value -335.895979
final  value -335.945808 
stopped after 46 iterations
iter   10 value 600.391006
iter   20 value -314.605358
iter   30 value -325.102619
iter   40 value -335.885149
final  value -335.946195 
converged
iter   10 value 282.291974
iter   20 value -311.674470
iter   30 value -334.829557
iter   40 value -335.945491
final  value -335.945836 
stopped after 41 iterations
iter   10 value 2385.318107
iter   20 value -305.847049
iter   30 value -331.925266
iter   40 value -335.926301
final  value -335.946276 
converged
iter   10 value 9006.482490
iter   20 value -310.929571
iter   30 value -331.112396
iter   40 value -335.922822
final  value -335.946441 
converged
iter   10 value 603.084599
iter   20 value -317.146662
iter   30 value -335.314870
iter   40 value -335.943988
final  value -335.946593 
converged
iter   10 value 400.237647
iter   20 value -325.962829
iter   30 value -335.724370
iter   40 value -335.945717
final  value -335.945717 
stopped after 40 iterations
iter   10 value 64.500813
iter   20 value -324.964209
iter   30 value -335.148687
iter   40 value -335.931464
final  value -335.946737 
converged
iter   10 value 129.335523
iter   20 value -327.521817
iter   30 value -335.866565
final  value -335.946962 
converged
iter   10 value -331.528903
iter   20 value -335.907546
final  value -335.946029 
converged
iter   10 value -272.333802
iter   20 value -329.635228
iter   30 value -335.736161
iter   40 value -335.945823
final  value -335.946735 
converged
iter   10 value 257.176279
iter   20 value -325.347575
iter   30 value -335.867558
final  value -335.946829 
converged
iter   10 value 202.194368
iter   20 value -328.029898
iter   30 value -335.681482
iter   40 value -335.946038
final  value -335.946038 
converged
iter   10 value -192.498920
iter   20 value -331.738843
iter   30 value -335.916920
final  value -335.946469 
stopped after 39 iterations
iter   10 value -26.095372
iter   20 value -325.129538
iter   30 value -334.304834
iter   40 value -335.935312
final  value -335.946252 
converged
iter   10 value 108.715316
iter   20 value -321.388829
iter   30 value -328.576747
iter   40 value -335.849617
iter   50 value -335.946699
final  value -335.946699 
converged
iter   10 value 142.206772
iter   20 value -327.497735
iter   30 value -334.670516
iter   40 value -335.940428
final  value -335.946701 
converged
iter   10 value 11.741122
iter   20 value -332.175957
iter   30 value -335.407799
iter   40 value -335.938368
final  value -335.938368 
converged
iter   10 value -196.965295
iter   20 value -333.930373
iter   30 value -335.849952
final  value -335.945337 
converged
iter   10 value -251.303509
iter   20 value -335.441833
iter   30 value -335.913018
iter   40 value -335.946868
final  value -335.946868 
converged
iter   10 value -282.677233
iter   20 value -334.427316
iter   30 value -335.891315
final  value -335.946423 
stopped after 37 iterations
iter   10 value -309.666978
iter   20 value -335.695451
final  value -335.944538 
stopped after 27 iterations
iter   10 value 11273.359241
iter   20 value -298.334692
iter   30 value -327.641356
iter   40 value -335.891997
final  value -335.946805 
converged
iter   10 value 19742.269737
iter   20 value -290.145160
iter   30 value -323.175397
iter   40 value -335.271194
iter   50 value -335.945811
final  value -335.946715 
converged
iter   10 value 18132.103089
iter   20 value -298.815299
iter   30 value -323.921088
iter   40 value -335.847723
final  value -335.946434 
converged
iter   10 value 25198.412979
iter   20 value -286.064428
iter   30 value -320.947914
iter   40 value -335.382422
iter   50 value -335.935213
final  value -335.935213 
converged
iter   10 value 29749.175330
iter   20 value -288.195434
iter   30 value -321.702177
iter   40 value -335.859822
final  value -335.946178 
converged
iter   10 value 1721.977063
iter   20 value -298.947453
iter   30 value -323.853578
iter   40 value -335.862498
final  value -335.945328 
converged
iter   10 value 5620.903887
iter   20 value -299.282618
iter   30 value -324.194969
iter   40 value -335.845489
final  value -335.946376 
converged
iter   10 value 27562.078825
iter   20 value -295.195489
iter   30 value -322.090258
iter   40 value -335.863811
final  value -335.946452 
converged
iter   10 value -269.248636
iter   20 value -314.993085
iter   30 value -334.747488
iter   40 value -335.944024
final  value -335.944130 
stopped after 43 iterations
iter   10 value 1388.270417
iter   20 value -293.049247
iter   30 value -316.978712
iter   40 value -332.493062
iter   50 value -335.903381
final  value -335.946578 
converged
iter   10 value 3348.767628
iter   20 value -290.912913
iter   30 value -324.390807
iter   40 value -335.932740
final  value -335.946572 
converged
iter   10 value 3649.237214
iter   20 value -276.008048
iter   30 value -307.893897
iter   40 value -334.890412
iter   50 value -335.939054
final  value -335.946349 
converged
iter   10 value 3300.332724
iter   20 value -277.074669
iter   30 value -293.661521
iter   40 value -329.455879
iter   50 value -335.917129
final  value -335.932446 
stopped after 53 iterations
iter   10 value 3417.118721
iter   20 value -268.043311
iter   30 value -293.826277
iter   40 value -327.951748
iter   50 value -335.934645
final  value -335.946258 
converged
iter   10 value 3454.440722
iter   20 value -272.570217
iter   30 value -292.732472
iter   40 value -331.502617
iter   50 value -335.915890
final  value -335.946105 
converged
iter   10 value 5502.399028
iter   20 value -262.073480
iter   30 value -290.424356
iter   40 value -334.654384
iter   50 value -335.933068
final  value -335.946351 
converged
iter   10 value 2223.537239
iter   20 value -274.692680
iter   30 value -309.108665
iter   40 value -335.857432
iter   50 value -335.946242
final  value -335.946847 
converged
iter   10 value 5066.560208
iter   20 value -272.983076
iter   30 value -306.534602
iter   40 value -332.609746
iter   50 value -335.923459
final  value -335.946243 
converged
iter   10 value 2825.855458
iter   20 value -286.186016
iter   30 value -307.903267
iter   40 value -334.684859
iter   50 value -335.946503
final  value -335.946503 
converged
iter   10 value 4272.966814
iter   20 value -268.835235
iter   30 value -305.588959
iter   40 value -334.784066
iter   50 value -335.945137
final  value -335.945137 
converged
iter   10 value 4107.677137
iter   20 value -261.210674
iter   30 value -302.485451
iter   40 value -333.603357
iter   50 value -335.930559
final  value -335.946272 
converged
iter   10 value 2611.321623
iter   20 value -263.791937
iter   30 value -307.120596
iter   40 value -335.725699
final  value -335.945461 
stopped after 46 iterations
iter   10 value 707.991742
iter   20 value -266.579180
iter   30 value -309.621040
iter   40 value -335.683492
iter   50 value -335.946410
final  value -335.946410 
converged
iter   10 value -214.529413
iter   20 value -278.438093
iter   30 value -326.951655
iter   40 value -335.912476
final  value -335.945395 
converged
iter   10 value -199.958219
iter   20 value -261.673571
iter   30 value -307.360619
iter   40 value -334.322129
iter   50 value -335.945579
final  value -335.946575 
stopped after 52 iterations
iter   10 value -211.817722
iter   20 value -274.515426
iter   30 value -328.395369
iter   40 value -335.904410
final  value -335.945955 
stopped after 45 iterations
iter   10 value -203.716169
iter   20 value -269.388696
iter   30 value -308.480338
iter   40 value -334.988668
iter   50 value -335.945425
final  value -335.945425 
converged
iter   10 value -204.161268
iter   20 value -280.273491
iter   30 value -313.319986
iter   40 value -335.850741
final  value -335.945939 
converged
iter   10 value -193.986638
iter   20 value -281.926389
iter   30 value -331.222080
iter   40 value -335.880365
iter   50 value -335.946233
final  value -335.946836 
converged
iter   10 value -229.350103
iter   20 value -280.212071
iter   30 value -313.983813
iter   40 value -335.753858
final  value -335.946089 
converged
iter   10 value -250.779551
iter   20 value -301.748934
iter   30 value -330.217945
iter   40 value -335.767850
final  value -335.944277 
converged
iter   10 value -264.258379
iter   20 value -298.456578
iter   30 value -334.920664
iter   40 value -335.944155
final  value -335.946176 
converged
iter   10 value -279.874919
iter   20 value -325.316536
iter   30 value -335.921091
final  value -335.946710 
stopped after 36 iterations
iter   10 value -290.354630
iter   20 value -322.536752
iter   30 value -335.831769
final  value -335.945257 
converged
iter   10 value -284.471418
iter   20 value -323.477225
iter   30 value -334.385989
iter   40 value -335.898068
final  value -335.946047 
converged
iter   10 value -275.643187
iter   20 value -318.498133
iter   30 value -335.486430
iter   40 value -335.943851
final  value -335.946314 
converged
iter   10 value -284.659174
iter   20 value -322.099255
iter   30 value -335.607451
iter   40 value -335.946335
final  value -335.946335 
converged
iter   10 value -262.661840
iter   20 value -298.823977
iter   30 value -326.371075
iter   40 value -335.267316
iter   50 value -335.936632
final  value -335.946354 
stopped after 54 iterations
iter   10 value -259.291734
iter   20 value -300.600981
iter   30 value -335.800151
iter   40 value -335.946602
final  value -335.946602 
converged
iter   10 value -285.503484
iter   20 value -315.825964
iter   30 value -334.540995
iter   40 value -335.939213
final  value -335.946809 
converged
iter   10 value -285.338206
iter   20 value -325.099698
iter   30 value -335.834447
final  value -335.946410 
converged
iter   10 value -259.100327
iter   20 value -295.164219
iter   30 value -325.556982
iter   40 value -335.664065
final  value -335.939353 
stopped after 48 iterations
iter   10 value -262.058500
iter   20 value -295.478476
iter   30 value -331.001368
iter   40 value -335.913129
final  value -335.945228 
converged
iter   10 value -258.074419
iter   20 value -291.546484
iter   30 value -332.805458
iter   40 value -335.835055
final  value -335.946045 
converged
iter   10 value -269.750596
iter   20 value -322.935087
iter   30 value -335.901932
final  value -335.946097 
converged
iter   10 value -238.355030
iter   20 value -297.476135
iter   30 value -330.360607
iter   40 value -335.757040
iter   50 value -335.946070
final  value -335.946070 
converged
iter   10 value -262.979837
iter   20 value -314.235144
iter   30 value -335.893723
final  value -335.946388 
converged
iter   10 value -280.387334
iter   20 value -309.073750
iter   30 value -335.449918
iter   40 value -335.944858
final  value -335.945214 
stopped after 41 iterations
iter   10 value -272.085882
iter   20 value -309.362510
iter   30 value -335.801924
iter   40 value -335.946721
final  value -335.946721 
converged
iter   10 value -275.360589
iter   20 value -311.892564
iter   30 value -335.499745
iter   40 value -335.945203
final  value -335.946823 
converged
iter   10 value -275.460952
iter   20 value -300.303780
iter   30 value -332.081213
iter   40 value -335.901951
final  value -335.945736 
converged
iter   10 value -274.625835
iter   20 value -305.751506
iter   30 value -334.368559
iter   40 value -335.936474
final  value -335.946832 
converged
iter   10 value -276.450258
iter   20 value -302.648688
iter   30 value -333.864338
iter   40 value -335.939588
final  value -335.946217 
converged
iter   10 value -260.779610
iter   20 value -294.667971
iter   30 value -328.980797
iter   40 value -335.931246
final  value -335.946765 
converged
iter   10 value -264.424758
iter   20 value -303.240788
iter   30 value -335.347181
iter   40 value -335.942017
final  value -335.947117 
stopped after 45 iterations
iter   10 value -277.095015
iter   20 value -307.206764
iter   30 value -334.324650
iter   40 value -335.860966
final  value -335.944557 
converged
iter   10 value -272.089632
iter   20 value -300.724348
iter   30 value -332.427313
iter   40 value -335.929797
final  value -335.946148 
converged
iter   10 value -283.807613
iter   20 value -314.561792
iter   30 value -335.674630
iter   40 value -335.945870
final  value -335.945870 
converged
iter   10 value -277.156616
iter   20 value -307.154919
iter   30 value -335.666257
iter   40 value -335.942368
final  value -335.946995 
converged
iter   10 value -273.372579
iter   20 value -309.905590
iter   30 value -334.846302
iter   40 value -335.945238
final  value -335.945481 
converged
iter   10 value -243.248682
iter   20 value -293.572500
iter   30 value -335.348192
iter   40 value -335.942644
iter   50 value -335.946863
final  value -335.946863 
converged
iter   10 value -227.699221
iter   20 value -281.521725
iter   30 value -331.864372
iter   40 value -335.913533
final  value -335.946278 
converged
iter   10 value -245.393824
iter   20 value -305.081115
iter   30 value -323.919780
iter   40 value -333.503453
iter   50 value -335.939683
final  value -335.946692 
converged
iter   10 value 61802.289279
iter   20 value -220.207625
iter   30 value -280.031972
iter   40 value -331.486213
iter   50 value -335.944664
final  value -335.946026 
converged
iter   10 value 47955.226922
iter   20 value -181.976807
iter   30 value -271.751917
iter   40 value -321.324618
iter   50 value -333.031816
iter   60 value -335.927247
final  value -335.946231 
converged
iter   10 value -242.124856
iter   20 value -300.497060
iter   30 value -327.123094
final  value -335.944969 
converged
iter   10 value -197.049612
iter   20 value -283.526963
iter   30 value -331.490453
iter   40 value -335.915164
final  value -335.946340 
converged
> # (2) AICc =
> 
> 
> 
> 
> 
> save.image(file='Hodell_hpc_FINAL_TRIO_URW.RData')
> 
> 
> 
> 
> modelURWdiagENVI
$converge
[1] "Model converged successfully"

$modelName
[1] "Multivariate Random walk (R matrix with zero off-diagonal elements)"

$logL
[1] 335.9474

$AICc
[1] -659.0794

$ancestral.values
[1] -1.491505 -1.083264  2.003454

$SE.anc
[1] NA

$R
          [,1]      [,2]     [,3]
[1,] 0.3432634 0.0000000 0.000000
[2,] 0.0000000 0.2331527 0.000000
[3,] 0.0000000 0.0000000 0.757292

$SE.R
[1] NA

$method
[1] "Joint"

$K
[1] 6

$n
[1] 110

$iter
[1] 100

attr(,"class")
[1] "paleoTSfit"
> modelacceldiagENVI
$converge
[1] "Model converged successfully"

$modelName
[1] "Multivariate Random walk with accelerating rate of evoluton (diagonal R matrix: no trait correlations)"

$logL
[1] 336.5311

$AICc
[1] -657.9642

$ancestral.values
[1] -1.491628 -1.083237  2.003976

$SE.anc
[1] NA

$r
[1] 1e-13

$SE.r
[1] NA

$R
          [,1]     [,2]      [,3]
[1,] 0.3512162 0.000000 0.0000000
[2,] 0.0000000 0.235283 0.0000000
[3,] 0.0000000 0.000000 0.7715053

$SE.R
[1] NA

$method
[1] "Joint"

$K
[1] 7

$n
[1] 110

$iter
[1] 100

attr(,"class")
[1] "paleoTSfit"
> modeldeceldiagENVI
$converge
[1] "The model did not converge due to en error in L-BFGS-B. Reported estimates are not the maximum likelihood"

$modelName
[1] "Multivariate Random walk with decelerating rate of evoluton (diagonal R matrix: no trait correlations)"

$logL
[1] 335.9471

$AICc
[1] -656.7962

$ancestral.values
[1] -1.491480 -1.083352  2.003459

$SE.anc
[1] NA

$r
[1] -0.0002836925

$SE.r
[1] NA

$R
          [,1]      [,2]      [,3]
[1,] 0.3434896 0.0000000 0.0000000
[2,] 0.0000000 0.2333705 0.0000000
[3,] 0.0000000 0.0000000 0.7573019

$SE.R
[1] NA

$method
[1] "Joint"

$K
[1] 7

$n
[1] 110

$iter
[1] 100

attr(,"class")
[1] "paleoTSfit"
> 

Job 9765210 consumed 2.4 billing hours from project nn8105k.

Submitted 2023-10-23T13:22:27; waited 30.0 seconds in the queue after becoming eligible to run.

Requested wallclock time: 4.0 days
Elapsed wallclock time:   1.2 hours

Task and CPU statistics:
ID             CPUs  Tasks  CPU util                Start  Elapsed  Exit status
9765210           1            0.0 %  2023-10-23T13:22:57    1.2 h  0
9765210.batch     1      1    81.6 %  2023-10-23T13:22:57    1.2 h  0

Used CPU time:   59.5 CPU minutes
Unused CPU time: 13.4 CPU minutes

Memory statistics, in GiB:
ID              Alloc   Usage
9765210          10.0        
9765210.batch    10.0     0.4

Job 9765210 completed at Mon Oct 23 14:35:54 CEST 2023
