Starting job 8987106 on c5-50 on saga at Thu Aug 3 15:57:17 CEST 2023


Currently Loaded Modules:
  1) StdEnv                              (S)
  2) GCCcore/11.3.0
  3) zlib/1.2.12-GCCcore-11.3.0          (H)
  4) binutils/2.38-GCCcore-11.3.0        (H)
  5) GCC/11.3.0
  6) numactl/2.0.14-GCCcore-11.3.0       (H)
  7) XZ/5.2.5-GCCcore-11.3.0             (H)
  8) libxml2/2.9.13-GCCcore-11.3.0       (H)
  9) libpciaccess/0.16-GCCcore-11.3.0    (H)
 10) hwloc/2.7.1-GCCcore-11.3.0          (H)
 11) hpcx/2.14
 12) OpenMPI/4.1.4-GCC-11.3.0
 13) OpenBLAS/0.3.20-GCC-11.3.0
 14) FlexiBLAS/3.2.0-GCC-11.3.0
 15) FFTW/3.3.10-GCC-11.3.0
 16) gompi/2022a
 17) FFTW.MPI/3.3.10-gompi-2022a
 18) ScaLAPACK/2.2.0-gompi-2022a-fb
 19) foss/2022a
 20) bzip2/1.0.8-GCCcore-11.3.0          (H)
 21) expat/2.4.8-GCCcore-11.3.0          (H)
 22) libpng/1.6.37-GCCcore-11.3.0        (H)
 23) Brotli/1.0.9-GCCcore-11.3.0         (H)
 24) freetype/2.12.1-GCCcore-11.3.0      (H)
 25) ncurses/6.3-GCCcore-11.3.0          (H)
 26) util-linux/2.38-GCCcore-11.3.0      (H)
 27) fontconfig/2.14.0-GCCcore-11.3.0    (H)
 28) xorg-macros/1.19.3-GCCcore-11.3.0   (H)
 29) X11/20220504-GCCcore-11.3.0         (H)
 30) gzip/1.12-GCCcore-11.3.0            (H)
 31) lz4/1.9.3-GCCcore-11.3.0            (H)
 32) zstd/1.5.2-GCCcore-11.3.0           (H)
 33) libdrm/2.4.110-GCCcore-11.3.0       (H)
 34) libglvnd/1.4.0-GCCcore-11.3.0       (H)
 35) libunwind/1.6.2-GCCcore-11.3.0      (H)
 36) LLVM/14.0.3-GCCcore-11.3.0          (H)
 37) Mesa/22.0.3-GCCcore-11.3.0          (H)
 38) libGLU/9.0.2-GCCcore-11.3.0         (H)
 39) pixman/0.40.0-GCCcore-11.3.0        (H)
 40) libffi/3.4.2-GCCcore-11.3.0         (H)
 41) gettext/0.21-GCCcore-11.3.0         (H)
 42) PCRE/8.45-GCCcore-11.3.0            (H)
 43) GLib/2.72.1-GCCcore-11.3.0          (H)
 44) cairo/1.17.4-GCCcore-11.3.0         (H)
 45) libreadline/8.1.2-GCCcore-11.3.0    (H)
 46) Tcl/8.6.12-GCCcore-11.3.0           (H)
 47) SQLite/3.38.3-GCCcore-11.3.0        (H)
 48) PCRE2/10.40-GCCcore-11.3.0          (H)
 49) NASM/2.15.05-GCCcore-11.3.0         (H)
 50) libjpeg-turbo/2.1.3-GCCcore-11.3.0  (H)
 51) jbigkit/2.1-GCCcore-11.3.0          (H)
 52) libdeflate/1.10-GCCcore-11.3.0      (H)
 53) LibTIFF/4.3.0-GCCcore-11.3.0        (H)
 54) Java/11.0.16
 55) Tk/8.6.12-GCCcore-11.3.0            (H)
 56) OpenSSL/1.1                         (H)
 57) cURL/7.83.0-GCCcore-11.3.0          (H)
 58) GMP/6.2.1-GCCcore-11.3.0            (H)
 59) NLopt/2.7.1-GCCcore-11.3.0          (H)
 60) libogg/1.3.5-GCCcore-11.3.0         (H)
 61) FLAC/1.3.4-GCCcore-11.3.0           (H)
 62) libvorbis/1.3.7-GCCcore-11.3.0      (H)
 63) libopus/1.3.1-GCCcore-11.3.0        (H)
 64) LAME/3.100-GCCcore-11.3.0           (H)
 65) libsndfile/1.1.0-GCCcore-11.3.0     (H)
 66) ICU/71.1-GCCcore-11.3.0             (H)
 67) Szip/2.1.1-GCCcore-11.3.0           (H)
 68) HDF5/1.12.2-gompi-2022a
 69) UDUNITS/2.2.28-GCCcore-11.3.0
 70) GSL/2.7-GCC-11.3.0
 71) ATK/2.38.0-GCCcore-11.3.0           (H)
 72) Gdk-Pixbuf/2.42.8-GCCcore-11.3.0    (H)
 73) HarfBuzz/4.2.1-GCCcore-11.3.0       (H)
 74) FriBidi/1.0.12-GCCcore-11.3.0       (H)
 75) Pango/1.50.7-GCCcore-11.3.0         (H)
 76) GTK2/2.24.33-GCCcore-11.3.0         (H)
 77) Ghostscript/9.56.1-GCCcore-11.3.0   (H)
 78) JasPer/2.0.33-GCCcore-11.3.0        (H)
 79) LittleCMS/2.13.1-GCCcore-11.3.0     (H)
 80) ImageMagick/7.1.0-37-GCCcore-11.3.0 (H)
 81) GLPK/5.0-GCCcore-11.3.0             (H)
 82) nodejs/16.15.1-GCCcore-11.3.0       (H)
 83) Python/3.10.4-GCCcore-11.3.0
 84) netCDF/4.9.0-gompi-2022a
 85) GEOS/3.10.3-GCC-11.3.0
 86) nlohmann_json/3.10.5-GCCcore-11.3.0 (H)
 87) PROJ/9.0.0-GCCcore-11.3.0
 88) libgeotiff/1.7.1-GCCcore-11.3.0     (H)
 89) pybind11/2.9.2-GCCcore-11.3.0       (H)
 90) SciPy-bundle/2022.05-foss-2022a
 91) libtirpc/1.3.2-GCCcore-11.3.0       (H)
 92) HDF/4.2.15-GCCcore-11.3.0           (H)
 93) GDAL/3.5.0-foss-2022a
 94) MPFR/4.1.0-GCCcore-11.3.0           (H)
 95) libgit2/1.4.3-GCCcore-11.3.0        (H)
 96) R/4.2.1-foss-2022a

  Where:
   H:  Hidden Module
   S:  Module is Sticky, requires --force to unload or purge

 


R version 4.2.1 (2022-06-23) -- "Funny-Looking Kid"
Copyright (C) 2022 The R Foundation for Statistical Computing
Platform: x86_64-pc-linux-gnu (64-bit)

R is free software and comes with ABSOLUTELY NO WARRANTY.
You are welcome to redistribute it under certain conditions.
Type 'license()' or 'licence()' for distribution details.

  Natural language support but running in an English locale

R is a collaborative project with many contributors.
Type 'contributors()' for more information and
'citation()' on how to cite R or R packages in publications.

Type 'demo()' for some demos, 'help()' for on-line help, or
'help.start()' for an HTML browser interface to help.
Type 'q()' to quit R.

> ####################
> # BORNEMANN SCRIPT #
> ####################
> 
> 
> .libPaths("/cluster/home/marionth/R")
> library(usethis)
> library(evoTS)
Warning message:
package ‘evoTS’ was built under R version 4.2.2 
> library(paleoTS)
> 
> 
> 
> setwd("/cluster/home/marionth/Bornemann")
> 
> 
> 
> 
> # LOAD MORPHOLOGICAL DATA
> ## Coccolith ellipsicity
> 
> data1 <- read.delim("/cluster/home/marionth/Bornemann/Biscutum_EllipsicitePlacolith.txt")
> summary(data1)
       N        trait_mean      trait_var            age_MY       
 Min.   :60   Min.   :1.139   Min.   :0.001706   Min.   :0.00000  
 1st Qu.:60   1st Qu.:1.170   1st Qu.:0.005848   1st Qu.:0.04016  
 Median :60   Median :1.180   Median :0.006123   Median :0.07226  
 Mean   :60   Mean   :1.182   Mean   :0.006867   Mean   :0.07506  
 3rd Qu.:60   3rd Qu.:1.191   3rd Qu.:0.006596   3rd Qu.:0.10211  
 Max.   :60   Max.   :1.221   Max.   :0.024865   Max.   :0.15900  
      ID           
 Length:50         
 Class :character  
 Mode  :character  
                   
                   
                   
> 
> sample_size=data1[[1]]
> ellipsicite_means=data1[[2]]
> ellipsicite_variance=data1[[3]]
> time_vector=data1[[4]]
> 
> ellipsicite=paleoTS::as.paleoTS(mm=ellipsicite_means, vv=ellipsicite_variance, nn=sample_size, tt=time_vector) # faire un paleoTS object
> ln.ellipsicite=paleoTS::ln.paleoTS(ellipsicite) # creer une approximative log-transformation des donnees si ce n est pas deja fait
> ln.ellipsicite$tt<-ln.ellipsicite$tt/(max(ln.ellipsicite$tt)) # transferer time vector en une unite de longueur
> 
> plotevoTS(ln.ellipsicite) # plotter l evolution du trait au cours du temps
> 
> 
> 
> 
> ## Size of central unit
> 
> data2 <- read.delim("/cluster/home/marionth/Bornemann/Biscutum_LengthRcentralunit.txt")
> summary(data2)
       N        trait_mean      trait_var           age_MY       
 Min.   :60   Min.   :1.182   Min.   :0.03606   Min.   :0.00000  
 1st Qu.:60   1st Qu.:1.273   1st Qu.:0.05793   1st Qu.:0.03993  
 Median :60   Median :1.339   Median :0.07763   Median :0.07194  
 Mean   :60   Mean   :1.344   Mean   :0.07713   Mean   :0.07526  
 3rd Qu.:60   3rd Qu.:1.399   3rd Qu.:0.09625   3rd Qu.:0.10228  
 Max.   :60   Max.   :1.542   Max.   :0.12581   Max.   :0.15900  
      ID           
 Length:50         
 Class :character  
 Mode  :character  
                   
                   
                   
> 
> lengthcentral_means=data2[[2]]
> lengthcentral_variance=data2[[3]]
> 
> lengthcentral=paleoTS::as.paleoTS(mm=lengthcentral_means, vv=lengthcentral_variance, nn=sample_size, tt=time_vector) # faire un paleoTS object
> ln.lengthcentral=paleoTS::ln.paleoTS(lengthcentral) # creer une approximative log-transformation des donnees si ce n est pas deja fait
> ln.lengthcentral$tt<-ln.lengthcentral$tt/(max(ln.lengthcentral$tt)) # transferer time vector en une unite de longueur
> 
> plotevoTS(ln.lengthcentral) # plotter l evolution du trait au cours du temps
> 
> 
> 
> 
> ## Total length of the coccolith
> 
> data3 <- read.delim("/cluster/home/marionth/Bornemann/Biscutum_TotalcoccolithLength.txt")
> summary(data3)
       N        trait_mean      trait_var          age_MY       
 Min.   :60   Min.   :3.153   Min.   :0.2098   Min.   :0.00000  
 1st Qu.:60   1st Qu.:3.342   1st Qu.:0.3685   1st Qu.:0.03966  
 Median :60   Median :3.410   Median :0.4413   Median :0.07200  
 Mean   :60   Mean   :3.429   Mean   :0.4490   Mean   :0.07508  
 3rd Qu.:60   3rd Qu.:3.506   3rd Qu.:0.4843   3rd Qu.:0.10184  
 Max.   :60   Max.   :3.752   Max.   :1.5879   Max.   :0.15900  
      ID           
 Length:50         
 Class :character  
 Mode  :character  
                   
                   
                   
> 
> totallength_means=data3[[2]]
> totallength_variance=data3[[3]]
> 
> totallength=paleoTS::as.paleoTS(mm=totallength_means, vv=totallength_variance, nn=sample_size, tt=time_vector) # faire un paleoTS object
> ln.totallength=paleoTS::ln.paleoTS(totallength) # creer une approximative log-transformation des donnees si ce n est pas deja fait
> ln.totallength$tt<-ln.totallength$tt/(max(ln.totallength$tt)) # transferer time vector en une unite de longueur
> 
> plotevoTS(ln.totallength) # plotter l evolution du trait au cours du temps
> 
> 
> 
> 
> 
> 
> 
> # LOAD ENVIRONMENTAL DATA
> 
> 
> 
> isotopes <- read.delim("/cluster/home/marionth/Bornemann/isotopes.txt")
> 
> geochemistrysample_size=isotopes[[1]]
> geochemistrytime_vector=isotopes[[7]]
> geochemistryvariance=isotopes[[2]]
> d13Ccarb_means=isotopes[[5]]
> d18Ocarb_means=isotopes[[6]]
> 
> 
> d13Ccarb=paleoTS::as.paleoTS(mm=d13Ccarb_means, vv=geochemistryvariance+0.0001, nn=geochemistrysample_size, tt=geochemistrytime_vector, oldest="first")
> d13Ccarb$tt=d13Ccarb$tt/(max(d13Ccarb$tt))
> 
> d18Ocarb=paleoTS::as.paleoTS(mm=d18Ocarb_means, vv=geochemistryvariance+0.0001, nn=geochemistrysample_size, tt=geochemistrytime_vector, oldest="first")
> d18Ocarb$tt=d18Ocarb$tt/(max(d18Ocarb$tt))
> 
> 
> 
> 
> multienvi=make.multivar.evoTS(ln.ellipsicite, d18Ocarb)
> 
> 
> 
> 
> 
> # UNBIASED RANDOM WALK
> modelURWNIdiagENVI=fit.multivariate.URW(multienvi, R="diag", r="fixed",trace=TRUE, iterations=100)
iter   10 value -71.606945
iter   20 value -130.016011
final  value -130.405304 
converged
iter   10 value -12.507813
iter   20 value -106.409024
iter   30 value -130.391059
final  value -130.405303 
stopped after 34 iterations
iter   10 value -84.468821
iter   20 value -130.190366
final  value -130.405303 
converged
iter   10 value -4.237755
iter   20 value -111.901349
iter   30 value -130.199741
final  value -130.405303 
stopped after 36 iterations
iter   10 value -84.773152
iter   20 value -120.690313
iter   30 value -130.405275
final  value -130.405304 
converged
iter   10 value -127.349823
iter   20 value -130.405102
final  value -130.405303 
converged
iter   10 value -83.746311
iter   20 value -130.405303
final  value -130.405303 
converged
iter   10 value -102.270025
iter   20 value -129.909252
iter   30 value -130.405303
final  value -130.405303 
converged
iter   10 value 7.249152
iter   20 value -126.067678
iter   30 value -130.405304
final  value -130.405304 
converged
iter   10 value -49.044363
iter   20 value -130.349991
iter   30 value -130.405248
final  value -130.405303 
converged
iter   10 value -125.255190
iter   20 value -129.872412
final  value -130.405304 
converged
iter   10 value -49.026426
iter   20 value -129.230259
iter   30 value -130.405303
final  value -130.405303 
converged
iter   10 value -127.626702
iter   20 value -130.399858
final  value -130.405303 
converged
iter   10 value -66.428033
iter   20 value -125.431133
iter   30 value -130.405303
final  value -130.405303 
converged
iter   10 value -54.569206
iter   20 value -129.171616
final  value -130.405303 
converged
iter   10 value -56.655040
iter   20 value -126.509774
iter   30 value -130.405303
final  value -130.405303 
converged
iter   10 value -86.878554
iter   20 value -130.403485
final  value -130.405303 
converged
iter   10 value 47.241840
iter   20 value -129.692196
iter   30 value -130.404948
final  value -130.405303 
converged
iter   10 value 39.982213
iter   20 value -122.575335
iter   30 value -130.405303
final  value -130.405303 
converged
iter   10 value 42.880517
iter   20 value -115.873895
iter   30 value -130.405302
final  value -130.405303 
converged
iter   10 value 32.714286
iter   20 value -118.457098
iter   30 value -129.776863
final  value -130.405304 
converged
iter   10 value 35.378162
iter   20 value -127.045542
iter   30 value -130.200547
final  value -130.405303 
converged
iter   10 value 36.446419
iter   20 value -106.656462
iter   30 value -130.405280
final  value -130.405304 
converged
iter   10 value 41.029802
iter   20 value -121.072868
iter   30 value -130.404986
final  value -130.405304 
converged
iter   10 value 37.896829
iter   20 value -115.693558
iter   30 value -127.679316
iter   40 value -130.405304
final  value -130.405304 
converged
iter   10 value 49.480605
iter   20 value 30.254445
iter   30 value -127.488785
final  value -130.405303 
converged
iter   10 value 38.609524
iter   20 value -92.224835
iter   30 value -130.395821
final  value -130.405303 
converged
iter   10 value 42.914857
iter   20 value -3.441608
iter   30 value -130.136922
final  value -130.405303 
converged
iter   10 value 42.903625
iter   20 value -119.730058
iter   30 value -126.969641
final  value -130.405303 
converged
iter   10 value 51.466322
iter   20 value -128.644292
iter   30 value -130.405297
final  value -130.405303 
converged
iter   10 value 49.117090
iter   20 value -73.356491
iter   30 value -130.082911
final  value -130.405304 
converged
iter   10 value 44.015093
iter   20 value -130.359196
final  value -130.405303 
converged
iter   10 value 43.200904
iter   20 value -120.090740
iter   30 value -130.405303
final  value -130.405303 
converged
iter   10 value -79.182186
iter   20 value -118.390021
iter   30 value -125.955050
iter   40 value -130.405303
final  value -130.405303 
converged
iter   10 value 40.277257
iter   20 value -112.811974
iter   30 value -130.405304
final  value -130.405304 
converged
iter   10 value 27.268429
iter   20 value -103.891529
iter   30 value -130.405293
final  value -130.405303 
converged
iter   10 value 34.978152
iter   20 value -84.691099
iter   30 value -118.666591
iter   40 value -130.405303
final  value -130.405303 
converged
iter   10 value 34.303556
iter   20 value -92.101931
iter   30 value -122.934307
final  value -130.405304 
converged
iter   10 value -64.570942
iter   20 value -128.868819
iter   30 value -130.151102
final  value -130.405303 
converged
iter   10 value -70.699338
iter   20 value -129.401027
final  value -130.405303 
converged
iter   10 value 31.250196
iter   20 value -92.462911
iter   30 value -124.863500
iter   40 value -130.405303
final  value -130.405303 
converged
iter   10 value -89.369014
iter   20 value -115.390357
iter   30 value -130.274159
final  value -130.405303 
converged
iter   10 value -91.092013
iter   20 value -112.419377
iter   30 value -130.403289
final  value -130.405303 
converged
iter   10 value 41.326842
iter   20 value -87.142209
iter   30 value -92.809156
iter   40 value -130.404365
final  value -130.405304 
stopped after 43 iterations
iter   10 value 47.226477
iter   20 value -107.432204
iter   30 value -130.404395
final  value -130.405303 
converged
iter   10 value 57.059296
iter   20 value -96.515373
iter   30 value -102.698626
iter   40 value -130.404082
final  value -130.405303 
stopped after 44 iterations
iter   10 value 63.384854
iter   20 value 60.025131
iter   30 value -129.883510
final  value -130.405303 
converged
iter   10 value 58.624579
iter   20 value 44.912159
iter   30 value -129.377552
iter   40 value -130.405298
final  value -130.405303 
converged
iter   10 value 65.227679
iter   20 value -52.221147
iter   30 value -130.405190
final  value -130.405303 
converged
iter   10 value 77.398265
iter   20 value -46.594601
iter   30 value -130.284600
final  value -130.405303 
converged
iter   10 value 60.767388
iter   20 value -127.479470
iter   30 value -130.405280
final  value -130.405304 
converged
iter   10 value 64.129224
iter   20 value -108.628684
iter   30 value -130.405303
final  value -130.405303 
converged
iter   10 value 50.121210
iter   20 value -115.003608
iter   30 value -129.819982
final  value -130.405303 
converged
iter   10 value 37.772404
iter   20 value -118.453203
iter   30 value -130.306974
final  value -130.405304 
converged
iter   10 value 44.803388
iter   20 value -94.839845
iter   30 value -120.860816
iter   40 value -130.404657
final  value -130.405303 
converged
iter   10 value 37.044351
iter   20 value -100.318959
iter   30 value -130.404947
final  value -130.405303 
converged
iter   10 value 35.739570
iter   20 value -125.070643
iter   30 value -130.405304
final  value -130.405304 
converged
iter   10 value 21.918905
iter   20 value -117.043659
iter   30 value -130.405232
final  value -130.405304 
converged
iter   10 value 27.316635
iter   20 value -87.869666
iter   30 value -130.374457
final  value -130.405303 
converged
iter   10 value 12.875739
iter   20 value -100.866200
iter   30 value -129.696073
final  value -130.405303 
converged
iter   10 value 9.415855
iter   20 value -98.382127
iter   30 value -130.402909
final  value -130.405303 
converged
iter   10 value -119.074537
iter   20 value -130.396253
final  value -130.405303 
converged
iter   10 value -127.398798
iter   20 value -130.398948
final  value -130.405303 
converged
iter   10 value -96.349005
iter   20 value -129.563828
final  value -130.405304 
converged
iter   10 value -120.090885
iter   20 value -129.912843
final  value -130.405303 
converged
iter   10 value -30.985211
iter   20 value -108.255312
iter   30 value -130.404734
final  value -130.405303 
converged
iter   10 value -34.146225
iter   20 value -101.560202
iter   30 value -130.405223
final  value -130.405303 
converged
iter   10 value -49.547130
iter   20 value -130.396084
final  value -130.405304 
converged
iter   10 value -30.948649
iter   20 value -130.345903
iter   30 value -130.405260
final  value -130.405303 
converged
iter   10 value 31.203239
iter   20 value -102.252683
iter   30 value -116.066859
iter   40 value -130.405303
final  value -130.405303 
converged
iter   10 value -40.608692
iter   20 value -128.097197
iter   30 value -130.405303
final  value -130.405303 
converged
iter   10 value -39.655556
iter   20 value -126.114799
iter   30 value -130.405303
final  value -130.405303 
converged
iter   10 value 19.873243
iter   20 value -125.641872
iter   30 value -130.403282
final  value -130.405303 
converged
iter   10 value -19.922916
iter   20 value -130.404298
iter   30 value -130.405303
final  value -130.405303 
converged
iter   10 value -0.548253
iter   20 value -115.356991
iter   30 value -130.400491
final  value -130.405303 
converged
iter   10 value -89.096849
iter   20 value -126.774654
iter   30 value -129.957641
final  value -130.405303 
converged
iter   10 value -10.223404
iter   20 value -127.815747
final  value -130.405303 
converged
iter   10 value -25.016372
iter   20 value -129.057685
iter   30 value -130.405303
final  value -130.405303 
converged
iter   10 value -74.812062
iter   20 value -128.229465
iter   30 value -130.405235
final  value -130.405303 
converged
iter   10 value -16.596658
iter   20 value -130.384978
iter   30 value -130.405303
final  value -130.405303 
converged
iter   10 value -5.298634
iter   20 value -116.670144
iter   30 value -130.402187
final  value -130.405303 
converged
iter   10 value -111.854498
iter   20 value -125.636257
iter   30 value -130.405304
final  value -130.405304 
converged
iter   10 value -57.098600
iter   20 value -129.746666
final  value -130.405303 
converged
iter   10 value -7.319700
iter   20 value -130.397915
final  value -130.405303 
converged
iter   10 value -66.647804
iter   20 value -127.522956
final  value -130.405304 
converged
iter   10 value -64.893022
iter   20 value -126.492231
final  value -130.405303 
converged
iter   10 value -65.249398
iter   20 value -127.923529
iter   30 value -130.405302
final  value -130.405303 
converged
iter   10 value -11.064520
iter   20 value -130.404344
iter   30 value -130.405303
final  value -130.405303 
converged
iter   10 value 18.890357
iter   20 value -128.288041
iter   30 value -130.405250
final  value -130.405304 
converged
iter   10 value 22.858006
iter   20 value -128.392971
iter   30 value -130.405303
final  value -130.405303 
converged
iter   10 value 34.796014
iter   20 value -120.750876
iter   30 value -130.403665
final  value -130.405303 
converged
iter   10 value 38.991224
iter   20 value -125.113653
iter   30 value -130.405302
final  value -130.405303 
converged
iter   10 value 13.390023
iter   20 value -122.296603
iter   30 value -130.402628
final  value -130.405304 
converged
iter   10 value -65.465037
iter   20 value -128.155355
final  value -130.405303 
converged
iter   10 value -61.231932
iter   20 value -126.883906
iter   30 value -130.405301
final  value -130.405303 
converged
iter   10 value -61.338025
iter   20 value -128.657904
final  value -130.405304 
converged
iter   10 value -95.390972
iter   20 value -129.956753
final  value -130.405303 
converged
iter   10 value -80.652693
iter   20 value -126.233344
iter   30 value -130.405303
final  value -130.405303 
converged
iter   10 value -96.788559
iter   20 value -127.509503
final  value -130.405304 
converged
iter   10 value -110.487292
iter   20 value -129.293270
final  value -130.405303 
converged
> # (1) AICc =
> 
> 
> 
> 
> 
> 
> ## UNBIASED RANDOM WALK WITH ACCELERATED AND DECELERATED MODELS
> 
> 
> modelaccelNIdiagENVI=fit.multivariate.URW(multienvi, R="diag", r="accel",trace=TRUE, iterations=100)
iter   10 value 57.243290
iter   20 value -83.525924
iter   30 value -116.067586
iter   40 value -131.535388
iter   50 value -131.933524
final  value -131.937050 
converged
iter   10 value -120.255961
iter   20 value -131.910710
iter   30 value -131.918217
final  value -131.937051 
converged
iter   10 value -63.174901
iter   20 value -130.980860
iter   30 value -131.932520
iter   40 value -131.937048
final  value -131.937051 
converged
iter   10 value -54.973790
iter   20 value -130.702388
iter   30 value -131.872021
iter   40 value -131.936971
final  value -131.937050 
converged
iter   10 value 12.825599
iter   20 value -130.951121
iter   30 value -131.846376
iter   40 value -131.937050
final  value -131.937050 
converged
iter   10 value -45.581930
iter   20 value -130.897075
iter   30 value -131.826563
iter   40 value -131.937044
final  value -131.937050 
converged
iter   10 value -33.737512
iter   20 value -121.804969
iter   30 value -131.379867
iter   40 value -131.882684
final  value -131.937049 
converged
iter   10 value 2.424308
iter   20 value -122.768113
iter   30 value -127.283189
final  value -127.283189 
converged
iter   10 value -60.934962
iter   20 value -130.518801
iter   30 value -131.936053
iter   40 value -131.937023
final  value -131.937049 
converged
iter   10 value -65.287204
iter   20 value -130.812448
iter   30 value -131.908679
iter   40 value -131.936636
final  value -131.937049 
converged
iter   10 value -64.633310
iter   20 value -131.499295
iter   30 value -131.804300
final  value -131.937051 
converged
iter   10 value 7802.427320
iter   20 value -103.650232
iter   30 value -114.353912
iter   40 value -131.692833
iter   50 value -131.718759
iter   60 value -131.929371
iter   70 value -131.937047
final  value -131.937047 
converged
iter   10 value 42.373388
iter   20 value -102.291836
iter   30 value -126.447790
iter   40 value -131.755087
iter   50 value -131.937048
final  value -131.937049 
converged
iter   10 value 49.988953
iter   20 value -64.688766
iter   30 value -123.634838
iter   40 value -124.052969
iter   50 value -131.849771
iter   60 value -131.936435
iter   70 value -131.937039
final  value -131.937039 
converged
iter   10 value 40.649549
iter   20 value -128.792147
iter   30 value -129.777479
iter   40 value -130.238176
iter   50 value -131.721800
iter   60 value -131.933012
iter   70 value -131.937037
final  value -131.937049 
converged
iter   10 value 67.158892
iter   20 value -96.699287
iter   30 value -123.930164
iter   40 value -125.370720
iter   50 value -131.920518
iter   60 value -131.937049
final  value -131.937049 
converged
iter   10 value 78.278122
iter   20 value 0.248941
iter   30 value -119.050004
iter   40 value -121.345894
iter   50 value -131.923228
iter   60 value -131.937049
final  value -131.937049 
converged
iter   10 value 90.471655
iter   20 value 63.359660
iter   30 value -109.924837
iter   40 value -116.653660
iter   50 value -116.915998
iter   60 value -130.137224
iter   70 value -131.936893
final  value -131.937044 
converged
iter   10 value 69651.454053
iter   20 value -105.834054
iter   30 value -117.510851
iter   40 value -128.042328
iter   50 value -131.074214
iter   60 value -131.932574
final  value -131.937051 
converged
iter   10 value -94.299280
iter   20 value -113.131365
iter   30 value -116.259003
iter   40 value -131.697900
iter   50 value -131.937035
final  value -131.937049 
converged
iter   10 value -62.935478
iter   20 value -72.804067
iter   30 value -109.777541
iter   40 value -111.638176
iter   50 value -126.902207
iter   60 value -131.934400
final  value -131.937050 
converged
iter   10 value -43.268454
iter   20 value -52.390434
final  value -52.485987 
converged
iter   10 value -31.735200
final  value -49.759698 
converged
iter   10 value 9.268283
final  value -87.936535 
stopped after 19 iterations
iter   10 value 72.435760
iter   20 value -98.463698
final  value -98.690578 
stopped after 26 iterations
iter   10 value 144.513840
iter   20 value -123.160238
iter   30 value -127.702873
iter   40 value -129.092145
iter   50 value -131.937003
final  value -131.937050 
converged
iter   10 value 127.098431
iter   20 value -87.299253
iter   30 value -131.928561
iter   40 value -131.933729
final  value -131.937048 
converged
iter   10 value -2.686036
iter   20 value -95.026920
iter   30 value -118.224181
iter   40 value -118.809759
iter   50 value -124.623918
iter   60 value -131.796930
final  value -131.937048 
converged
iter   10 value 217.761526
iter   20 value -84.187492
final  value -84.673213 
stopped after 23 iterations
iter   10 value 210.345547
iter   20 value -69.476139
final  value -86.135398 
converged
iter   10 value 127.336080
iter   20 value -79.404950
final  value -79.404950 
converged
iter   10 value 265.558900
iter   20 value -47.804603
final  value -51.742929 
stopped after 26 iterations
iter   10 value 236.177439
iter   20 value -50.374333
iter   30 value -79.063632
final  value -82.333618 
converged
iter   10 value 168.532978
iter   20 value -85.463775
iter   30 value -94.190571
iter   40 value -94.261054
final  value -94.340345 
converged
iter   10 value 155.219446
iter   20 value -100.836843
iter   30 value -102.440110
iter   40 value -111.692666
iter   50 value -131.936133
final  value -131.937050 
converged
iter   10 value 202.646741
iter   20 value -99.528409
iter   30 value -106.393087
iter   40 value -108.924154
iter   50 value -122.960024
iter   60 value -131.935541
final  value -131.937049 
converged
iter   10 value 175.447619
iter   20 value -103.866794
iter   30 value -111.460849
iter   40 value -114.679568
iter   50 value -131.702477
final  value -131.937049 
converged
iter   10 value 204.307551
iter   20 value -76.265602
final  value -79.162900 
stopped after 26 iterations
iter   10 value 156.413771
iter   20 value -101.148690
iter   30 value -119.334177
iter   40 value -129.436520
iter   50 value -131.937050
final  value -131.937050 
converged
iter   10 value 232.138908
iter   20 value -71.404877
iter   30 value -88.970730
iter   40 value -94.948197
iter   50 value -128.014483
iter   60 value -130.598595
iter   70 value -131.935085
final  value -131.937049 
converged
iter   10 value 237.411177
iter   20 value -28.897088
final  value -36.166201 
stopped after 25 iterations
iter   10 value 240.167735
iter   20 value -43.343892
iter   30 value -67.122770
final  value -67.733649 
stopped after 33 iterations
iter   10 value 175.531388
iter   20 value -54.299329
final  value -87.034514 
stopped after 26 iterations
iter   10 value 189.320423
iter   20 value -79.531716
iter   30 value -96.829283
iter   40 value -97.935750
iter   50 value -131.479088
final  value -131.937049 
converged
iter   10 value 169.909603
iter   20 value -98.018012
iter   30 value -102.143451
iter   40 value -103.676220
iter   50 value -106.904784
iter   60 value -123.513373
iter   70 value -131.936333
final  value -131.937049 
converged
iter   10 value 211.415627
iter   20 value -59.976865
iter   30 value -130.750246
iter   40 value -131.094745
iter   50 value -131.847976
iter   60 value -131.936968
final  value -131.937037 
converged
iter   10 value 147.328995
iter   20 value -122.592817
iter   30 value -128.591810
iter   40 value -131.282036
iter   50 value -131.931254
final  value -131.937052 
converged
iter   10 value 212.299844
iter   20 value -120.232854
iter   30 value -131.924009
iter   40 value -131.936733
final  value -131.937049 
converged
iter   10 value 182.901320
iter   20 value -128.534312
iter   30 value -131.161057
iter   40 value -131.414513
final  value -131.937049 
converged
iter   10 value 147.306616
iter   20 value -127.614574
iter   30 value -131.640954
iter   40 value -131.937047
final  value -131.937049 
converged
iter   10 value 192.905541
iter   20 value -45.202124
iter   30 value -130.256457
iter   40 value -130.738973
iter   50 value -131.644566
iter   60 value -131.937048
final  value -131.937049 
stopped after 62 iterations
iter   10 value 236.988352
iter   20 value -130.407387
iter   30 value -130.738093
iter   40 value -131.856780
iter   50 value -131.937050
final  value -131.937050 
converged
iter   10 value 171.133368
iter   20 value -33.566731
iter   30 value -129.965573
iter   40 value -130.521410
iter   50 value -131.347424
iter   60 value -131.930320
final  value -131.937050 
converged
iter   10 value 145.007047
iter   20 value -47.659888
iter   30 value -128.968043
iter   40 value -131.093729
iter   50 value -131.858353
iter   60 value -131.937041
final  value -131.937049 
converged
iter   10 value 175.516954
iter   20 value -84.659723
iter   30 value -131.915154
iter   40 value -131.930857
iter   50 value -131.936936
final  value -131.937040 
converged
iter   10 value 159.902145
iter   20 value -69.440580
iter   30 value -130.750321
iter   40 value -130.927639
iter   50 value -131.936993
final  value -131.937050 
converged
iter   10 value 167.674343
iter   20 value -117.474036
iter   30 value -120.013595
iter   40 value -131.936692
final  value -131.937049 
converged
iter   10 value 171.096890
iter   20 value -93.151831
iter   30 value -115.888472
iter   40 value -131.393239
iter   50 value -131.592788
iter   60 value -131.937042
final  value -131.937047 
converged
iter   10 value 94.722997
iter   20 value -119.391679
iter   30 value -131.568856
iter   40 value -131.688232
iter   50 value -131.937044
final  value -131.937050 
converged
iter   10 value 58.156765
iter   20 value -114.087231
iter   30 value -129.622615
iter   40 value -131.716612
iter   50 value -131.937049
final  value -131.937049 
converged
iter   10 value 47.108140
iter   20 value -131.549445
iter   30 value -131.849707
iter   40 value -131.936779
final  value -131.937019 
converged
iter   10 value 24.288557
iter   20 value -114.070136
iter   30 value -131.716159
iter   40 value -131.814771
final  value -131.937051 
converged
iter   10 value 7.347088
iter   20 value -27.991454
iter   30 value -130.329282
iter   40 value -130.747793
iter   50 value -131.157712
iter   60 value -131.921671
iter   70 value -131.935232
final  value -131.937049 
converged
iter   10 value 21.434316
iter   20 value -29.091773
iter   30 value -123.483570
iter   40 value -129.636027
iter   50 value -130.513950
iter   60 value -131.931544
final  value -131.937048 
converged
iter   10 value 31.184745
iter   20 value -12.828362
iter   30 value -107.629208
final  value -107.652289 
stopped after 32 iterations
iter   10 value 7.338506
iter   20 value -73.074487
iter   30 value -122.260202
final  value -122.277239 
converged
iter   10 value 44.882077
iter   20 value -19.771017
iter   30 value -120.195386
final  value -124.073689 
converged
iter   10 value 15.257686
iter   20 value -104.238986
iter   30 value -129.599714
iter   40 value -130.292900
iter   50 value -130.584123
iter   60 value -131.737150
iter   70 value -131.937049
final  value -131.937049 
converged
iter   10 value 51.039209
iter   20 value -123.212850
iter   30 value -130.277333
iter   40 value -130.468494
iter   50 value -131.511413
iter   60 value -131.897126
iter   70 value -131.936636
final  value -131.937049 
converged
iter   10 value 10.298568
iter   20 value -27.770515
iter   30 value -125.486144
final  value -126.181271 
stopped after 38 iterations
iter   10 value 20.573906
iter   20 value -82.473057
iter   30 value -120.403425
final  value -125.635834 
converged
iter   10 value -10.232169
iter   20 value -112.157912
iter   30 value -116.383908
iter   40 value -122.893750
iter   50 value -130.452696
iter   60 value -131.934706
iter   70 value -131.937049
final  value -131.937049 
converged
iter   10 value -82.019538
iter   20 value -98.717845
iter   30 value -114.760436
iter   40 value -121.993035
iter   50 value -130.419031
iter   60 value -131.934289
final  value -131.937049 
converged
iter   10 value -40.970162
iter   20 value -87.922235
iter   30 value -109.283983
iter   40 value -109.868710
iter   50 value -130.896582
iter   60 value -131.305720
iter   70 value -131.931538
iter   80 value -131.937049
final  value -131.937049 
converged
iter   10 value -96.336151
iter   20 value -107.994949
final  value -109.895469 
stopped after 29 iterations
iter   10 value -3.895553
iter   20 value -97.686511
iter   30 value -110.234945
final  value -112.522518 
converged
iter   10 value -26.642261
iter   20 value -101.157091
iter   30 value -128.958843
final  value -128.981638 
converged
iter   10 value 21.612113
iter   20 value -53.243868
iter   30 value -120.537104
final  value -120.537104 
stopped after 30 iterations
iter   10 value -76.405246
iter   20 value -92.325577
iter   30 value -122.219250
final  value -122.325432 
converged
iter   10 value -14.559448
iter   20 value -24.365214
iter   30 value -129.523545
iter   40 value -129.954806
iter   50 value -130.397006
iter   60 value -131.282873
iter   70 value -131.936994
final  value -131.937051 
converged
iter   10 value -9.876846
iter   20 value -128.403325
iter   30 value -130.882489
iter   40 value -131.860031
final  value -131.937049 
converged
iter   10 value 2.196399
iter   20 value -129.166474
iter   30 value -131.402946
iter   40 value -131.544278
iter   50 value -131.925620
final  value -131.937049 
converged
iter   10 value -4.679510
iter   20 value -130.424141
iter   30 value -130.982035
iter   40 value -131.867242
final  value -131.937050 
converged
iter   10 value 1.608456
iter   20 value -130.230992
iter   30 value -130.656736
iter   40 value -131.928063
iter   50 value -131.937046
final  value -131.937049 
converged
iter   10 value 24.301203
iter   20 value -102.983814
iter   30 value -116.358479
iter   40 value -119.880419
iter   50 value -130.421209
iter   60 value -131.936999
final  value -131.937049 
converged
iter   10 value -19.000456
iter   20 value -118.552662
iter   30 value -130.184499
final  value -130.235381 
converged
iter   10 value 0.052616
iter   20 value -99.263724
iter   30 value -130.434893
iter   40 value -131.252615
iter   50 value -131.937036
final  value -131.937049 
converged
iter   10 value 36.053316
iter   20 value 12.575676
iter   30 value -115.531206
final  value -121.128020 
converged
iter   10 value 33.714950
iter   20 value 13.569873
iter   30 value -117.454579
iter   40 value -120.009133
final  value -120.040056 
converged
iter   10 value 8.097155
iter   20 value -100.667828
iter   30 value -129.904835
iter   40 value -130.796622
iter   50 value -131.911794
final  value -131.937050 
converged
iter   10 value -5.945096
iter   20 value -129.150626
iter   30 value -130.499142
iter   40 value -130.900280
iter   50 value -131.910062
iter   60 value -131.937051
final  value -131.937051 
converged
iter   10 value 3.217842
iter   20 value -130.852619
iter   30 value -131.411421
final  value -131.937049 
converged
iter   10 value -107.417302
iter   20 value -131.075876
iter   30 value -131.162905
iter   40 value -131.791000
iter   50 value -131.934803
final  value -131.937049 
converged
iter   10 value -94.303243
iter   20 value -131.936322
final  value -131.937035 
converged
iter   10 value -100.170695
iter   20 value -131.685649
final  value -131.936351 
converged
iter   10 value -94.359762
iter   20 value -112.281396
iter   30 value -131.707767
iter   40 value -131.772929
iter   50 value -131.937047
final  value -131.937049 
converged
iter   10 value -119.034202
iter   20 value -125.180220
iter   30 value -129.304188
iter   40 value -130.410152
iter   50 value -131.936140
final  value -131.937050 
converged
ERROR : L-BFGS-B needs finite values of 'fn' 
iter   10 value -51.191422
iter   20 value -131.589012
iter   30 value -131.924166
final  value -131.937050 
converged
iter   10 value -119.835431
iter   20 value -131.864659
final  value -131.936933 
converged
iter   10 value -14.916636
iter   20 value -128.992202
iter   30 value -130.485394
iter   40 value -130.981599
iter   50 value -131.937048
final  value -131.937049 
converged
> # (1) AICc = 
> 
> 
> 
> 
> 
> modeldecelNIdiagENVI=fit.multivariate.URW(multienvi, R="diag", r="decel",trace=TRUE, iterations=100)
iter   10 value -124.425842
iter   20 value -126.975868
iter   30 value -129.902531
final  value -130.406110 
converged
iter   10 value -122.520162
iter   20 value -126.894853
iter   30 value -128.895225
iter   40 value -130.406110
final  value -130.406110 
converged
iter   10 value -54.077479
iter   20 value -111.934077
iter   30 value -123.201741
iter   40 value -126.851711
iter   50 value -130.404520
final  value -130.406110 
converged
iter   10 value -68.967803
iter   20 value -128.523763
iter   30 value -130.029200
final  value -130.406110 
converged
iter   10 value -20.387687
iter   20 value -129.180536
iter   30 value -129.986821
iter   40 value -130.221310
final  value -130.406110 
converged
iter   10 value 12.830911
iter   20 value -85.781480
iter   30 value -127.547755
iter   40 value -129.657705
iter   50 value -130.331069
iter   60 value -130.406111
final  value -130.406111 
converged
iter   10 value 80.310187
iter   20 value -81.283391
iter   30 value -127.558263
iter   40 value -129.648152
iter   50 value -130.390682
final  value -130.406111 
converged
iter   10 value 36.055588
iter   20 value -96.144894
iter   30 value -124.513058
iter   40 value -128.640705
iter   50 value -129.288517
iter   60 value -130.200266
final  value -130.406110 
converged
iter   10 value 122.035435
iter   20 value -30.273962
iter   30 value -123.563040
iter   40 value -128.570389
iter   50 value -129.725084
iter   60 value -130.406073
final  value -130.406110 
converged
iter   10 value 108.555678
iter   20 value -3.829112
iter   30 value -124.773010
iter   40 value -129.566095
iter   50 value -130.405768
final  value -130.406110 
converged
iter   10 value 52.819609
iter   20 value -78.343977
iter   30 value -121.929813
iter   40 value -123.667573
iter   50 value -130.405411
final  value -130.406110 
converged
iter   10 value 26.062784
iter   20 value -106.542945
iter   30 value -117.611209
iter   40 value -121.560359
iter   50 value -130.161528
final  value -130.406110 
converged
iter   10 value 31.443894
iter   20 value -93.200219
iter   30 value -109.962457
iter   40 value -123.923638
iter   50 value -129.684639
iter   60 value -130.286484
iter   70 value -130.406086
final  value -130.406109 
converged
iter   10 value 90.095955
iter   20 value -85.953622
iter   30 value -122.421307
iter   40 value -124.947519
iter   50 value -129.918152
final  value -130.406111 
converged
iter   10 value 94.981959
iter   20 value 20.807725
iter   30 value -104.995341
iter   40 value -112.230277
iter   50 value -114.659204
iter   60 value -128.788343
iter   70 value -130.406110
final  value -130.406110 
converged
iter   10 value 125.114140
iter   20 value 0.272578
iter   30 value -103.658283
iter   40 value -118.629482
iter   50 value -126.599746
iter   60 value -128.613874
iter   70 value -130.405471
final  value -130.406111 
converged
iter   10 value -4.527998
iter   20 value -98.538075
iter   30 value -100.044052
iter   40 value -100.428224
iter   50 value -129.839189
iter   60 value -130.406110
final  value -130.406110 
converged
iter   10 value 56.815257
iter   20 value 11.343292
iter   30 value -105.437637
iter   40 value -105.599582
iter   50 value -129.546298
final  value -130.406110 
converged
iter   10 value 57.928532
iter   20 value 21.752225
iter   30 value -106.620761
iter   40 value -107.159321
final  value -130.548136 
stopped after 49 iterations
iter   10 value 69.750219
iter   20 value -95.861113
iter   30 value -110.897959
iter   40 value -111.824344
iter   50 value -130.369229
final  value -130.406111 
converged
iter   10 value 29.962087
iter   20 value -84.690273
iter   30 value -108.732068
iter   40 value -111.543040
iter   50 value -111.922725
iter   60 value -119.033863
iter   70 value -130.307483
final  value -130.406110 
converged
iter   10 value 37.955556
iter   20 value 24.788972
iter   30 value -108.676246
iter   40 value -110.358731
iter   50 value -124.054330
iter   60 value -130.405828
final  value -130.406110 
converged
iter   10 value 27.014706
iter   20 value -112.674185
iter   30 value -112.774738
iter   40 value -113.719881
iter   50 value -123.570296
iter   60 value -130.361780
iter   70 value -130.406110
final  value -130.406110 
converged
iter   10 value 39.959286
iter   20 value -79.959376
iter   30 value -112.360750
iter   40 value -116.891298
iter   50 value -124.713152
iter   60 value -130.403224
final  value -130.406110 
converged
iter   10 value 44.910433
iter   20 value 23.689842
iter   30 value -106.264513
iter   40 value -112.534230
iter   50 value -113.349713
iter   60 value -130.406043
final  value -130.406110 
converged
iter   10 value 35.999487
iter   20 value -90.130141
iter   30 value -113.423108
iter   40 value -116.445239
iter   50 value -129.174490
final  value -130.406111 
converged
iter   10 value 36.434579
iter   20 value 29.553016
iter   30 value -90.226684
iter   40 value -112.439781
iter   50 value -115.856099
iter   60 value -127.851423
final  value -130.406110 
converged
iter   10 value 33.454655
iter   20 value 27.264459
iter   30 value -112.776877
iter   40 value -113.509979
iter   50 value -114.669817
iter   60 value -129.596131
iter   70 value -130.406110
final  value -130.406110 
converged
iter   10 value -65.699073
iter   20 value -114.326465
iter   30 value -114.596084
iter   40 value -118.185900
iter   50 value -130.314373
final  value -130.406110 
stopped after 58 iterations
iter   10 value 36.528500
iter   20 value -95.259498
iter   30 value -112.933655
iter   40 value -117.465733
iter   50 value -127.327114
final  value -130.406110 
converged
iter   10 value -107.601844
iter   20 value -110.558938
iter   30 value -112.814375
iter   40 value -115.832237
iter   50 value -130.375715
final  value -130.406110 
converged
iter   10 value 37.709179
iter   20 value -57.363946
iter   30 value -112.353613
iter   40 value -126.770632
iter   50 value -130.402910
final  value -130.406111 
converged
iter   10 value 29.558799
iter   20 value -103.380441
iter   30 value -113.779379
iter   40 value -127.195616
iter   50 value -129.341232
iter   60 value -129.888784
iter   70 value -130.406110
final  value -130.406111 
converged
iter   10 value 32.318603
iter   20 value -113.354289
iter   30 value -116.806358
iter   40 value -130.406091
final  value -130.406110 
converged
iter   10 value 32.704019
iter   20 value -100.800263
iter   30 value -111.245908
iter   40 value -113.198132
iter   50 value -117.289296
iter   60 value -130.399717
final  value -130.406110 
converged
iter   10 value 26.269851
iter   20 value -109.516306
iter   30 value -111.263044
iter   40 value -120.470436
iter   50 value -130.406110
final  value -130.406110 
converged
iter   10 value -103.842966
iter   20 value -109.106971
iter   30 value -111.446386
iter   40 value -130.398572
final  value -130.406110 
converged
iter   10 value 33.379332
iter   20 value -93.652789
iter   30 value -109.575156
iter   40 value -110.055581
iter   50 value -129.777828
final  value -130.406110 
converged
iter   10 value -105.857772
iter   20 value -107.470603
iter   30 value -107.923823
iter   40 value -129.854327
final  value -130.406110 
converged
iter   10 value 24.512800
iter   20 value -108.378240
iter   30 value -108.784701
iter   40 value -118.985216
iter   50 value -130.392075
final  value -130.406110 
converged
iter   10 value 23.865668
iter   20 value -90.005644
iter   30 value -108.355087
iter   40 value -108.791405
iter   50 value -125.177570
iter   60 value -130.406110
final  value -130.406110 
converged
iter   10 value 23.400363
iter   20 value -91.612786
iter   30 value -107.239543
iter   40 value -120.173753
iter   50 value -129.268253
final  value -130.406111 
converged
iter   10 value 30.762502
iter   20 value -98.470600
iter   30 value -110.095192
iter   40 value -128.520809
iter   50 value -130.386850
final  value -130.406109 
converged
iter   10 value 20.760359
iter   20 value -99.097864
iter   30 value -106.732692
iter   40 value -110.775142
iter   50 value -115.801484
iter   60 value -130.039506
iter   70 value -130.404869
final  value -130.406110 
converged
iter   10 value 16.795933
iter   20 value -105.967683
iter   30 value -111.080858
iter   40 value -111.796270
iter   50 value -126.377406
iter   60 value -130.406108
final  value -130.406110 
converged
iter   10 value -87.480778
iter   20 value -105.298109
iter   30 value -110.667879
iter   40 value -117.783606
iter   50 value -129.199616
iter   60 value -130.405017
final  value -130.406110 
converged
iter   10 value 17.915880
iter   20 value -110.510254
iter   30 value -113.066709
iter   40 value -129.875163
final  value -130.406110 
converged
iter   10 value 9.134653
iter   20 value -111.784874
iter   30 value -111.905427
iter   40 value -130.393871
iter   50 value -130.406110
final  value -130.406110 
converged
iter   10 value 18.563210
iter   20 value -67.510709
iter   30 value -109.475017
iter   40 value -109.832271
iter   50 value -129.068090
final  value -130.406110 
converged
iter   10 value -1.454606
iter   20 value -109.220922
iter   30 value -109.626410
iter   40 value -126.510565
iter   50 value -129.538537
iter   60 value -130.405942
iter   70 value -130.406110
final  value -130.406110 
converged
iter   10 value -100.474944
iter   20 value -111.135431
iter   30 value -111.349182
iter   40 value -128.639696
iter   50 value -130.361045
iter   60 value -130.406108
final  value -130.406111 
converged
iter   10 value -41.804558
iter   20 value -109.919372
iter   30 value -120.210707
iter   40 value -130.405029
final  value -130.406110 
converged
iter   10 value -62.750662
iter   20 value -110.234136
iter   30 value -125.612625
iter   40 value -130.406098
final  value -130.406110 
converged
iter   10 value 12.029914
iter   20 value -109.407584
iter   30 value -117.255342
iter   40 value -130.357141
final  value -130.406110 
converged
iter   10 value 18.250741
iter   20 value -97.899502
iter   30 value -109.496555
iter   40 value -111.861814
iter   50 value -129.541090
final  value -130.406111 
converged
iter   10 value 20.469597
iter   20 value -106.862127
iter   30 value -107.119275
iter   40 value -124.869811
iter   50 value -127.186168
iter   60 value -130.406103
final  value -130.406110 
converged
iter   10 value 24.711501
iter   20 value -93.540077
iter   30 value -106.271477
iter   40 value -121.810015
iter   50 value -130.406105
final  value -130.406110 
converged
iter   10 value 21.265865
iter   20 value -52.019291
iter   30 value -105.145221
iter   40 value -127.589732
iter   50 value -130.405980
final  value -130.406110 
converged
iter   10 value 26.528567
iter   20 value -97.057228
iter   30 value -104.633214
iter   40 value -121.852433
iter   50 value -125.925571
iter   60 value -127.138650
iter   70 value -130.401039
final  value -130.406110 
converged
iter   10 value 10.087747
iter   20 value -104.531127
iter   30 value -107.885234
iter   40 value -130.364706
final  value -130.406110 
converged
iter   10 value 6.216775
iter   20 value -96.493372
iter   30 value -108.283232
iter   40 value -111.130195
iter   50 value -121.665556
iter   60 value -125.306325
iter   70 value -130.406110
final  value -130.406110 
converged
iter   10 value 4.734722
iter   20 value -64.119100
iter   30 value -110.969903
iter   40 value -111.600311
iter   50 value -124.582780
iter   60 value -130.406101
final  value -130.406110 
converged
iter   10 value 4.283253
iter   20 value -104.745818
iter   30 value -108.220444
iter   40 value -124.832765
iter   50 value -130.406111
final  value -130.406111 
converged
iter   10 value -2.557238
iter   20 value -107.553206
iter   30 value -108.243629
iter   40 value -117.710495
iter   50 value -130.405880
final  value -130.406110 
converged
iter   10 value 6.840947
iter   20 value -55.537281
iter   30 value -107.886062
iter   40 value -129.902773
final  value -130.406110 
converged
iter   10 value 12.908229
iter   20 value -107.220341
iter   30 value -107.323998
iter   40 value -108.361157
iter   50 value -125.751131
iter   60 value -130.406110
final  value -130.406110 
converged
iter   10 value 19.963572
iter   20 value -38.104148
iter   30 value -107.044727
iter   40 value -108.489967
iter   50 value -112.011947
iter   60 value -128.544318
iter   70 value -130.406111
final  value -130.406111 
converged
iter   10 value 26.899606
iter   20 value -104.424091
iter   30 value -109.854697
iter   40 value -111.269397
iter   50 value -118.147187
iter   60 value -130.158033
final  value -130.406110 
converged
iter   10 value 43.442804
iter   20 value -94.482777
iter   30 value -109.873175
iter   40 value -110.734912
iter   50 value -127.294027
iter   60 value -130.406106
final  value -130.406110 
converged
iter   10 value 38.553317
iter   20 value -35.852949
iter   30 value -111.478564
iter   40 value -128.821523
final  value -130.406110 
converged
iter   10 value 44.178113
iter   20 value -90.540986
iter   30 value -109.956698
iter   40 value -111.570581
iter   50 value -123.879800
iter   60 value -129.257012
iter   70 value -129.735701
iter   80 value -130.406102
final  value -130.406111 
converged
iter   10 value 37.874428
iter   20 value -90.821826
iter   30 value -105.483053
iter   40 value -107.768199
iter   50 value -120.758853
iter   60 value -130.403029
final  value -130.406110 
converged
iter   10 value 31.108447
iter   20 value -52.542925
iter   30 value -105.743538
iter   40 value -107.674482
iter   50 value -127.315837
iter   60 value -130.406110
final  value -130.406110 
converged
iter   10 value 32.681428
iter   20 value -98.633677
iter   30 value -105.903036
iter   40 value -108.905786
iter   50 value -130.406089
final  value -130.406111 
converged
iter   10 value 29.856803
iter   20 value -105.853719
iter   30 value -106.546871
iter   40 value -120.986457
iter   50 value -130.404181
final  value -130.406110 
converged
iter   10 value 34.076576
iter   20 value -34.727564
iter   30 value -107.348651
iter   40 value -112.378476
iter   50 value -128.813325
iter   60 value -130.395459
final  value -130.406110 
converged
iter   10 value 29.821602
iter   20 value -108.352343
iter   30 value -112.837784
iter   40 value -121.417117
iter   50 value -130.390227
final  value -130.406111 
converged
iter   10 value -33.812609
iter   20 value -107.226817
iter   30 value -107.919928
iter   40 value -127.198239
iter   50 value -130.405716
final  value -130.406110 
converged
iter   10 value 26.284801
iter   20 value -102.697751
iter   30 value -105.502610
iter   40 value -118.741279
iter   50 value -130.405041
iter   60 value -130.406110
final  value -130.406110 
converged
iter   10 value -47.380695
iter   20 value -103.936357
iter   30 value -128.395426
iter   40 value -130.393673
iter   50 value -130.406111
final  value -130.406111 
converged
iter   10 value 19.160784
iter   20 value -89.661477
iter   30 value -101.977682
iter   40 value -117.339446
iter   50 value -130.406058
final  value -130.406111 
stopped after 56 iterations
iter   10 value 22.005682
iter   20 value -44.589261
iter   30 value -101.746957
iter   40 value -102.199329
iter   50 value -120.143559
iter   60 value -130.406076
final  value -130.406110 
converged
iter   10 value 8.065117
iter   20 value -88.452543
iter   30 value -102.862277
iter   40 value -127.943388
iter   50 value -130.406110
final  value -130.406110 
converged
iter   10 value -4.956948
iter   20 value -87.068442
iter   30 value -101.878237
iter   40 value -118.861297
iter   50 value -130.378175
iter   60 value -130.406111
final  value -130.406111 
converged
iter   10 value -6.420056
iter   20 value -101.279108
iter   30 value -120.824573
iter   40 value -128.470209
iter   50 value -129.875920
iter   60 value -130.406110
final  value -130.406110 
converged
iter   10 value -0.062209
iter   20 value -94.967832
iter   30 value -100.041423
iter   40 value -100.228098
iter   50 value -100.577758
iter   60 value -109.430072
iter   70 value -130.399255
final  value -130.406110 
converged
iter   10 value -100.738303
iter   20 value -100.990885
iter   30 value -129.068315
iter   40 value -130.227420
final  value -130.406110 
converged
iter   10 value 4.345912
iter   20 value -61.756395
iter   30 value -101.777109
iter   40 value -102.972770
iter   50 value -130.251638
final  value -130.406110 
converged
iter   10 value 35.071476
iter   20 value -74.791191
iter   30 value -100.799782
iter   40 value -109.681624
iter   50 value -130.325474
final  value -130.406110 
converged
iter   10 value 14.234172
iter   20 value -97.430210
iter   30 value -100.911614
iter   40 value -116.513536
iter   50 value -130.280424
final  value -130.406111 
converged
iter   10 value 19.992591
iter   20 value -58.739145
iter   30 value -101.186957
iter   40 value -121.947137
iter   50 value -130.340405
final  value -130.406110 
converged
iter   10 value 33.414513
iter   20 value -15.800307
iter   30 value -99.761544
iter   40 value -106.445933
iter   50 value -125.462885
iter   60 value -130.406111
final  value -130.406111 
converged
iter   10 value 35.551406
iter   20 value -29.212178
iter   30 value -101.730833
iter   40 value -104.663501
iter   50 value -130.260052
iter   60 value -130.405944
final  value -130.406110 
converged
iter   10 value 79.905700
iter   20 value -86.380542
iter   30 value -103.102859
iter   40 value -119.366040
iter   50 value -128.450173
iter   60 value -129.801397
iter   70 value -130.048533
iter   80 value -130.405664
final  value -130.406111 
converged
iter   10 value 23.146808
iter   20 value -84.497049
iter   30 value -105.901593
iter   40 value -106.066925
iter   50 value -129.280085
final  value -130.406110 
converged
iter   10 value 17.478200
iter   20 value -77.452601
iter   30 value -105.412115
iter   40 value -119.500608
iter   50 value -125.555762
iter   60 value -129.601880
final  value -130.406111 
converged
iter   10 value 25.686625
iter   20 value -93.023253
iter   30 value -105.828288
iter   40 value -114.954811
iter   50 value -129.236553
iter   60 value -130.406110
final  value -130.406110 
converged
iter   10 value 19.698744
iter   20 value -81.742692
iter   30 value -105.062880
iter   40 value -105.972010
iter   50 value -130.405948
final  value -130.406110 
stopped after 53 iterations
iter   10 value 7.522187
iter   20 value -100.397298
iter   30 value -106.039428
iter   40 value -107.498440
iter   50 value -120.537162
iter   60 value -130.404967
final  value -130.406111 
converged
iter   10 value 9.124290
iter   20 value -99.311644
iter   30 value -104.777431
iter   40 value -104.916851
iter   50 value -122.104904
iter   60 value -126.255461
iter   70 value -130.401768
final  value -130.406110 
converged
> # (2) AICc =
> 
> 
> 
> 
> 
> 
> 
> 
> save.image(file='Bornemann_FINAL_Elli_d18O_1.RData')
> 
> 
> 
> 
> modelURWNIdiagENVI
$converge
[1] "The model did not converge due to en error in L-BFGS-B. Reported estimates are not the maximum likelihood"

$modelName
[1] "Multivariate Random walk (R matrix with zero off-diagonal elements)"

$logL
[1] 130.4053

$AICc
[1] -251.9217

$ancestral.values
[1]  0.1529436 -4.0099382

$SE.anc
[1] NA

$R
             [,1]     [,2]
[1,] 0.0007296906 0.000000
[2,] 0.0000000000 6.023549

$SE.R
[1] NA

$method
[1] "Joint"

$K
[1] 4

$n
[1] 50

$iter
[1] 100

attr(,"class")
[1] "paleoTSfit"
> modelaccelNIdiagENVI
$converge
[1] "Model converged successfully"

$modelName
[1] "Multivariate Random walk with accelerating rate of evoluton (diagonal R matrix: no trait correlations)"

$logL
[1] 131.9371

$AICc
[1] -252.5105

$ancestral.values
[1]  0.1532952 -4.0098758

$SE.anc
[1] NA

$r
[1] 1.25604

$SE.r
[1] NA

$R
             [,1]     [,2]
[1,] 0.0004326167 0.000000
[2,] 0.0000000000 3.070562

$SE.R
[1] NA

$method
[1] "Joint"

$K
[1] 5

$n
[1] 50

$iter
[1] 100

attr(,"class")
[1] "paleoTSfit"
> modeldecelNIdiagENVI
$converge
[1] "The model did not converge due to en error in L-BFGS-B. Reported estimates are not the maximum likelihood"

$modelName
[1] "Multivariate Random walk with decelerating rate of evoluton (diagonal R matrix: no trait correlations)"

$logL
[1] 130.5481

$AICc
[1] -249.7326

$ancestral.values
[1]  0.1522845 -4.0109679

$SE.anc
[1] NA

$r
[1] -9.982735e-14

$SE.r
[1] NA

$R
             [,1]     [,2]
[1,] 0.0008507815 0.000000
[2,] 0.0000000000 6.539306

$SE.R
[1] NA

$method
[1] "Joint"

$K
[1] 5

$n
[1] 50

$iter
[1] 100

attr(,"class")
[1] "paleoTSfit"
> 

Job 8987106 consumed 0.1 billing hours from project nn8105k.

Submitted 2023-08-03T15:57:16; waited 0.0 seconds in the queue after becoming eligible to run.

Requested wallclock time: 1.5 days
Elapsed wallclock time:   8.9 minutes

Task and CPU statistics:
ID             CPUs  Tasks  CPU util                Start  Elapsed  Exit status
8987106           1            0.0 %  2023-08-03T15:57:16  533.0 s  0
8987106.batch     1      1    95.6 %  2023-08-03T15:57:16  533.0 s  0

Used CPU time:   8.5 CPU minutes
Unused CPU time: 23.3 CPU seconds

Memory statistics, in GiB:
ID              Alloc   Usage
8987106           3.0        
8987106.batch     3.0     0.2

Job 8987106 completed at Thu Aug 3 16:06:09 CEST 2023
